[2023-11-16T07:10:02.209+0000] {processor.py:157} INFO - Started process (PID=13382) to work on /opt/airflow/dags/data_ingestion_gcs_dag.py
[2023-11-16T07:10:02.239+0000] {processor.py:829} INFO - Processing file /opt/airflow/dags/data_ingestion_gcs_dag.py for tasks to queue
[2023-11-16T07:10:02.298+0000] {logging_mixin.py:151} INFO - [2023-11-16T07:10:02.278+0000] {dagbag.py:536} INFO - Filling up the DagBag from /opt/airflow/dags/data_ingestion_gcs_dag.py
[2023-11-16T07:10:02.771+0000] {processor.py:839} INFO - DAG(s) dict_keys(['data_ingestion_gcs_dag']) retrieved from /opt/airflow/dags/data_ingestion_gcs_dag.py
[2023-11-16T07:10:03.850+0000] {logging_mixin.py:151} INFO - [2023-11-16T07:10:03.850+0000] {dag.py:2941} INFO - Sync 1 DAGs
[2023-11-16T07:10:03.926+0000] {processor.py:179} INFO - Processing /opt/airflow/dags/data_ingestion_gcs_dag.py took 1.890 seconds
[2023-11-16T07:10:34.431+0000] {processor.py:157} INFO - Started process (PID=13412) to work on /opt/airflow/dags/data_ingestion_gcs_dag.py
[2023-11-16T07:10:34.432+0000] {processor.py:829} INFO - Processing file /opt/airflow/dags/data_ingestion_gcs_dag.py for tasks to queue
[2023-11-16T07:10:34.433+0000] {logging_mixin.py:151} INFO - [2023-11-16T07:10:34.433+0000] {dagbag.py:536} INFO - Filling up the DagBag from /opt/airflow/dags/data_ingestion_gcs_dag.py
[2023-11-16T07:10:34.464+0000] {processor.py:839} INFO - DAG(s) dict_keys(['data_ingestion_gcs_dag']) retrieved from /opt/airflow/dags/data_ingestion_gcs_dag.py
[2023-11-16T07:10:34.489+0000] {logging_mixin.py:151} INFO - [2023-11-16T07:10:34.488+0000] {dag.py:2941} INFO - Sync 1 DAGs
[2023-11-16T07:10:34.515+0000] {logging_mixin.py:151} INFO - [2023-11-16T07:10:34.515+0000] {dag.py:3722} INFO - Setting next_dagrun for data_ingestion_gcs_dag to 2023-11-15T00:00:00+00:00, run_after=2023-11-16T00:00:00+00:00
[2023-11-16T07:10:34.537+0000] {processor.py:179} INFO - Processing /opt/airflow/dags/data_ingestion_gcs_dag.py took 0.109 seconds
[2023-11-16T07:11:04.961+0000] {processor.py:157} INFO - Started process (PID=13431) to work on /opt/airflow/dags/data_ingestion_gcs_dag.py
[2023-11-16T07:11:04.962+0000] {processor.py:829} INFO - Processing file /opt/airflow/dags/data_ingestion_gcs_dag.py for tasks to queue
[2023-11-16T07:11:04.964+0000] {logging_mixin.py:151} INFO - [2023-11-16T07:11:04.963+0000] {dagbag.py:536} INFO - Filling up the DagBag from /opt/airflow/dags/data_ingestion_gcs_dag.py
[2023-11-16T07:11:05.008+0000] {processor.py:839} INFO - DAG(s) dict_keys(['data_ingestion_gcs_dag']) retrieved from /opt/airflow/dags/data_ingestion_gcs_dag.py
[2023-11-16T07:11:05.039+0000] {logging_mixin.py:151} INFO - [2023-11-16T07:11:05.039+0000] {dag.py:2941} INFO - Sync 1 DAGs
[2023-11-16T07:11:05.079+0000] {logging_mixin.py:151} INFO - [2023-11-16T07:11:05.078+0000] {dag.py:3722} INFO - Setting next_dagrun for data_ingestion_gcs_dag to 2023-11-15T00:00:00+00:00, run_after=2023-11-16T00:00:00+00:00
[2023-11-16T07:11:05.110+0000] {processor.py:179} INFO - Processing /opt/airflow/dags/data_ingestion_gcs_dag.py took 0.152 seconds
[2023-11-16T07:11:35.523+0000] {processor.py:157} INFO - Started process (PID=13458) to work on /opt/airflow/dags/data_ingestion_gcs_dag.py
[2023-11-16T07:11:35.525+0000] {processor.py:829} INFO - Processing file /opt/airflow/dags/data_ingestion_gcs_dag.py for tasks to queue
[2023-11-16T07:11:35.527+0000] {logging_mixin.py:151} INFO - [2023-11-16T07:11:35.526+0000] {dagbag.py:536} INFO - Filling up the DagBag from /opt/airflow/dags/data_ingestion_gcs_dag.py
[2023-11-16T07:11:35.580+0000] {processor.py:839} INFO - DAG(s) dict_keys(['data_ingestion_gcs_dag']) retrieved from /opt/airflow/dags/data_ingestion_gcs_dag.py
[2023-11-16T07:11:35.620+0000] {logging_mixin.py:151} INFO - [2023-11-16T07:11:35.620+0000] {dag.py:2941} INFO - Sync 1 DAGs
[2023-11-16T07:11:35.672+0000] {logging_mixin.py:151} INFO - [2023-11-16T07:11:35.671+0000] {dag.py:3722} INFO - Setting next_dagrun for data_ingestion_gcs_dag to 2023-11-15T00:00:00+00:00, run_after=2023-11-16T00:00:00+00:00
[2023-11-16T07:11:35.708+0000] {processor.py:179} INFO - Processing /opt/airflow/dags/data_ingestion_gcs_dag.py took 0.190 seconds
[2023-11-16T07:12:06.156+0000] {processor.py:157} INFO - Started process (PID=13476) to work on /opt/airflow/dags/data_ingestion_gcs_dag.py
[2023-11-16T07:12:06.158+0000] {processor.py:829} INFO - Processing file /opt/airflow/dags/data_ingestion_gcs_dag.py for tasks to queue
[2023-11-16T07:12:06.160+0000] {logging_mixin.py:151} INFO - [2023-11-16T07:12:06.159+0000] {dagbag.py:536} INFO - Filling up the DagBag from /opt/airflow/dags/data_ingestion_gcs_dag.py
[2023-11-16T07:12:06.212+0000] {processor.py:839} INFO - DAG(s) dict_keys(['data_ingestion_gcs_dag']) retrieved from /opt/airflow/dags/data_ingestion_gcs_dag.py
[2023-11-16T07:12:06.249+0000] {logging_mixin.py:151} INFO - [2023-11-16T07:12:06.248+0000] {dag.py:2941} INFO - Sync 1 DAGs
[2023-11-16T07:12:06.285+0000] {logging_mixin.py:151} INFO - [2023-11-16T07:12:06.285+0000] {dag.py:3722} INFO - Setting next_dagrun for data_ingestion_gcs_dag to 2023-11-15T00:00:00+00:00, run_after=2023-11-16T00:00:00+00:00
[2023-11-16T07:12:06.316+0000] {processor.py:179} INFO - Processing /opt/airflow/dags/data_ingestion_gcs_dag.py took 0.165 seconds
[2023-11-16T07:12:36.682+0000] {processor.py:157} INFO - Started process (PID=13494) to work on /opt/airflow/dags/data_ingestion_gcs_dag.py
[2023-11-16T07:12:36.684+0000] {processor.py:829} INFO - Processing file /opt/airflow/dags/data_ingestion_gcs_dag.py for tasks to queue
[2023-11-16T07:12:36.685+0000] {logging_mixin.py:151} INFO - [2023-11-16T07:12:36.685+0000] {dagbag.py:536} INFO - Filling up the DagBag from /opt/airflow/dags/data_ingestion_gcs_dag.py
[2023-11-16T07:12:36.733+0000] {processor.py:839} INFO - DAG(s) dict_keys(['data_ingestion_gcs_dag']) retrieved from /opt/airflow/dags/data_ingestion_gcs_dag.py
[2023-11-16T07:12:36.766+0000] {logging_mixin.py:151} INFO - [2023-11-16T07:12:36.765+0000] {dag.py:2941} INFO - Sync 1 DAGs
[2023-11-16T07:12:36.800+0000] {logging_mixin.py:151} INFO - [2023-11-16T07:12:36.800+0000] {dag.py:3722} INFO - Setting next_dagrun for data_ingestion_gcs_dag to 2023-11-15T00:00:00+00:00, run_after=2023-11-16T00:00:00+00:00
[2023-11-16T07:12:36.829+0000] {processor.py:179} INFO - Processing /opt/airflow/dags/data_ingestion_gcs_dag.py took 0.151 seconds
[2023-11-16T07:13:07.069+0000] {processor.py:157} INFO - Started process (PID=13520) to work on /opt/airflow/dags/data_ingestion_gcs_dag.py
[2023-11-16T07:13:07.070+0000] {processor.py:829} INFO - Processing file /opt/airflow/dags/data_ingestion_gcs_dag.py for tasks to queue
[2023-11-16T07:13:07.072+0000] {logging_mixin.py:151} INFO - [2023-11-16T07:13:07.072+0000] {dagbag.py:536} INFO - Filling up the DagBag from /opt/airflow/dags/data_ingestion_gcs_dag.py
[2023-11-16T07:13:07.119+0000] {processor.py:839} INFO - DAG(s) dict_keys(['data_ingestion_gcs_dag']) retrieved from /opt/airflow/dags/data_ingestion_gcs_dag.py
[2023-11-16T07:13:07.157+0000] {logging_mixin.py:151} INFO - [2023-11-16T07:13:07.157+0000] {dag.py:2941} INFO - Sync 1 DAGs
[2023-11-16T07:13:07.193+0000] {logging_mixin.py:151} INFO - [2023-11-16T07:13:07.193+0000] {dag.py:3722} INFO - Setting next_dagrun for data_ingestion_gcs_dag to 2023-11-15T00:00:00+00:00, run_after=2023-11-16T00:00:00+00:00
[2023-11-16T07:13:07.234+0000] {processor.py:179} INFO - Processing /opt/airflow/dags/data_ingestion_gcs_dag.py took 0.170 seconds
[2023-11-16T07:13:37.655+0000] {processor.py:157} INFO - Started process (PID=13538) to work on /opt/airflow/dags/data_ingestion_gcs_dag.py
[2023-11-16T07:13:37.657+0000] {processor.py:829} INFO - Processing file /opt/airflow/dags/data_ingestion_gcs_dag.py for tasks to queue
[2023-11-16T07:13:37.658+0000] {logging_mixin.py:151} INFO - [2023-11-16T07:13:37.658+0000] {dagbag.py:536} INFO - Filling up the DagBag from /opt/airflow/dags/data_ingestion_gcs_dag.py
[2023-11-16T07:13:37.708+0000] {processor.py:839} INFO - DAG(s) dict_keys(['data_ingestion_gcs_dag']) retrieved from /opt/airflow/dags/data_ingestion_gcs_dag.py
[2023-11-16T07:13:37.744+0000] {logging_mixin.py:151} INFO - [2023-11-16T07:13:37.744+0000] {dag.py:2941} INFO - Sync 1 DAGs
[2023-11-16T07:13:37.780+0000] {logging_mixin.py:151} INFO - [2023-11-16T07:13:37.780+0000] {dag.py:3722} INFO - Setting next_dagrun for data_ingestion_gcs_dag to 2023-11-15T00:00:00+00:00, run_after=2023-11-16T00:00:00+00:00
[2023-11-16T07:13:37.809+0000] {processor.py:179} INFO - Processing /opt/airflow/dags/data_ingestion_gcs_dag.py took 0.158 seconds
[2023-11-16T07:14:08.062+0000] {processor.py:157} INFO - Started process (PID=13556) to work on /opt/airflow/dags/data_ingestion_gcs_dag.py
[2023-11-16T07:14:08.064+0000] {processor.py:829} INFO - Processing file /opt/airflow/dags/data_ingestion_gcs_dag.py for tasks to queue
[2023-11-16T07:14:08.065+0000] {logging_mixin.py:151} INFO - [2023-11-16T07:14:08.065+0000] {dagbag.py:536} INFO - Filling up the DagBag from /opt/airflow/dags/data_ingestion_gcs_dag.py
[2023-11-16T07:14:08.118+0000] {processor.py:839} INFO - DAG(s) dict_keys(['data_ingestion_gcs_dag']) retrieved from /opt/airflow/dags/data_ingestion_gcs_dag.py
[2023-11-16T07:14:08.162+0000] {logging_mixin.py:151} INFO - [2023-11-16T07:14:08.162+0000] {dag.py:2941} INFO - Sync 1 DAGs
[2023-11-16T07:14:08.203+0000] {logging_mixin.py:151} INFO - [2023-11-16T07:14:08.203+0000] {dag.py:3722} INFO - Setting next_dagrun for data_ingestion_gcs_dag to 2023-11-15T00:00:00+00:00, run_after=2023-11-16T00:00:00+00:00
[2023-11-16T07:14:08.233+0000] {processor.py:179} INFO - Processing /opt/airflow/dags/data_ingestion_gcs_dag.py took 0.176 seconds
[2023-11-16T07:14:38.635+0000] {processor.py:157} INFO - Started process (PID=13582) to work on /opt/airflow/dags/data_ingestion_gcs_dag.py
[2023-11-16T07:14:38.637+0000] {processor.py:829} INFO - Processing file /opt/airflow/dags/data_ingestion_gcs_dag.py for tasks to queue
[2023-11-16T07:14:38.639+0000] {logging_mixin.py:151} INFO - [2023-11-16T07:14:38.638+0000] {dagbag.py:536} INFO - Filling up the DagBag from /opt/airflow/dags/data_ingestion_gcs_dag.py
[2023-11-16T07:14:38.684+0000] {processor.py:839} INFO - DAG(s) dict_keys(['data_ingestion_gcs_dag']) retrieved from /opt/airflow/dags/data_ingestion_gcs_dag.py
[2023-11-16T07:14:38.719+0000] {logging_mixin.py:151} INFO - [2023-11-16T07:14:38.718+0000] {dag.py:2941} INFO - Sync 1 DAGs
[2023-11-16T07:14:38.752+0000] {logging_mixin.py:151} INFO - [2023-11-16T07:14:38.752+0000] {dag.py:3722} INFO - Setting next_dagrun for data_ingestion_gcs_dag to 2023-11-15T00:00:00+00:00, run_after=2023-11-16T00:00:00+00:00
[2023-11-16T07:14:38.781+0000] {processor.py:179} INFO - Processing /opt/airflow/dags/data_ingestion_gcs_dag.py took 0.150 seconds
[2023-11-16T07:15:09.253+0000] {processor.py:157} INFO - Started process (PID=13600) to work on /opt/airflow/dags/data_ingestion_gcs_dag.py
[2023-11-16T07:15:09.255+0000] {processor.py:829} INFO - Processing file /opt/airflow/dags/data_ingestion_gcs_dag.py for tasks to queue
[2023-11-16T07:15:09.257+0000] {logging_mixin.py:151} INFO - [2023-11-16T07:15:09.257+0000] {dagbag.py:536} INFO - Filling up the DagBag from /opt/airflow/dags/data_ingestion_gcs_dag.py
[2023-11-16T07:15:09.307+0000] {processor.py:839} INFO - DAG(s) dict_keys(['data_ingestion_gcs_dag']) retrieved from /opt/airflow/dags/data_ingestion_gcs_dag.py
[2023-11-16T07:15:09.341+0000] {logging_mixin.py:151} INFO - [2023-11-16T07:15:09.341+0000] {dag.py:2941} INFO - Sync 1 DAGs
[2023-11-16T07:15:09.380+0000] {logging_mixin.py:151} INFO - [2023-11-16T07:15:09.380+0000] {dag.py:3722} INFO - Setting next_dagrun for data_ingestion_gcs_dag to 2023-11-15T00:00:00+00:00, run_after=2023-11-16T00:00:00+00:00
[2023-11-16T07:15:09.409+0000] {processor.py:179} INFO - Processing /opt/airflow/dags/data_ingestion_gcs_dag.py took 0.160 seconds
[2023-11-16T07:22:56.082+0000] {processor.py:157} INFO - Started process (PID=13617) to work on /opt/airflow/dags/data_ingestion_gcs_dag.py
[2023-11-16T07:22:56.083+0000] {processor.py:829} INFO - Processing file /opt/airflow/dags/data_ingestion_gcs_dag.py for tasks to queue
[2023-11-16T07:22:56.085+0000] {logging_mixin.py:151} INFO - [2023-11-16T07:22:56.084+0000] {dagbag.py:536} INFO - Filling up the DagBag from /opt/airflow/dags/data_ingestion_gcs_dag.py
[2023-11-16T07:22:56.115+0000] {processor.py:839} INFO - DAG(s) dict_keys(['data_ingestion_gcs_dag']) retrieved from /opt/airflow/dags/data_ingestion_gcs_dag.py
[2023-11-16T07:22:56.138+0000] {logging_mixin.py:151} INFO - [2023-11-16T07:22:56.137+0000] {dag.py:2941} INFO - Sync 1 DAGs
[2023-11-16T07:22:56.166+0000] {logging_mixin.py:151} INFO - [2023-11-16T07:22:56.166+0000] {dag.py:3722} INFO - Setting next_dagrun for data_ingestion_gcs_dag to 2023-11-15T00:00:00+00:00, run_after=2023-11-16T00:00:00+00:00
[2023-11-16T07:22:56.204+0000] {processor.py:179} INFO - Processing /opt/airflow/dags/data_ingestion_gcs_dag.py took 0.125 seconds
[2023-11-16T07:23:26.690+0000] {processor.py:157} INFO - Started process (PID=13635) to work on /opt/airflow/dags/data_ingestion_gcs_dag.py
[2023-11-16T07:23:26.692+0000] {processor.py:829} INFO - Processing file /opt/airflow/dags/data_ingestion_gcs_dag.py for tasks to queue
[2023-11-16T07:23:26.694+0000] {logging_mixin.py:151} INFO - [2023-11-16T07:23:26.694+0000] {dagbag.py:536} INFO - Filling up the DagBag from /opt/airflow/dags/data_ingestion_gcs_dag.py
[2023-11-16T07:23:26.748+0000] {processor.py:839} INFO - DAG(s) dict_keys(['data_ingestion_gcs_dag']) retrieved from /opt/airflow/dags/data_ingestion_gcs_dag.py
[2023-11-16T07:23:26.788+0000] {logging_mixin.py:151} INFO - [2023-11-16T07:23:26.788+0000] {dag.py:2941} INFO - Sync 1 DAGs
[2023-11-16T07:23:26.824+0000] {logging_mixin.py:151} INFO - [2023-11-16T07:23:26.823+0000] {dag.py:3722} INFO - Setting next_dagrun for data_ingestion_gcs_dag to 2023-11-15T00:00:00+00:00, run_after=2023-11-16T00:00:00+00:00
[2023-11-16T07:23:26.855+0000] {processor.py:179} INFO - Processing /opt/airflow/dags/data_ingestion_gcs_dag.py took 0.169 seconds
[2023-11-16T07:23:57.249+0000] {processor.py:157} INFO - Started process (PID=13661) to work on /opt/airflow/dags/data_ingestion_gcs_dag.py
[2023-11-16T07:23:57.250+0000] {processor.py:829} INFO - Processing file /opt/airflow/dags/data_ingestion_gcs_dag.py for tasks to queue
[2023-11-16T07:23:57.251+0000] {logging_mixin.py:151} INFO - [2023-11-16T07:23:57.251+0000] {dagbag.py:536} INFO - Filling up the DagBag from /opt/airflow/dags/data_ingestion_gcs_dag.py
[2023-11-16T07:23:57.285+0000] {processor.py:839} INFO - DAG(s) dict_keys(['data_ingestion_gcs_dag']) retrieved from /opt/airflow/dags/data_ingestion_gcs_dag.py
[2023-11-16T07:23:57.311+0000] {logging_mixin.py:151} INFO - [2023-11-16T07:23:57.311+0000] {dag.py:2941} INFO - Sync 1 DAGs
[2023-11-16T07:23:57.337+0000] {logging_mixin.py:151} INFO - [2023-11-16T07:23:57.337+0000] {dag.py:3722} INFO - Setting next_dagrun for data_ingestion_gcs_dag to 2023-11-15T00:00:00+00:00, run_after=2023-11-16T00:00:00+00:00
[2023-11-16T07:23:57.364+0000] {processor.py:179} INFO - Processing /opt/airflow/dags/data_ingestion_gcs_dag.py took 0.119 seconds
[2023-11-16T07:24:27.621+0000] {processor.py:157} INFO - Started process (PID=13680) to work on /opt/airflow/dags/data_ingestion_gcs_dag.py
[2023-11-16T07:24:27.622+0000] {processor.py:829} INFO - Processing file /opt/airflow/dags/data_ingestion_gcs_dag.py for tasks to queue
[2023-11-16T07:24:27.624+0000] {logging_mixin.py:151} INFO - [2023-11-16T07:24:27.624+0000] {dagbag.py:536} INFO - Filling up the DagBag from /opt/airflow/dags/data_ingestion_gcs_dag.py
[2023-11-16T07:24:27.663+0000] {processor.py:839} INFO - DAG(s) dict_keys(['data_ingestion_gcs_dag']) retrieved from /opt/airflow/dags/data_ingestion_gcs_dag.py
[2023-11-16T07:24:27.689+0000] {logging_mixin.py:151} INFO - [2023-11-16T07:24:27.689+0000] {dag.py:2941} INFO - Sync 1 DAGs
[2023-11-16T07:24:27.723+0000] {logging_mixin.py:151} INFO - [2023-11-16T07:24:27.723+0000] {dag.py:3722} INFO - Setting next_dagrun for data_ingestion_gcs_dag to 2023-11-15T00:00:00+00:00, run_after=2023-11-16T00:00:00+00:00
[2023-11-16T07:24:27.757+0000] {processor.py:179} INFO - Processing /opt/airflow/dags/data_ingestion_gcs_dag.py took 0.141 seconds
[2023-11-16T07:24:58.064+0000] {processor.py:157} INFO - Started process (PID=13699) to work on /opt/airflow/dags/data_ingestion_gcs_dag.py
[2023-11-16T07:24:58.066+0000] {processor.py:829} INFO - Processing file /opt/airflow/dags/data_ingestion_gcs_dag.py for tasks to queue
[2023-11-16T07:24:58.068+0000] {logging_mixin.py:151} INFO - [2023-11-16T07:24:58.067+0000] {dagbag.py:536} INFO - Filling up the DagBag from /opt/airflow/dags/data_ingestion_gcs_dag.py
[2023-11-16T07:24:58.109+0000] {processor.py:839} INFO - DAG(s) dict_keys(['data_ingestion_gcs_dag']) retrieved from /opt/airflow/dags/data_ingestion_gcs_dag.py
[2023-11-16T07:24:58.149+0000] {logging_mixin.py:151} INFO - [2023-11-16T07:24:58.149+0000] {dag.py:2941} INFO - Sync 1 DAGs
[2023-11-16T07:24:58.184+0000] {logging_mixin.py:151} INFO - [2023-11-16T07:24:58.184+0000] {dag.py:3722} INFO - Setting next_dagrun for data_ingestion_gcs_dag to 2023-11-15T00:00:00+00:00, run_after=2023-11-16T00:00:00+00:00
[2023-11-16T07:24:58.222+0000] {processor.py:179} INFO - Processing /opt/airflow/dags/data_ingestion_gcs_dag.py took 0.162 seconds
[2023-11-16T07:25:28.468+0000] {processor.py:157} INFO - Started process (PID=13725) to work on /opt/airflow/dags/data_ingestion_gcs_dag.py
[2023-11-16T07:25:28.470+0000] {processor.py:829} INFO - Processing file /opt/airflow/dags/data_ingestion_gcs_dag.py for tasks to queue
[2023-11-16T07:25:28.472+0000] {logging_mixin.py:151} INFO - [2023-11-16T07:25:28.471+0000] {dagbag.py:536} INFO - Filling up the DagBag from /opt/airflow/dags/data_ingestion_gcs_dag.py
[2023-11-16T07:25:28.525+0000] {processor.py:839} INFO - DAG(s) dict_keys(['data_ingestion_gcs_dag']) retrieved from /opt/airflow/dags/data_ingestion_gcs_dag.py
[2023-11-16T07:25:28.559+0000] {logging_mixin.py:151} INFO - [2023-11-16T07:25:28.558+0000] {dag.py:2941} INFO - Sync 1 DAGs
[2023-11-16T07:25:28.592+0000] {logging_mixin.py:151} INFO - [2023-11-16T07:25:28.591+0000] {dag.py:3722} INFO - Setting next_dagrun for data_ingestion_gcs_dag to 2023-11-15T00:00:00+00:00, run_after=2023-11-16T00:00:00+00:00
[2023-11-16T07:25:28.621+0000] {processor.py:179} INFO - Processing /opt/airflow/dags/data_ingestion_gcs_dag.py took 0.157 seconds
[2023-11-16T07:25:58.955+0000] {processor.py:157} INFO - Started process (PID=13743) to work on /opt/airflow/dags/data_ingestion_gcs_dag.py
[2023-11-16T07:25:58.956+0000] {processor.py:829} INFO - Processing file /opt/airflow/dags/data_ingestion_gcs_dag.py for tasks to queue
[2023-11-16T07:25:58.958+0000] {logging_mixin.py:151} INFO - [2023-11-16T07:25:58.958+0000] {dagbag.py:536} INFO - Filling up the DagBag from /opt/airflow/dags/data_ingestion_gcs_dag.py
[2023-11-16T07:25:59.007+0000] {processor.py:839} INFO - DAG(s) dict_keys(['data_ingestion_gcs_dag']) retrieved from /opt/airflow/dags/data_ingestion_gcs_dag.py
[2023-11-16T07:25:59.039+0000] {logging_mixin.py:151} INFO - [2023-11-16T07:25:59.039+0000] {dag.py:2941} INFO - Sync 1 DAGs
[2023-11-16T07:25:59.085+0000] {logging_mixin.py:151} INFO - [2023-11-16T07:25:59.085+0000] {dag.py:3722} INFO - Setting next_dagrun for data_ingestion_gcs_dag to 2023-11-15T00:00:00+00:00, run_after=2023-11-16T00:00:00+00:00
[2023-11-16T07:25:59.126+0000] {processor.py:179} INFO - Processing /opt/airflow/dags/data_ingestion_gcs_dag.py took 0.175 seconds
[2023-11-16T07:30:05.447+0000] {processor.py:157} INFO - Started process (PID=13770) to work on /opt/airflow/dags/data_ingestion_gcs_dag.py
[2023-11-16T07:30:05.456+0000] {processor.py:829} INFO - Processing file /opt/airflow/dags/data_ingestion_gcs_dag.py for tasks to queue
[2023-11-16T07:30:05.468+0000] {logging_mixin.py:151} INFO - [2023-11-16T07:30:05.467+0000] {dagbag.py:536} INFO - Filling up the DagBag from /opt/airflow/dags/data_ingestion_gcs_dag.py
[2023-11-16T07:30:05.544+0000] {processor.py:839} INFO - DAG(s) dict_keys(['data_ingestion_gcs_dag']) retrieved from /opt/airflow/dags/data_ingestion_gcs_dag.py
[2023-11-16T07:30:05.598+0000] {logging_mixin.py:151} INFO - [2023-11-16T07:30:05.598+0000] {dag.py:2941} INFO - Sync 1 DAGs
[2023-11-16T07:30:05.652+0000] {logging_mixin.py:151} INFO - [2023-11-16T07:30:05.652+0000] {dag.py:3722} INFO - Setting next_dagrun for data_ingestion_gcs_dag to 2023-11-15T00:00:00+00:00, run_after=2023-11-16T00:00:00+00:00
[2023-11-16T07:30:05.695+0000] {processor.py:179} INFO - Processing /opt/airflow/dags/data_ingestion_gcs_dag.py took 0.255 seconds
[2023-11-16T07:30:36.178+0000] {processor.py:157} INFO - Started process (PID=13788) to work on /opt/airflow/dags/data_ingestion_gcs_dag.py
[2023-11-16T07:30:36.341+0000] {processor.py:829} INFO - Processing file /opt/airflow/dags/data_ingestion_gcs_dag.py for tasks to queue
[2023-11-16T07:30:36.441+0000] {logging_mixin.py:151} INFO - [2023-11-16T07:30:36.439+0000] {dagbag.py:536} INFO - Filling up the DagBag from /opt/airflow/dags/data_ingestion_gcs_dag.py
[2023-11-16T07:30:36.609+0000] {processor.py:839} INFO - DAG(s) dict_keys(['data_ingestion_gcs_dag']) retrieved from /opt/airflow/dags/data_ingestion_gcs_dag.py
[2023-11-16T07:30:36.647+0000] {logging_mixin.py:151} INFO - [2023-11-16T07:30:36.647+0000] {dag.py:2941} INFO - Sync 1 DAGs
[2023-11-16T07:30:36.692+0000] {logging_mixin.py:151} INFO - [2023-11-16T07:30:36.691+0000] {dag.py:3722} INFO - Setting next_dagrun for data_ingestion_gcs_dag to 2023-11-15T00:00:00+00:00, run_after=2023-11-16T00:00:00+00:00
[2023-11-16T07:30:36.844+0000] {processor.py:179} INFO - Processing /opt/airflow/dags/data_ingestion_gcs_dag.py took 0.675 seconds
[2023-11-16T21:15:03.209+0000] {processor.py:157} INFO - Started process (PID=13806) to work on /opt/airflow/dags/data_ingestion_gcs_dag.py
[2023-11-16T21:15:03.211+0000] {processor.py:829} INFO - Processing file /opt/airflow/dags/data_ingestion_gcs_dag.py for tasks to queue
[2023-11-16T21:15:03.213+0000] {logging_mixin.py:151} INFO - [2023-11-16T21:15:03.212+0000] {dagbag.py:536} INFO - Filling up the DagBag from /opt/airflow/dags/data_ingestion_gcs_dag.py
[2023-11-16T21:15:03.260+0000] {processor.py:839} INFO - DAG(s) dict_keys(['data_ingestion_gcs_dag']) retrieved from /opt/airflow/dags/data_ingestion_gcs_dag.py
[2023-11-16T21:15:03.293+0000] {logging_mixin.py:151} INFO - [2023-11-16T21:15:03.293+0000] {dag.py:2941} INFO - Sync 1 DAGs
[2023-11-16T21:15:03.329+0000] {logging_mixin.py:151} INFO - [2023-11-16T21:15:03.328+0000] {dag.py:3722} INFO - Setting next_dagrun for data_ingestion_gcs_dag to 2023-11-15T00:00:00+00:00, run_after=2023-11-16T00:00:00+00:00
[2023-11-16T21:15:03.364+0000] {processor.py:179} INFO - Processing /opt/airflow/dags/data_ingestion_gcs_dag.py took 0.160 seconds
[2023-11-16T21:15:33.571+0000] {processor.py:157} INFO - Started process (PID=13833) to work on /opt/airflow/dags/data_ingestion_gcs_dag.py
[2023-11-16T21:15:33.573+0000] {processor.py:829} INFO - Processing file /opt/airflow/dags/data_ingestion_gcs_dag.py for tasks to queue
[2023-11-16T21:15:33.574+0000] {logging_mixin.py:151} INFO - [2023-11-16T21:15:33.574+0000] {dagbag.py:536} INFO - Filling up the DagBag from /opt/airflow/dags/data_ingestion_gcs_dag.py
[2023-11-16T21:15:33.620+0000] {processor.py:839} INFO - DAG(s) dict_keys(['data_ingestion_gcs_dag']) retrieved from /opt/airflow/dags/data_ingestion_gcs_dag.py
[2023-11-16T21:15:33.657+0000] {logging_mixin.py:151} INFO - [2023-11-16T21:15:33.657+0000] {dag.py:2941} INFO - Sync 1 DAGs
[2023-11-16T21:15:33.699+0000] {logging_mixin.py:151} INFO - [2023-11-16T21:15:33.698+0000] {dag.py:3722} INFO - Setting next_dagrun for data_ingestion_gcs_dag to 2023-11-15T00:00:00+00:00, run_after=2023-11-16T00:00:00+00:00
[2023-11-16T21:15:33.732+0000] {processor.py:179} INFO - Processing /opt/airflow/dags/data_ingestion_gcs_dag.py took 0.164 seconds
[2023-11-16T21:16:04.000+0000] {processor.py:157} INFO - Started process (PID=13851) to work on /opt/airflow/dags/data_ingestion_gcs_dag.py
[2023-11-16T21:16:04.002+0000] {processor.py:829} INFO - Processing file /opt/airflow/dags/data_ingestion_gcs_dag.py for tasks to queue
[2023-11-16T21:16:04.003+0000] {logging_mixin.py:151} INFO - [2023-11-16T21:16:04.003+0000] {dagbag.py:536} INFO - Filling up the DagBag from /opt/airflow/dags/data_ingestion_gcs_dag.py
[2023-11-16T21:16:04.046+0000] {processor.py:839} INFO - DAG(s) dict_keys(['data_ingestion_gcs_dag']) retrieved from /opt/airflow/dags/data_ingestion_gcs_dag.py
[2023-11-16T21:16:04.078+0000] {logging_mixin.py:151} INFO - [2023-11-16T21:16:04.078+0000] {dag.py:2941} INFO - Sync 1 DAGs
[2023-11-16T21:16:04.112+0000] {logging_mixin.py:151} INFO - [2023-11-16T21:16:04.112+0000] {dag.py:3722} INFO - Setting next_dagrun for data_ingestion_gcs_dag to 2023-11-15T00:00:00+00:00, run_after=2023-11-16T00:00:00+00:00
[2023-11-16T21:16:04.139+0000] {processor.py:179} INFO - Processing /opt/airflow/dags/data_ingestion_gcs_dag.py took 0.142 seconds
[2023-11-16T21:16:34.541+0000] {processor.py:157} INFO - Started process (PID=13868) to work on /opt/airflow/dags/data_ingestion_gcs_dag.py
[2023-11-16T21:16:34.542+0000] {processor.py:829} INFO - Processing file /opt/airflow/dags/data_ingestion_gcs_dag.py for tasks to queue
[2023-11-16T21:16:34.544+0000] {logging_mixin.py:151} INFO - [2023-11-16T21:16:34.544+0000] {dagbag.py:536} INFO - Filling up the DagBag from /opt/airflow/dags/data_ingestion_gcs_dag.py
[2023-11-16T21:16:34.595+0000] {processor.py:839} INFO - DAG(s) dict_keys(['data_ingestion_gcs_dag']) retrieved from /opt/airflow/dags/data_ingestion_gcs_dag.py
[2023-11-16T21:16:34.632+0000] {logging_mixin.py:151} INFO - [2023-11-16T21:16:34.632+0000] {dag.py:2941} INFO - Sync 1 DAGs
[2023-11-16T21:16:34.672+0000] {logging_mixin.py:151} INFO - [2023-11-16T21:16:34.672+0000] {dag.py:3722} INFO - Setting next_dagrun for data_ingestion_gcs_dag to 2023-11-15T00:00:00+00:00, run_after=2023-11-16T00:00:00+00:00
[2023-11-16T21:16:34.705+0000] {processor.py:179} INFO - Processing /opt/airflow/dags/data_ingestion_gcs_dag.py took 0.169 seconds
[2023-11-16T21:17:05.088+0000] {processor.py:157} INFO - Started process (PID=13894) to work on /opt/airflow/dags/data_ingestion_gcs_dag.py
[2023-11-16T21:17:05.090+0000] {processor.py:829} INFO - Processing file /opt/airflow/dags/data_ingestion_gcs_dag.py for tasks to queue
[2023-11-16T21:17:05.092+0000] {logging_mixin.py:151} INFO - [2023-11-16T21:17:05.092+0000] {dagbag.py:536} INFO - Filling up the DagBag from /opt/airflow/dags/data_ingestion_gcs_dag.py
[2023-11-16T21:17:05.148+0000] {processor.py:839} INFO - DAG(s) dict_keys(['data_ingestion_gcs_dag']) retrieved from /opt/airflow/dags/data_ingestion_gcs_dag.py
[2023-11-16T21:17:05.191+0000] {logging_mixin.py:151} INFO - [2023-11-16T21:17:05.190+0000] {dag.py:2941} INFO - Sync 1 DAGs
[2023-11-16T21:17:05.236+0000] {logging_mixin.py:151} INFO - [2023-11-16T21:17:05.236+0000] {dag.py:3722} INFO - Setting next_dagrun for data_ingestion_gcs_dag to 2023-11-15T00:00:00+00:00, run_after=2023-11-16T00:00:00+00:00
[2023-11-16T21:17:05.269+0000] {processor.py:179} INFO - Processing /opt/airflow/dags/data_ingestion_gcs_dag.py took 0.188 seconds
[2023-11-16T21:17:35.648+0000] {processor.py:157} INFO - Started process (PID=13912) to work on /opt/airflow/dags/data_ingestion_gcs_dag.py
[2023-11-16T21:17:35.650+0000] {processor.py:829} INFO - Processing file /opt/airflow/dags/data_ingestion_gcs_dag.py for tasks to queue
[2023-11-16T21:17:35.651+0000] {logging_mixin.py:151} INFO - [2023-11-16T21:17:35.651+0000] {dagbag.py:536} INFO - Filling up the DagBag from /opt/airflow/dags/data_ingestion_gcs_dag.py
[2023-11-16T21:17:35.700+0000] {processor.py:839} INFO - DAG(s) dict_keys(['data_ingestion_gcs_dag']) retrieved from /opt/airflow/dags/data_ingestion_gcs_dag.py
[2023-11-16T21:17:35.744+0000] {logging_mixin.py:151} INFO - [2023-11-16T21:17:35.744+0000] {dag.py:2941} INFO - Sync 1 DAGs
[2023-11-16T21:17:35.781+0000] {logging_mixin.py:151} INFO - [2023-11-16T21:17:35.780+0000] {dag.py:3722} INFO - Setting next_dagrun for data_ingestion_gcs_dag to 2023-11-15T00:00:00+00:00, run_after=2023-11-16T00:00:00+00:00
[2023-11-16T21:17:35.818+0000] {processor.py:179} INFO - Processing /opt/airflow/dags/data_ingestion_gcs_dag.py took 0.175 seconds
[2023-11-16T21:18:05.998+0000] {processor.py:157} INFO - Started process (PID=13930) to work on /opt/airflow/dags/data_ingestion_gcs_dag.py
[2023-11-16T21:18:06.000+0000] {processor.py:829} INFO - Processing file /opt/airflow/dags/data_ingestion_gcs_dag.py for tasks to queue
[2023-11-16T21:18:06.002+0000] {logging_mixin.py:151} INFO - [2023-11-16T21:18:06.001+0000] {dagbag.py:536} INFO - Filling up the DagBag from /opt/airflow/dags/data_ingestion_gcs_dag.py
[2023-11-16T21:18:06.054+0000] {processor.py:839} INFO - DAG(s) dict_keys(['data_ingestion_gcs_dag']) retrieved from /opt/airflow/dags/data_ingestion_gcs_dag.py
[2023-11-16T21:18:06.096+0000] {logging_mixin.py:151} INFO - [2023-11-16T21:18:06.095+0000] {dag.py:2941} INFO - Sync 1 DAGs
[2023-11-16T21:18:06.134+0000] {logging_mixin.py:151} INFO - [2023-11-16T21:18:06.134+0000] {dag.py:3722} INFO - Setting next_dagrun for data_ingestion_gcs_dag to 2023-11-15T00:00:00+00:00, run_after=2023-11-16T00:00:00+00:00
[2023-11-16T21:18:06.164+0000] {processor.py:179} INFO - Processing /opt/airflow/dags/data_ingestion_gcs_dag.py took 0.171 seconds
[2023-11-16T21:18:36.546+0000] {processor.py:157} INFO - Started process (PID=13957) to work on /opt/airflow/dags/data_ingestion_gcs_dag.py
[2023-11-16T21:18:36.548+0000] {processor.py:829} INFO - Processing file /opt/airflow/dags/data_ingestion_gcs_dag.py for tasks to queue
[2023-11-16T21:18:36.549+0000] {logging_mixin.py:151} INFO - [2023-11-16T21:18:36.549+0000] {dagbag.py:536} INFO - Filling up the DagBag from /opt/airflow/dags/data_ingestion_gcs_dag.py
[2023-11-16T21:18:36.604+0000] {processor.py:839} INFO - DAG(s) dict_keys(['data_ingestion_gcs_dag']) retrieved from /opt/airflow/dags/data_ingestion_gcs_dag.py
[2023-11-16T21:18:36.649+0000] {logging_mixin.py:151} INFO - [2023-11-16T21:18:36.649+0000] {dag.py:2941} INFO - Sync 1 DAGs
[2023-11-16T21:18:36.686+0000] {logging_mixin.py:151} INFO - [2023-11-16T21:18:36.685+0000] {dag.py:3722} INFO - Setting next_dagrun for data_ingestion_gcs_dag to 2023-11-15T00:00:00+00:00, run_after=2023-11-16T00:00:00+00:00
[2023-11-16T21:18:36.718+0000] {processor.py:179} INFO - Processing /opt/airflow/dags/data_ingestion_gcs_dag.py took 0.177 seconds
[2023-11-16T21:19:07.118+0000] {processor.py:157} INFO - Started process (PID=13975) to work on /opt/airflow/dags/data_ingestion_gcs_dag.py
[2023-11-16T21:19:07.119+0000] {processor.py:829} INFO - Processing file /opt/airflow/dags/data_ingestion_gcs_dag.py for tasks to queue
[2023-11-16T21:19:07.121+0000] {logging_mixin.py:151} INFO - [2023-11-16T21:19:07.120+0000] {dagbag.py:536} INFO - Filling up the DagBag from /opt/airflow/dags/data_ingestion_gcs_dag.py
[2023-11-16T21:19:07.172+0000] {processor.py:839} INFO - DAG(s) dict_keys(['data_ingestion_gcs_dag']) retrieved from /opt/airflow/dags/data_ingestion_gcs_dag.py
[2023-11-16T21:19:07.207+0000] {logging_mixin.py:151} INFO - [2023-11-16T21:19:07.207+0000] {dag.py:2941} INFO - Sync 1 DAGs
[2023-11-16T21:19:07.247+0000] {logging_mixin.py:151} INFO - [2023-11-16T21:19:07.247+0000] {dag.py:3722} INFO - Setting next_dagrun for data_ingestion_gcs_dag to 2023-11-15T00:00:00+00:00, run_after=2023-11-16T00:00:00+00:00
[2023-11-16T21:19:07.289+0000] {processor.py:179} INFO - Processing /opt/airflow/dags/data_ingestion_gcs_dag.py took 0.175 seconds
[2023-11-16T21:19:37.517+0000] {processor.py:157} INFO - Started process (PID=14001) to work on /opt/airflow/dags/data_ingestion_gcs_dag.py
[2023-11-16T21:19:37.519+0000] {processor.py:829} INFO - Processing file /opt/airflow/dags/data_ingestion_gcs_dag.py for tasks to queue
[2023-11-16T21:19:37.522+0000] {logging_mixin.py:151} INFO - [2023-11-16T21:19:37.521+0000] {dagbag.py:536} INFO - Filling up the DagBag from /opt/airflow/dags/data_ingestion_gcs_dag.py
[2023-11-16T21:19:37.584+0000] {processor.py:839} INFO - DAG(s) dict_keys(['data_ingestion_gcs_dag']) retrieved from /opt/airflow/dags/data_ingestion_gcs_dag.py
[2023-11-16T21:19:37.627+0000] {logging_mixin.py:151} INFO - [2023-11-16T21:19:37.626+0000] {dag.py:2941} INFO - Sync 1 DAGs
[2023-11-16T21:19:37.678+0000] {logging_mixin.py:151} INFO - [2023-11-16T21:19:37.678+0000] {dag.py:3722} INFO - Setting next_dagrun for data_ingestion_gcs_dag to 2023-11-15T00:00:00+00:00, run_after=2023-11-16T00:00:00+00:00
[2023-11-16T21:19:37.720+0000] {processor.py:179} INFO - Processing /opt/airflow/dags/data_ingestion_gcs_dag.py took 0.208 seconds
[2023-11-16T21:20:08.250+0000] {processor.py:157} INFO - Started process (PID=14019) to work on /opt/airflow/dags/data_ingestion_gcs_dag.py
[2023-11-16T21:20:08.252+0000] {processor.py:829} INFO - Processing file /opt/airflow/dags/data_ingestion_gcs_dag.py for tasks to queue
[2023-11-16T21:20:08.254+0000] {logging_mixin.py:151} INFO - [2023-11-16T21:20:08.253+0000] {dagbag.py:536} INFO - Filling up the DagBag from /opt/airflow/dags/data_ingestion_gcs_dag.py
[2023-11-16T21:20:08.316+0000] {processor.py:839} INFO - DAG(s) dict_keys(['data_ingestion_gcs_dag']) retrieved from /opt/airflow/dags/data_ingestion_gcs_dag.py
[2023-11-16T21:20:08.362+0000] {logging_mixin.py:151} INFO - [2023-11-16T21:20:08.361+0000] {dag.py:2941} INFO - Sync 1 DAGs
[2023-11-16T21:20:08.403+0000] {logging_mixin.py:151} INFO - [2023-11-16T21:20:08.402+0000] {dag.py:3722} INFO - Setting next_dagrun for data_ingestion_gcs_dag to 2023-11-15T00:00:00+00:00, run_after=2023-11-16T00:00:00+00:00
[2023-11-16T21:20:08.437+0000] {processor.py:179} INFO - Processing /opt/airflow/dags/data_ingestion_gcs_dag.py took 0.193 seconds
[2023-11-16T21:20:38.615+0000] {processor.py:157} INFO - Started process (PID=14037) to work on /opt/airflow/dags/data_ingestion_gcs_dag.py
[2023-11-16T21:20:38.617+0000] {processor.py:829} INFO - Processing file /opt/airflow/dags/data_ingestion_gcs_dag.py for tasks to queue
[2023-11-16T21:20:38.618+0000] {logging_mixin.py:151} INFO - [2023-11-16T21:20:38.618+0000] {dagbag.py:536} INFO - Filling up the DagBag from /opt/airflow/dags/data_ingestion_gcs_dag.py
[2023-11-16T21:20:38.658+0000] {processor.py:839} INFO - DAG(s) dict_keys(['data_ingestion_gcs_dag']) retrieved from /opt/airflow/dags/data_ingestion_gcs_dag.py
[2023-11-16T21:20:38.689+0000] {logging_mixin.py:151} INFO - [2023-11-16T21:20:38.689+0000] {dag.py:2941} INFO - Sync 1 DAGs
[2023-11-16T21:20:38.721+0000] {logging_mixin.py:151} INFO - [2023-11-16T21:20:38.720+0000] {dag.py:3722} INFO - Setting next_dagrun for data_ingestion_gcs_dag to 2023-11-15T00:00:00+00:00, run_after=2023-11-16T00:00:00+00:00
[2023-11-16T21:20:38.748+0000] {processor.py:179} INFO - Processing /opt/airflow/dags/data_ingestion_gcs_dag.py took 0.137 seconds
[2023-11-16T21:21:09.127+0000] {processor.py:157} INFO - Started process (PID=14063) to work on /opt/airflow/dags/data_ingestion_gcs_dag.py
[2023-11-16T21:21:09.129+0000] {processor.py:829} INFO - Processing file /opt/airflow/dags/data_ingestion_gcs_dag.py for tasks to queue
[2023-11-16T21:21:09.131+0000] {logging_mixin.py:151} INFO - [2023-11-16T21:21:09.130+0000] {dagbag.py:536} INFO - Filling up the DagBag from /opt/airflow/dags/data_ingestion_gcs_dag.py
[2023-11-16T21:21:09.177+0000] {processor.py:839} INFO - DAG(s) dict_keys(['data_ingestion_gcs_dag']) retrieved from /opt/airflow/dags/data_ingestion_gcs_dag.py
[2023-11-16T21:21:09.218+0000] {logging_mixin.py:151} INFO - [2023-11-16T21:21:09.218+0000] {dag.py:2941} INFO - Sync 1 DAGs
[2023-11-16T21:21:09.263+0000] {logging_mixin.py:151} INFO - [2023-11-16T21:21:09.262+0000] {dag.py:3722} INFO - Setting next_dagrun for data_ingestion_gcs_dag to 2023-11-15T00:00:00+00:00, run_after=2023-11-16T00:00:00+00:00
[2023-11-16T21:21:09.298+0000] {processor.py:179} INFO - Processing /opt/airflow/dags/data_ingestion_gcs_dag.py took 0.176 seconds
[2023-11-16T21:21:39.695+0000] {processor.py:157} INFO - Started process (PID=14082) to work on /opt/airflow/dags/data_ingestion_gcs_dag.py
[2023-11-16T21:21:39.696+0000] {processor.py:829} INFO - Processing file /opt/airflow/dags/data_ingestion_gcs_dag.py for tasks to queue
[2023-11-16T21:21:39.698+0000] {logging_mixin.py:151} INFO - [2023-11-16T21:21:39.698+0000] {dagbag.py:536} INFO - Filling up the DagBag from /opt/airflow/dags/data_ingestion_gcs_dag.py
[2023-11-16T21:21:39.753+0000] {processor.py:839} INFO - DAG(s) dict_keys(['data_ingestion_gcs_dag']) retrieved from /opt/airflow/dags/data_ingestion_gcs_dag.py
[2023-11-16T21:21:39.809+0000] {logging_mixin.py:151} INFO - [2023-11-16T21:21:39.809+0000] {dag.py:2941} INFO - Sync 1 DAGs
[2023-11-16T21:21:39.854+0000] {logging_mixin.py:151} INFO - [2023-11-16T21:21:39.854+0000] {dag.py:3722} INFO - Setting next_dagrun for data_ingestion_gcs_dag to 2023-11-15T00:00:00+00:00, run_after=2023-11-16T00:00:00+00:00
[2023-11-16T21:21:39.893+0000] {processor.py:179} INFO - Processing /opt/airflow/dags/data_ingestion_gcs_dag.py took 0.203 seconds
[2023-11-16T21:22:10.006+0000] {processor.py:157} INFO - Started process (PID=14100) to work on /opt/airflow/dags/data_ingestion_gcs_dag.py
[2023-11-16T21:22:10.008+0000] {processor.py:829} INFO - Processing file /opt/airflow/dags/data_ingestion_gcs_dag.py for tasks to queue
[2023-11-16T21:22:10.009+0000] {logging_mixin.py:151} INFO - [2023-11-16T21:22:10.009+0000] {dagbag.py:536} INFO - Filling up the DagBag from /opt/airflow/dags/data_ingestion_gcs_dag.py
[2023-11-16T21:22:10.051+0000] {processor.py:839} INFO - DAG(s) dict_keys(['data_ingestion_gcs_dag']) retrieved from /opt/airflow/dags/data_ingestion_gcs_dag.py
[2023-11-16T21:22:10.088+0000] {logging_mixin.py:151} INFO - [2023-11-16T21:22:10.088+0000] {dag.py:2941} INFO - Sync 1 DAGs
[2023-11-16T21:22:10.124+0000] {logging_mixin.py:151} INFO - [2023-11-16T21:22:10.123+0000] {dag.py:3722} INFO - Setting next_dagrun for data_ingestion_gcs_dag to 2023-11-15T00:00:00+00:00, run_after=2023-11-16T00:00:00+00:00
[2023-11-16T21:22:10.150+0000] {processor.py:179} INFO - Processing /opt/airflow/dags/data_ingestion_gcs_dag.py took 0.149 seconds
[2023-11-16T21:22:40.469+0000] {processor.py:157} INFO - Started process (PID=14126) to work on /opt/airflow/dags/data_ingestion_gcs_dag.py
[2023-11-16T21:22:40.470+0000] {processor.py:829} INFO - Processing file /opt/airflow/dags/data_ingestion_gcs_dag.py for tasks to queue
[2023-11-16T21:22:40.472+0000] {logging_mixin.py:151} INFO - [2023-11-16T21:22:40.471+0000] {dagbag.py:536} INFO - Filling up the DagBag from /opt/airflow/dags/data_ingestion_gcs_dag.py
[2023-11-16T21:22:40.506+0000] {processor.py:839} INFO - DAG(s) dict_keys(['data_ingestion_gcs_dag']) retrieved from /opt/airflow/dags/data_ingestion_gcs_dag.py
[2023-11-16T21:22:40.530+0000] {logging_mixin.py:151} INFO - [2023-11-16T21:22:40.529+0000] {dag.py:2941} INFO - Sync 1 DAGs
[2023-11-16T21:22:40.560+0000] {logging_mixin.py:151} INFO - [2023-11-16T21:22:40.559+0000] {dag.py:3722} INFO - Setting next_dagrun for data_ingestion_gcs_dag to 2023-11-15T00:00:00+00:00, run_after=2023-11-16T00:00:00+00:00
[2023-11-16T21:22:40.581+0000] {processor.py:179} INFO - Processing /opt/airflow/dags/data_ingestion_gcs_dag.py took 0.116 seconds
[2023-11-16T21:23:10.821+0000] {processor.py:157} INFO - Started process (PID=14144) to work on /opt/airflow/dags/data_ingestion_gcs_dag.py
[2023-11-16T21:23:10.822+0000] {processor.py:829} INFO - Processing file /opt/airflow/dags/data_ingestion_gcs_dag.py for tasks to queue
[2023-11-16T21:23:10.823+0000] {logging_mixin.py:151} INFO - [2023-11-16T21:23:10.823+0000] {dagbag.py:536} INFO - Filling up the DagBag from /opt/airflow/dags/data_ingestion_gcs_dag.py
[2023-11-16T21:23:10.866+0000] {processor.py:839} INFO - DAG(s) dict_keys(['data_ingestion_gcs_dag']) retrieved from /opt/airflow/dags/data_ingestion_gcs_dag.py
[2023-11-16T21:23:10.896+0000] {logging_mixin.py:151} INFO - [2023-11-16T21:23:10.896+0000] {dag.py:2941} INFO - Sync 1 DAGs
[2023-11-16T21:23:10.926+0000] {logging_mixin.py:151} INFO - [2023-11-16T21:23:10.926+0000] {dag.py:3722} INFO - Setting next_dagrun for data_ingestion_gcs_dag to 2023-11-15T00:00:00+00:00, run_after=2023-11-16T00:00:00+00:00
[2023-11-16T21:23:10.956+0000] {processor.py:179} INFO - Processing /opt/airflow/dags/data_ingestion_gcs_dag.py took 0.139 seconds
[2023-11-16T21:23:41.181+0000] {processor.py:157} INFO - Started process (PID=14170) to work on /opt/airflow/dags/data_ingestion_gcs_dag.py
[2023-11-16T21:23:41.182+0000] {processor.py:829} INFO - Processing file /opt/airflow/dags/data_ingestion_gcs_dag.py for tasks to queue
[2023-11-16T21:23:41.183+0000] {logging_mixin.py:151} INFO - [2023-11-16T21:23:41.183+0000] {dagbag.py:536} INFO - Filling up the DagBag from /opt/airflow/dags/data_ingestion_gcs_dag.py
[2023-11-16T21:23:41.218+0000] {processor.py:839} INFO - DAG(s) dict_keys(['data_ingestion_gcs_dag']) retrieved from /opt/airflow/dags/data_ingestion_gcs_dag.py
[2023-11-16T21:23:41.248+0000] {logging_mixin.py:151} INFO - [2023-11-16T21:23:41.248+0000] {dag.py:2941} INFO - Sync 1 DAGs
[2023-11-16T21:23:41.284+0000] {logging_mixin.py:151} INFO - [2023-11-16T21:23:41.284+0000] {dag.py:3722} INFO - Setting next_dagrun for data_ingestion_gcs_dag to 2023-11-15T00:00:00+00:00, run_after=2023-11-16T00:00:00+00:00
[2023-11-16T21:23:41.311+0000] {processor.py:179} INFO - Processing /opt/airflow/dags/data_ingestion_gcs_dag.py took 0.134 seconds
[2023-11-16T21:24:11.702+0000] {processor.py:157} INFO - Started process (PID=14188) to work on /opt/airflow/dags/data_ingestion_gcs_dag.py
[2023-11-16T21:24:11.704+0000] {processor.py:829} INFO - Processing file /opt/airflow/dags/data_ingestion_gcs_dag.py for tasks to queue
[2023-11-16T21:24:11.706+0000] {logging_mixin.py:151} INFO - [2023-11-16T21:24:11.705+0000] {dagbag.py:536} INFO - Filling up the DagBag from /opt/airflow/dags/data_ingestion_gcs_dag.py
[2023-11-16T21:24:11.757+0000] {processor.py:839} INFO - DAG(s) dict_keys(['data_ingestion_gcs_dag']) retrieved from /opt/airflow/dags/data_ingestion_gcs_dag.py
[2023-11-16T21:24:11.796+0000] {logging_mixin.py:151} INFO - [2023-11-16T21:24:11.796+0000] {dag.py:2941} INFO - Sync 1 DAGs
[2023-11-16T21:24:11.837+0000] {logging_mixin.py:151} INFO - [2023-11-16T21:24:11.836+0000] {dag.py:3722} INFO - Setting next_dagrun for data_ingestion_gcs_dag to 2023-11-15T00:00:00+00:00, run_after=2023-11-16T00:00:00+00:00
[2023-11-16T21:24:11.869+0000] {processor.py:179} INFO - Processing /opt/airflow/dags/data_ingestion_gcs_dag.py took 0.171 seconds
[2023-11-16T21:24:42.273+0000] {processor.py:157} INFO - Started process (PID=14206) to work on /opt/airflow/dags/data_ingestion_gcs_dag.py
[2023-11-16T21:24:42.274+0000] {processor.py:829} INFO - Processing file /opt/airflow/dags/data_ingestion_gcs_dag.py for tasks to queue
[2023-11-16T21:24:42.276+0000] {logging_mixin.py:151} INFO - [2023-11-16T21:24:42.275+0000] {dagbag.py:536} INFO - Filling up the DagBag from /opt/airflow/dags/data_ingestion_gcs_dag.py
[2023-11-16T21:24:42.315+0000] {processor.py:839} INFO - DAG(s) dict_keys(['data_ingestion_gcs_dag']) retrieved from /opt/airflow/dags/data_ingestion_gcs_dag.py
[2023-11-16T21:24:42.346+0000] {logging_mixin.py:151} INFO - [2023-11-16T21:24:42.346+0000] {dag.py:2941} INFO - Sync 1 DAGs
[2023-11-16T21:24:42.383+0000] {logging_mixin.py:151} INFO - [2023-11-16T21:24:42.383+0000] {dag.py:3722} INFO - Setting next_dagrun for data_ingestion_gcs_dag to 2023-11-15T00:00:00+00:00, run_after=2023-11-16T00:00:00+00:00
[2023-11-16T21:24:42.412+0000] {processor.py:179} INFO - Processing /opt/airflow/dags/data_ingestion_gcs_dag.py took 0.143 seconds
[2023-11-16T21:25:12.715+0000] {processor.py:157} INFO - Started process (PID=14234) to work on /opt/airflow/dags/data_ingestion_gcs_dag.py
[2023-11-16T21:25:12.717+0000] {processor.py:829} INFO - Processing file /opt/airflow/dags/data_ingestion_gcs_dag.py for tasks to queue
[2023-11-16T21:25:12.719+0000] {logging_mixin.py:151} INFO - [2023-11-16T21:25:12.718+0000] {dagbag.py:536} INFO - Filling up the DagBag from /opt/airflow/dags/data_ingestion_gcs_dag.py
[2023-11-16T21:25:12.807+0000] {processor.py:839} INFO - DAG(s) dict_keys(['data_ingestion_gcs_dag']) retrieved from /opt/airflow/dags/data_ingestion_gcs_dag.py
[2023-11-16T21:25:12.838+0000] {logging_mixin.py:151} INFO - [2023-11-16T21:25:12.837+0000] {dag.py:2941} INFO - Sync 1 DAGs
[2023-11-16T21:25:12.875+0000] {logging_mixin.py:151} INFO - [2023-11-16T21:25:12.875+0000] {dag.py:3722} INFO - Setting next_dagrun for data_ingestion_gcs_dag to 2023-11-15T00:00:00+00:00, run_after=2023-11-16T00:00:00+00:00
[2023-11-16T21:25:12.907+0000] {processor.py:179} INFO - Processing /opt/airflow/dags/data_ingestion_gcs_dag.py took 0.196 seconds
[2023-11-16T21:25:43.105+0000] {processor.py:157} INFO - Started process (PID=14252) to work on /opt/airflow/dags/data_ingestion_gcs_dag.py
[2023-11-16T21:25:43.107+0000] {processor.py:829} INFO - Processing file /opt/airflow/dags/data_ingestion_gcs_dag.py for tasks to queue
[2023-11-16T21:25:43.109+0000] {logging_mixin.py:151} INFO - [2023-11-16T21:25:43.108+0000] {dagbag.py:536} INFO - Filling up the DagBag from /opt/airflow/dags/data_ingestion_gcs_dag.py
[2023-11-16T21:25:43.156+0000] {processor.py:839} INFO - DAG(s) dict_keys(['data_ingestion_gcs_dag']) retrieved from /opt/airflow/dags/data_ingestion_gcs_dag.py
[2023-11-16T21:25:43.191+0000] {logging_mixin.py:151} INFO - [2023-11-16T21:25:43.191+0000] {dag.py:2941} INFO - Sync 1 DAGs
[2023-11-16T21:25:43.234+0000] {logging_mixin.py:151} INFO - [2023-11-16T21:25:43.234+0000] {dag.py:3722} INFO - Setting next_dagrun for data_ingestion_gcs_dag to 2023-11-15T00:00:00+00:00, run_after=2023-11-16T00:00:00+00:00
[2023-11-16T21:25:43.269+0000] {processor.py:179} INFO - Processing /opt/airflow/dags/data_ingestion_gcs_dag.py took 0.170 seconds
[2023-11-16T21:26:13.671+0000] {processor.py:157} INFO - Started process (PID=14278) to work on /opt/airflow/dags/data_ingestion_gcs_dag.py
[2023-11-16T21:26:13.672+0000] {processor.py:829} INFO - Processing file /opt/airflow/dags/data_ingestion_gcs_dag.py for tasks to queue
[2023-11-16T21:26:13.674+0000] {logging_mixin.py:151} INFO - [2023-11-16T21:26:13.673+0000] {dagbag.py:536} INFO - Filling up the DagBag from /opt/airflow/dags/data_ingestion_gcs_dag.py
[2023-11-16T21:26:13.716+0000] {processor.py:839} INFO - DAG(s) dict_keys(['data_ingestion_gcs_dag']) retrieved from /opt/airflow/dags/data_ingestion_gcs_dag.py
[2023-11-16T21:26:13.743+0000] {logging_mixin.py:151} INFO - [2023-11-16T21:26:13.743+0000] {dag.py:2941} INFO - Sync 1 DAGs
[2023-11-16T21:26:13.773+0000] {logging_mixin.py:151} INFO - [2023-11-16T21:26:13.773+0000] {dag.py:3722} INFO - Setting next_dagrun for data_ingestion_gcs_dag to 2023-11-15T00:00:00+00:00, run_after=2023-11-16T00:00:00+00:00
[2023-11-16T21:26:13.797+0000] {processor.py:179} INFO - Processing /opt/airflow/dags/data_ingestion_gcs_dag.py took 0.131 seconds
[2023-11-16T21:26:44.057+0000] {processor.py:157} INFO - Started process (PID=14297) to work on /opt/airflow/dags/data_ingestion_gcs_dag.py
[2023-11-16T21:26:44.059+0000] {processor.py:829} INFO - Processing file /opt/airflow/dags/data_ingestion_gcs_dag.py for tasks to queue
[2023-11-16T21:26:44.061+0000] {logging_mixin.py:151} INFO - [2023-11-16T21:26:44.060+0000] {dagbag.py:536} INFO - Filling up the DagBag from /opt/airflow/dags/data_ingestion_gcs_dag.py
[2023-11-16T21:26:44.111+0000] {processor.py:839} INFO - DAG(s) dict_keys(['data_ingestion_gcs_dag']) retrieved from /opt/airflow/dags/data_ingestion_gcs_dag.py
[2023-11-16T21:26:44.156+0000] {logging_mixin.py:151} INFO - [2023-11-16T21:26:44.155+0000] {dag.py:2941} INFO - Sync 1 DAGs
[2023-11-16T21:26:44.206+0000] {logging_mixin.py:151} INFO - [2023-11-16T21:26:44.205+0000] {dag.py:3722} INFO - Setting next_dagrun for data_ingestion_gcs_dag to 2023-11-15T00:00:00+00:00, run_after=2023-11-16T00:00:00+00:00
[2023-11-16T21:26:44.241+0000] {processor.py:179} INFO - Processing /opt/airflow/dags/data_ingestion_gcs_dag.py took 0.191 seconds
[2023-11-16T21:27:14.589+0000] {processor.py:157} INFO - Started process (PID=14323) to work on /opt/airflow/dags/data_ingestion_gcs_dag.py
[2023-11-16T21:27:14.590+0000] {processor.py:829} INFO - Processing file /opt/airflow/dags/data_ingestion_gcs_dag.py for tasks to queue
[2023-11-16T21:27:14.592+0000] {logging_mixin.py:151} INFO - [2023-11-16T21:27:14.591+0000] {dagbag.py:536} INFO - Filling up the DagBag from /opt/airflow/dags/data_ingestion_gcs_dag.py
[2023-11-16T21:27:14.630+0000] {processor.py:839} INFO - DAG(s) dict_keys(['data_ingestion_gcs_dag']) retrieved from /opt/airflow/dags/data_ingestion_gcs_dag.py
[2023-11-16T21:27:14.660+0000] {logging_mixin.py:151} INFO - [2023-11-16T21:27:14.659+0000] {dag.py:2941} INFO - Sync 1 DAGs
[2023-11-16T21:27:14.691+0000] {logging_mixin.py:151} INFO - [2023-11-16T21:27:14.691+0000] {dag.py:3722} INFO - Setting next_dagrun for data_ingestion_gcs_dag to 2023-11-15T00:00:00+00:00, run_after=2023-11-16T00:00:00+00:00
[2023-11-16T21:27:14.715+0000] {processor.py:179} INFO - Processing /opt/airflow/dags/data_ingestion_gcs_dag.py took 0.129 seconds
[2023-11-16T21:27:44.963+0000] {processor.py:157} INFO - Started process (PID=14341) to work on /opt/airflow/dags/data_ingestion_gcs_dag.py
[2023-11-16T21:27:44.964+0000] {processor.py:829} INFO - Processing file /opt/airflow/dags/data_ingestion_gcs_dag.py for tasks to queue
[2023-11-16T21:27:44.965+0000] {logging_mixin.py:151} INFO - [2023-11-16T21:27:44.965+0000] {dagbag.py:536} INFO - Filling up the DagBag from /opt/airflow/dags/data_ingestion_gcs_dag.py
[2023-11-16T21:27:45.005+0000] {processor.py:839} INFO - DAG(s) dict_keys(['data_ingestion_gcs_dag']) retrieved from /opt/airflow/dags/data_ingestion_gcs_dag.py
[2023-11-16T21:27:45.039+0000] {logging_mixin.py:151} INFO - [2023-11-16T21:27:45.039+0000] {dag.py:2941} INFO - Sync 1 DAGs
[2023-11-16T21:27:45.075+0000] {logging_mixin.py:151} INFO - [2023-11-16T21:27:45.075+0000] {dag.py:3722} INFO - Setting next_dagrun for data_ingestion_gcs_dag to 2023-11-15T00:00:00+00:00, run_after=2023-11-16T00:00:00+00:00
[2023-11-16T21:27:45.106+0000] {processor.py:179} INFO - Processing /opt/airflow/dags/data_ingestion_gcs_dag.py took 0.146 seconds
[2023-11-16T21:28:15.355+0000] {processor.py:157} INFO - Started process (PID=14359) to work on /opt/airflow/dags/data_ingestion_gcs_dag.py
[2023-11-16T21:28:15.356+0000] {processor.py:829} INFO - Processing file /opt/airflow/dags/data_ingestion_gcs_dag.py for tasks to queue
[2023-11-16T21:28:15.358+0000] {logging_mixin.py:151} INFO - [2023-11-16T21:28:15.357+0000] {dagbag.py:536} INFO - Filling up the DagBag from /opt/airflow/dags/data_ingestion_gcs_dag.py
[2023-11-16T21:28:15.399+0000] {processor.py:839} INFO - DAG(s) dict_keys(['data_ingestion_gcs_dag']) retrieved from /opt/airflow/dags/data_ingestion_gcs_dag.py
[2023-11-16T21:28:15.430+0000] {logging_mixin.py:151} INFO - [2023-11-16T21:28:15.430+0000] {dag.py:2941} INFO - Sync 1 DAGs
[2023-11-16T21:28:15.462+0000] {logging_mixin.py:151} INFO - [2023-11-16T21:28:15.461+0000] {dag.py:3722} INFO - Setting next_dagrun for data_ingestion_gcs_dag to 2023-11-15T00:00:00+00:00, run_after=2023-11-16T00:00:00+00:00
[2023-11-16T21:28:15.489+0000] {processor.py:179} INFO - Processing /opt/airflow/dags/data_ingestion_gcs_dag.py took 0.139 seconds
[2023-11-16T21:28:45.788+0000] {processor.py:157} INFO - Started process (PID=14385) to work on /opt/airflow/dags/data_ingestion_gcs_dag.py
[2023-11-16T21:28:45.790+0000] {processor.py:829} INFO - Processing file /opt/airflow/dags/data_ingestion_gcs_dag.py for tasks to queue
[2023-11-16T21:28:45.792+0000] {logging_mixin.py:151} INFO - [2023-11-16T21:28:45.791+0000] {dagbag.py:536} INFO - Filling up the DagBag from /opt/airflow/dags/data_ingestion_gcs_dag.py
[2023-11-16T21:28:45.846+0000] {processor.py:839} INFO - DAG(s) dict_keys(['data_ingestion_gcs_dag']) retrieved from /opt/airflow/dags/data_ingestion_gcs_dag.py
[2023-11-16T21:28:45.893+0000] {logging_mixin.py:151} INFO - [2023-11-16T21:28:45.892+0000] {dag.py:2941} INFO - Sync 1 DAGs
[2023-11-16T21:28:45.931+0000] {logging_mixin.py:151} INFO - [2023-11-16T21:28:45.930+0000] {dag.py:3722} INFO - Setting next_dagrun for data_ingestion_gcs_dag to 2023-11-15T00:00:00+00:00, run_after=2023-11-16T00:00:00+00:00
[2023-11-16T21:28:45.970+0000] {processor.py:179} INFO - Processing /opt/airflow/dags/data_ingestion_gcs_dag.py took 0.187 seconds
[2023-11-16T21:29:16.186+0000] {processor.py:157} INFO - Started process (PID=14404) to work on /opt/airflow/dags/data_ingestion_gcs_dag.py
[2023-11-16T21:29:16.188+0000] {processor.py:829} INFO - Processing file /opt/airflow/dags/data_ingestion_gcs_dag.py for tasks to queue
[2023-11-16T21:29:16.190+0000] {logging_mixin.py:151} INFO - [2023-11-16T21:29:16.189+0000] {dagbag.py:536} INFO - Filling up the DagBag from /opt/airflow/dags/data_ingestion_gcs_dag.py
[2023-11-16T21:29:16.247+0000] {processor.py:839} INFO - DAG(s) dict_keys(['data_ingestion_gcs_dag']) retrieved from /opt/airflow/dags/data_ingestion_gcs_dag.py
[2023-11-16T21:29:16.284+0000] {logging_mixin.py:151} INFO - [2023-11-16T21:29:16.283+0000] {dag.py:2941} INFO - Sync 1 DAGs
[2023-11-16T21:29:16.317+0000] {logging_mixin.py:151} INFO - [2023-11-16T21:29:16.316+0000] {dag.py:3722} INFO - Setting next_dagrun for data_ingestion_gcs_dag to 2023-11-15T00:00:00+00:00, run_after=2023-11-16T00:00:00+00:00
[2023-11-16T21:29:16.343+0000] {processor.py:179} INFO - Processing /opt/airflow/dags/data_ingestion_gcs_dag.py took 0.163 seconds
[2023-11-16T21:29:46.613+0000] {processor.py:157} INFO - Started process (PID=14430) to work on /opt/airflow/dags/data_ingestion_gcs_dag.py
[2023-11-16T21:29:46.614+0000] {processor.py:829} INFO - Processing file /opt/airflow/dags/data_ingestion_gcs_dag.py for tasks to queue
[2023-11-16T21:29:46.616+0000] {logging_mixin.py:151} INFO - [2023-11-16T21:29:46.615+0000] {dagbag.py:536} INFO - Filling up the DagBag from /opt/airflow/dags/data_ingestion_gcs_dag.py
[2023-11-16T21:29:46.652+0000] {processor.py:839} INFO - DAG(s) dict_keys(['data_ingestion_gcs_dag']) retrieved from /opt/airflow/dags/data_ingestion_gcs_dag.py
[2023-11-16T21:29:46.673+0000] {logging_mixin.py:151} INFO - [2023-11-16T21:29:46.673+0000] {dag.py:2941} INFO - Sync 1 DAGs
[2023-11-16T21:29:46.699+0000] {logging_mixin.py:151} INFO - [2023-11-16T21:29:46.698+0000] {dag.py:3722} INFO - Setting next_dagrun for data_ingestion_gcs_dag to 2023-11-15T00:00:00+00:00, run_after=2023-11-16T00:00:00+00:00
[2023-11-16T21:29:46.716+0000] {processor.py:179} INFO - Processing /opt/airflow/dags/data_ingestion_gcs_dag.py took 0.106 seconds
[2023-11-16T21:30:17.111+0000] {processor.py:157} INFO - Started process (PID=14448) to work on /opt/airflow/dags/data_ingestion_gcs_dag.py
[2023-11-16T21:30:17.113+0000] {processor.py:829} INFO - Processing file /opt/airflow/dags/data_ingestion_gcs_dag.py for tasks to queue
[2023-11-16T21:30:17.115+0000] {logging_mixin.py:151} INFO - [2023-11-16T21:30:17.114+0000] {dagbag.py:536} INFO - Filling up the DagBag from /opt/airflow/dags/data_ingestion_gcs_dag.py
[2023-11-16T21:30:17.163+0000] {processor.py:839} INFO - DAG(s) dict_keys(['data_ingestion_gcs_dag']) retrieved from /opt/airflow/dags/data_ingestion_gcs_dag.py
[2023-11-16T21:30:17.201+0000] {logging_mixin.py:151} INFO - [2023-11-16T21:30:17.200+0000] {dag.py:2941} INFO - Sync 1 DAGs
[2023-11-16T21:30:17.245+0000] {logging_mixin.py:151} INFO - [2023-11-16T21:30:17.244+0000] {dag.py:3722} INFO - Setting next_dagrun for data_ingestion_gcs_dag to 2023-11-15T00:00:00+00:00, run_after=2023-11-16T00:00:00+00:00
[2023-11-16T21:30:17.282+0000] {processor.py:179} INFO - Processing /opt/airflow/dags/data_ingestion_gcs_dag.py took 0.175 seconds
[2023-11-16T21:30:47.475+0000] {processor.py:157} INFO - Started process (PID=14474) to work on /opt/airflow/dags/data_ingestion_gcs_dag.py
[2023-11-16T21:30:47.476+0000] {processor.py:829} INFO - Processing file /opt/airflow/dags/data_ingestion_gcs_dag.py for tasks to queue
[2023-11-16T21:30:47.478+0000] {logging_mixin.py:151} INFO - [2023-11-16T21:30:47.478+0000] {dagbag.py:536} INFO - Filling up the DagBag from /opt/airflow/dags/data_ingestion_gcs_dag.py
[2023-11-16T21:30:47.510+0000] {processor.py:839} INFO - DAG(s) dict_keys(['data_ingestion_gcs_dag']) retrieved from /opt/airflow/dags/data_ingestion_gcs_dag.py
[2023-11-16T21:30:47.538+0000] {logging_mixin.py:151} INFO - [2023-11-16T21:30:47.538+0000] {dag.py:2941} INFO - Sync 1 DAGs
[2023-11-16T21:30:47.564+0000] {logging_mixin.py:151} INFO - [2023-11-16T21:30:47.564+0000] {dag.py:3722} INFO - Setting next_dagrun for data_ingestion_gcs_dag to 2023-11-15T00:00:00+00:00, run_after=2023-11-16T00:00:00+00:00
[2023-11-16T21:30:47.587+0000] {processor.py:179} INFO - Processing /opt/airflow/dags/data_ingestion_gcs_dag.py took 0.115 seconds
[2023-11-16T21:31:18.005+0000] {processor.py:157} INFO - Started process (PID=14492) to work on /opt/airflow/dags/data_ingestion_gcs_dag.py
[2023-11-16T21:31:18.006+0000] {processor.py:829} INFO - Processing file /opt/airflow/dags/data_ingestion_gcs_dag.py for tasks to queue
[2023-11-16T21:31:18.008+0000] {logging_mixin.py:151} INFO - [2023-11-16T21:31:18.007+0000] {dagbag.py:536} INFO - Filling up the DagBag from /opt/airflow/dags/data_ingestion_gcs_dag.py
[2023-11-16T21:31:18.060+0000] {processor.py:839} INFO - DAG(s) dict_keys(['data_ingestion_gcs_dag']) retrieved from /opt/airflow/dags/data_ingestion_gcs_dag.py
[2023-11-16T21:31:18.089+0000] {logging_mixin.py:151} INFO - [2023-11-16T21:31:18.089+0000] {dag.py:2941} INFO - Sync 1 DAGs
[2023-11-16T21:31:18.120+0000] {logging_mixin.py:151} INFO - [2023-11-16T21:31:18.120+0000] {dag.py:3722} INFO - Setting next_dagrun for data_ingestion_gcs_dag to 2023-11-15T00:00:00+00:00, run_after=2023-11-16T00:00:00+00:00
[2023-11-16T21:31:18.145+0000] {processor.py:179} INFO - Processing /opt/airflow/dags/data_ingestion_gcs_dag.py took 0.144 seconds
[2023-11-16T21:31:48.392+0000] {processor.py:157} INFO - Started process (PID=14510) to work on /opt/airflow/dags/data_ingestion_gcs_dag.py
[2023-11-16T21:31:48.393+0000] {processor.py:829} INFO - Processing file /opt/airflow/dags/data_ingestion_gcs_dag.py for tasks to queue
[2023-11-16T21:31:48.395+0000] {logging_mixin.py:151} INFO - [2023-11-16T21:31:48.395+0000] {dagbag.py:536} INFO - Filling up the DagBag from /opt/airflow/dags/data_ingestion_gcs_dag.py
[2023-11-16T21:31:48.451+0000] {processor.py:839} INFO - DAG(s) dict_keys(['data_ingestion_gcs_dag']) retrieved from /opt/airflow/dags/data_ingestion_gcs_dag.py
[2023-11-16T21:31:48.485+0000] {logging_mixin.py:151} INFO - [2023-11-16T21:31:48.485+0000] {dag.py:2941} INFO - Sync 1 DAGs
[2023-11-16T21:31:48.524+0000] {logging_mixin.py:151} INFO - [2023-11-16T21:31:48.523+0000] {dag.py:3722} INFO - Setting next_dagrun for data_ingestion_gcs_dag to 2023-11-15T00:00:00+00:00, run_after=2023-11-16T00:00:00+00:00
[2023-11-16T21:31:48.553+0000] {processor.py:179} INFO - Processing /opt/airflow/dags/data_ingestion_gcs_dag.py took 0.166 seconds
[2023-11-16T21:32:18.929+0000] {processor.py:157} INFO - Started process (PID=14536) to work on /opt/airflow/dags/data_ingestion_gcs_dag.py
[2023-11-16T21:32:18.931+0000] {processor.py:829} INFO - Processing file /opt/airflow/dags/data_ingestion_gcs_dag.py for tasks to queue
[2023-11-16T21:32:18.933+0000] {logging_mixin.py:151} INFO - [2023-11-16T21:32:18.932+0000] {dagbag.py:536} INFO - Filling up the DagBag from /opt/airflow/dags/data_ingestion_gcs_dag.py
[2023-11-16T21:32:18.978+0000] {processor.py:839} INFO - DAG(s) dict_keys(['data_ingestion_gcs_dag']) retrieved from /opt/airflow/dags/data_ingestion_gcs_dag.py
[2023-11-16T21:32:19.013+0000] {logging_mixin.py:151} INFO - [2023-11-16T21:32:19.012+0000] {dag.py:2941} INFO - Sync 1 DAGs
[2023-11-16T21:32:19.047+0000] {logging_mixin.py:151} INFO - [2023-11-16T21:32:19.047+0000] {dag.py:3722} INFO - Setting next_dagrun for data_ingestion_gcs_dag to 2023-11-15T00:00:00+00:00, run_after=2023-11-16T00:00:00+00:00
[2023-11-16T21:32:19.076+0000] {processor.py:179} INFO - Processing /opt/airflow/dags/data_ingestion_gcs_dag.py took 0.154 seconds
[2023-11-16T21:32:49.429+0000] {processor.py:157} INFO - Started process (PID=14554) to work on /opt/airflow/dags/data_ingestion_gcs_dag.py
[2023-11-16T21:32:49.431+0000] {processor.py:829} INFO - Processing file /opt/airflow/dags/data_ingestion_gcs_dag.py for tasks to queue
[2023-11-16T21:32:49.433+0000] {logging_mixin.py:151} INFO - [2023-11-16T21:32:49.432+0000] {dagbag.py:536} INFO - Filling up the DagBag from /opt/airflow/dags/data_ingestion_gcs_dag.py
[2023-11-16T21:32:49.482+0000] {processor.py:839} INFO - DAG(s) dict_keys(['data_ingestion_gcs_dag']) retrieved from /opt/airflow/dags/data_ingestion_gcs_dag.py
[2023-11-16T21:32:49.520+0000] {logging_mixin.py:151} INFO - [2023-11-16T21:32:49.519+0000] {dag.py:2941} INFO - Sync 1 DAGs
[2023-11-16T21:32:49.556+0000] {logging_mixin.py:151} INFO - [2023-11-16T21:32:49.556+0000] {dag.py:3722} INFO - Setting next_dagrun for data_ingestion_gcs_dag to 2023-11-15T00:00:00+00:00, run_after=2023-11-16T00:00:00+00:00
[2023-11-16T21:32:49.592+0000] {processor.py:179} INFO - Processing /opt/airflow/dags/data_ingestion_gcs_dag.py took 0.168 seconds
[2023-11-16T21:33:19.948+0000] {processor.py:157} INFO - Started process (PID=14580) to work on /opt/airflow/dags/data_ingestion_gcs_dag.py
[2023-11-16T21:33:19.949+0000] {processor.py:829} INFO - Processing file /opt/airflow/dags/data_ingestion_gcs_dag.py for tasks to queue
[2023-11-16T21:33:19.950+0000] {logging_mixin.py:151} INFO - [2023-11-16T21:33:19.950+0000] {dagbag.py:536} INFO - Filling up the DagBag from /opt/airflow/dags/data_ingestion_gcs_dag.py
[2023-11-16T21:33:19.986+0000] {processor.py:839} INFO - DAG(s) dict_keys(['data_ingestion_gcs_dag']) retrieved from /opt/airflow/dags/data_ingestion_gcs_dag.py
[2023-11-16T21:33:20.007+0000] {logging_mixin.py:151} INFO - [2023-11-16T21:33:20.007+0000] {dag.py:2941} INFO - Sync 1 DAGs
[2023-11-16T21:33:20.037+0000] {logging_mixin.py:151} INFO - [2023-11-16T21:33:20.037+0000] {dag.py:3722} INFO - Setting next_dagrun for data_ingestion_gcs_dag to 2023-11-15T00:00:00+00:00, run_after=2023-11-16T00:00:00+00:00
[2023-11-16T21:33:20.064+0000] {processor.py:179} INFO - Processing /opt/airflow/dags/data_ingestion_gcs_dag.py took 0.119 seconds
[2023-11-16T21:33:50.317+0000] {processor.py:157} INFO - Started process (PID=14598) to work on /opt/airflow/dags/data_ingestion_gcs_dag.py
[2023-11-16T21:33:50.319+0000] {processor.py:829} INFO - Processing file /opt/airflow/dags/data_ingestion_gcs_dag.py for tasks to queue
[2023-11-16T21:33:50.321+0000] {logging_mixin.py:151} INFO - [2023-11-16T21:33:50.321+0000] {dagbag.py:536} INFO - Filling up the DagBag from /opt/airflow/dags/data_ingestion_gcs_dag.py
[2023-11-16T21:33:50.378+0000] {processor.py:839} INFO - DAG(s) dict_keys(['data_ingestion_gcs_dag']) retrieved from /opt/airflow/dags/data_ingestion_gcs_dag.py
[2023-11-16T21:33:50.425+0000] {logging_mixin.py:151} INFO - [2023-11-16T21:33:50.424+0000] {dag.py:2941} INFO - Sync 1 DAGs
[2023-11-16T21:33:50.472+0000] {logging_mixin.py:151} INFO - [2023-11-16T21:33:50.471+0000] {dag.py:3722} INFO - Setting next_dagrun for data_ingestion_gcs_dag to 2023-11-15T00:00:00+00:00, run_after=2023-11-16T00:00:00+00:00
[2023-11-16T21:33:50.509+0000] {processor.py:179} INFO - Processing /opt/airflow/dags/data_ingestion_gcs_dag.py took 0.196 seconds
[2023-11-16T21:34:20.881+0000] {processor.py:157} INFO - Started process (PID=14625) to work on /opt/airflow/dags/data_ingestion_gcs_dag.py
[2023-11-16T21:34:20.883+0000] {processor.py:829} INFO - Processing file /opt/airflow/dags/data_ingestion_gcs_dag.py for tasks to queue
[2023-11-16T21:34:20.884+0000] {logging_mixin.py:151} INFO - [2023-11-16T21:34:20.884+0000] {dagbag.py:536} INFO - Filling up the DagBag from /opt/airflow/dags/data_ingestion_gcs_dag.py
[2023-11-16T21:34:20.923+0000] {processor.py:839} INFO - DAG(s) dict_keys(['data_ingestion_gcs_dag']) retrieved from /opt/airflow/dags/data_ingestion_gcs_dag.py
[2023-11-16T21:34:20.956+0000] {logging_mixin.py:151} INFO - [2023-11-16T21:34:20.955+0000] {dag.py:2941} INFO - Sync 1 DAGs
[2023-11-16T21:34:20.989+0000] {logging_mixin.py:151} INFO - [2023-11-16T21:34:20.989+0000] {dag.py:3722} INFO - Setting next_dagrun for data_ingestion_gcs_dag to 2023-11-15T00:00:00+00:00, run_after=2023-11-16T00:00:00+00:00
[2023-11-16T21:34:21.017+0000] {processor.py:179} INFO - Processing /opt/airflow/dags/data_ingestion_gcs_dag.py took 0.139 seconds
[2023-11-16T21:34:51.241+0000] {processor.py:157} INFO - Started process (PID=14643) to work on /opt/airflow/dags/data_ingestion_gcs_dag.py
[2023-11-16T21:34:51.243+0000] {processor.py:829} INFO - Processing file /opt/airflow/dags/data_ingestion_gcs_dag.py for tasks to queue
[2023-11-16T21:34:51.244+0000] {logging_mixin.py:151} INFO - [2023-11-16T21:34:51.244+0000] {dagbag.py:536} INFO - Filling up the DagBag from /opt/airflow/dags/data_ingestion_gcs_dag.py
[2023-11-16T21:34:51.308+0000] {processor.py:839} INFO - DAG(s) dict_keys(['data_ingestion_gcs_dag']) retrieved from /opt/airflow/dags/data_ingestion_gcs_dag.py
[2023-11-16T21:34:51.353+0000] {logging_mixin.py:151} INFO - [2023-11-16T21:34:51.353+0000] {dag.py:2941} INFO - Sync 1 DAGs
[2023-11-16T21:34:51.388+0000] {logging_mixin.py:151} INFO - [2023-11-16T21:34:51.388+0000] {dag.py:3722} INFO - Setting next_dagrun for data_ingestion_gcs_dag to 2023-11-15T00:00:00+00:00, run_after=2023-11-16T00:00:00+00:00
[2023-11-16T21:34:51.419+0000] {processor.py:179} INFO - Processing /opt/airflow/dags/data_ingestion_gcs_dag.py took 0.183 seconds
[2023-11-16T21:35:21.923+0000] {processor.py:157} INFO - Started process (PID=14661) to work on /opt/airflow/dags/data_ingestion_gcs_dag.py
[2023-11-16T21:35:21.926+0000] {processor.py:829} INFO - Processing file /opt/airflow/dags/data_ingestion_gcs_dag.py for tasks to queue
[2023-11-16T21:35:21.929+0000] {logging_mixin.py:151} INFO - [2023-11-16T21:35:21.928+0000] {dagbag.py:536} INFO - Filling up the DagBag from /opt/airflow/dags/data_ingestion_gcs_dag.py
[2023-11-16T21:35:21.989+0000] {processor.py:839} INFO - DAG(s) dict_keys(['data_ingestion_gcs_dag']) retrieved from /opt/airflow/dags/data_ingestion_gcs_dag.py
[2023-11-16T21:35:22.037+0000] {logging_mixin.py:151} INFO - [2023-11-16T21:35:22.036+0000] {dag.py:2941} INFO - Sync 1 DAGs
[2023-11-16T21:35:22.079+0000] {logging_mixin.py:151} INFO - [2023-11-16T21:35:22.078+0000] {dag.py:3722} INFO - Setting next_dagrun for data_ingestion_gcs_dag to 2023-11-15T00:00:00+00:00, run_after=2023-11-16T00:00:00+00:00
[2023-11-16T21:35:22.109+0000] {processor.py:179} INFO - Processing /opt/airflow/dags/data_ingestion_gcs_dag.py took 0.194 seconds
[2023-11-16T21:35:52.276+0000] {processor.py:157} INFO - Started process (PID=14687) to work on /opt/airflow/dags/data_ingestion_gcs_dag.py
[2023-11-16T21:35:52.279+0000] {processor.py:829} INFO - Processing file /opt/airflow/dags/data_ingestion_gcs_dag.py for tasks to queue
[2023-11-16T21:35:52.282+0000] {logging_mixin.py:151} INFO - [2023-11-16T21:35:52.282+0000] {dagbag.py:536} INFO - Filling up the DagBag from /opt/airflow/dags/data_ingestion_gcs_dag.py
[2023-11-16T21:35:52.342+0000] {processor.py:839} INFO - DAG(s) dict_keys(['data_ingestion_gcs_dag']) retrieved from /opt/airflow/dags/data_ingestion_gcs_dag.py
[2023-11-16T21:35:52.385+0000] {logging_mixin.py:151} INFO - [2023-11-16T21:35:52.384+0000] {dag.py:2941} INFO - Sync 1 DAGs
[2023-11-16T21:35:52.428+0000] {logging_mixin.py:151} INFO - [2023-11-16T21:35:52.428+0000] {dag.py:3722} INFO - Setting next_dagrun for data_ingestion_gcs_dag to 2023-11-15T00:00:00+00:00, run_after=2023-11-16T00:00:00+00:00
[2023-11-16T21:35:52.464+0000] {processor.py:179} INFO - Processing /opt/airflow/dags/data_ingestion_gcs_dag.py took 0.194 seconds
[2023-11-16T21:36:22.807+0000] {processor.py:157} INFO - Started process (PID=14705) to work on /opt/airflow/dags/data_ingestion_gcs_dag.py
[2023-11-16T21:36:22.809+0000] {processor.py:829} INFO - Processing file /opt/airflow/dags/data_ingestion_gcs_dag.py for tasks to queue
[2023-11-16T21:36:22.811+0000] {logging_mixin.py:151} INFO - [2023-11-16T21:36:22.810+0000] {dagbag.py:536} INFO - Filling up the DagBag from /opt/airflow/dags/data_ingestion_gcs_dag.py
[2023-11-16T21:36:22.867+0000] {processor.py:839} INFO - DAG(s) dict_keys(['data_ingestion_gcs_dag']) retrieved from /opt/airflow/dags/data_ingestion_gcs_dag.py
[2023-11-16T21:36:22.908+0000] {logging_mixin.py:151} INFO - [2023-11-16T21:36:22.908+0000] {dag.py:2941} INFO - Sync 1 DAGs
[2023-11-16T21:36:22.946+0000] {logging_mixin.py:151} INFO - [2023-11-16T21:36:22.946+0000] {dag.py:3722} INFO - Setting next_dagrun for data_ingestion_gcs_dag to 2023-11-15T00:00:00+00:00, run_after=2023-11-16T00:00:00+00:00
[2023-11-16T21:36:22.977+0000] {processor.py:179} INFO - Processing /opt/airflow/dags/data_ingestion_gcs_dag.py took 0.176 seconds
[2023-11-16T21:36:53.163+0000] {processor.py:157} INFO - Started process (PID=14731) to work on /opt/airflow/dags/data_ingestion_gcs_dag.py
[2023-11-16T21:36:53.165+0000] {processor.py:829} INFO - Processing file /opt/airflow/dags/data_ingestion_gcs_dag.py for tasks to queue
[2023-11-16T21:36:53.166+0000] {logging_mixin.py:151} INFO - [2023-11-16T21:36:53.166+0000] {dagbag.py:536} INFO - Filling up the DagBag from /opt/airflow/dags/data_ingestion_gcs_dag.py
[2023-11-16T21:36:53.201+0000] {processor.py:839} INFO - DAG(s) dict_keys(['data_ingestion_gcs_dag']) retrieved from /opt/airflow/dags/data_ingestion_gcs_dag.py
[2023-11-16T21:36:53.228+0000] {logging_mixin.py:151} INFO - [2023-11-16T21:36:53.228+0000] {dag.py:2941} INFO - Sync 1 DAGs
[2023-11-16T21:36:53.256+0000] {logging_mixin.py:151} INFO - [2023-11-16T21:36:53.255+0000] {dag.py:3722} INFO - Setting next_dagrun for data_ingestion_gcs_dag to 2023-11-15T00:00:00+00:00, run_after=2023-11-16T00:00:00+00:00
[2023-11-16T21:36:53.285+0000] {processor.py:179} INFO - Processing /opt/airflow/dags/data_ingestion_gcs_dag.py took 0.125 seconds
[2023-11-16T21:37:23.686+0000] {processor.py:157} INFO - Started process (PID=14749) to work on /opt/airflow/dags/data_ingestion_gcs_dag.py
[2023-11-16T21:37:23.688+0000] {processor.py:829} INFO - Processing file /opt/airflow/dags/data_ingestion_gcs_dag.py for tasks to queue
[2023-11-16T21:37:23.690+0000] {logging_mixin.py:151} INFO - [2023-11-16T21:37:23.689+0000] {dagbag.py:536} INFO - Filling up the DagBag from /opt/airflow/dags/data_ingestion_gcs_dag.py
[2023-11-16T21:37:23.744+0000] {processor.py:839} INFO - DAG(s) dict_keys(['data_ingestion_gcs_dag']) retrieved from /opt/airflow/dags/data_ingestion_gcs_dag.py
[2023-11-16T21:37:23.788+0000] {logging_mixin.py:151} INFO - [2023-11-16T21:37:23.788+0000] {dag.py:2941} INFO - Sync 1 DAGs
[2023-11-16T21:37:23.827+0000] {logging_mixin.py:151} INFO - [2023-11-16T21:37:23.827+0000] {dag.py:3722} INFO - Setting next_dagrun for data_ingestion_gcs_dag to 2023-11-15T00:00:00+00:00, run_after=2023-11-16T00:00:00+00:00
[2023-11-16T21:37:23.862+0000] {processor.py:179} INFO - Processing /opt/airflow/dags/data_ingestion_gcs_dag.py took 0.182 seconds
[2023-11-16T21:37:54.101+0000] {processor.py:157} INFO - Started process (PID=14767) to work on /opt/airflow/dags/data_ingestion_gcs_dag.py
[2023-11-16T21:37:54.104+0000] {processor.py:829} INFO - Processing file /opt/airflow/dags/data_ingestion_gcs_dag.py for tasks to queue
[2023-11-16T21:37:54.107+0000] {logging_mixin.py:151} INFO - [2023-11-16T21:37:54.106+0000] {dagbag.py:536} INFO - Filling up the DagBag from /opt/airflow/dags/data_ingestion_gcs_dag.py
[2023-11-16T21:37:54.150+0000] {processor.py:839} INFO - DAG(s) dict_keys(['data_ingestion_gcs_dag']) retrieved from /opt/airflow/dags/data_ingestion_gcs_dag.py
[2023-11-16T21:37:54.205+0000] {logging_mixin.py:151} INFO - [2023-11-16T21:37:54.205+0000] {dag.py:2941} INFO - Sync 1 DAGs
[2023-11-16T21:37:54.242+0000] {logging_mixin.py:151} INFO - [2023-11-16T21:37:54.241+0000] {dag.py:3722} INFO - Setting next_dagrun for data_ingestion_gcs_dag to 2023-11-15T00:00:00+00:00, run_after=2023-11-16T00:00:00+00:00
[2023-11-16T21:37:54.272+0000] {processor.py:179} INFO - Processing /opt/airflow/dags/data_ingestion_gcs_dag.py took 0.180 seconds
[2023-11-16T21:38:24.562+0000] {processor.py:157} INFO - Started process (PID=14793) to work on /opt/airflow/dags/data_ingestion_gcs_dag.py
[2023-11-16T21:38:24.564+0000] {processor.py:829} INFO - Processing file /opt/airflow/dags/data_ingestion_gcs_dag.py for tasks to queue
[2023-11-16T21:38:24.566+0000] {logging_mixin.py:151} INFO - [2023-11-16T21:38:24.566+0000] {dagbag.py:536} INFO - Filling up the DagBag from /opt/airflow/dags/data_ingestion_gcs_dag.py
[2023-11-16T21:38:24.620+0000] {processor.py:839} INFO - DAG(s) dict_keys(['data_ingestion_gcs_dag']) retrieved from /opt/airflow/dags/data_ingestion_gcs_dag.py
[2023-11-16T21:38:24.654+0000] {logging_mixin.py:151} INFO - [2023-11-16T21:38:24.654+0000] {dag.py:2941} INFO - Sync 1 DAGs
[2023-11-16T21:38:24.689+0000] {logging_mixin.py:151} INFO - [2023-11-16T21:38:24.689+0000] {dag.py:3722} INFO - Setting next_dagrun for data_ingestion_gcs_dag to 2023-11-15T00:00:00+00:00, run_after=2023-11-16T00:00:00+00:00
[2023-11-16T21:38:24.731+0000] {processor.py:179} INFO - Processing /opt/airflow/dags/data_ingestion_gcs_dag.py took 0.175 seconds
[2023-11-16T21:38:54.970+0000] {processor.py:157} INFO - Started process (PID=14811) to work on /opt/airflow/dags/data_ingestion_gcs_dag.py
[2023-11-16T21:38:54.973+0000] {processor.py:829} INFO - Processing file /opt/airflow/dags/data_ingestion_gcs_dag.py for tasks to queue
[2023-11-16T21:38:54.975+0000] {logging_mixin.py:151} INFO - [2023-11-16T21:38:54.974+0000] {dagbag.py:536} INFO - Filling up the DagBag from /opt/airflow/dags/data_ingestion_gcs_dag.py
[2023-11-16T21:38:55.035+0000] {processor.py:839} INFO - DAG(s) dict_keys(['data_ingestion_gcs_dag']) retrieved from /opt/airflow/dags/data_ingestion_gcs_dag.py
[2023-11-16T21:38:55.117+0000] {logging_mixin.py:151} INFO - [2023-11-16T21:38:55.117+0000] {dag.py:2941} INFO - Sync 1 DAGs
[2023-11-16T21:38:55.159+0000] {logging_mixin.py:151} INFO - [2023-11-16T21:38:55.158+0000] {dag.py:3722} INFO - Setting next_dagrun for data_ingestion_gcs_dag to 2023-11-15T00:00:00+00:00, run_after=2023-11-16T00:00:00+00:00
[2023-11-16T21:38:55.191+0000] {processor.py:179} INFO - Processing /opt/airflow/dags/data_ingestion_gcs_dag.py took 0.226 seconds
[2023-11-16T21:39:25.536+0000] {processor.py:157} INFO - Started process (PID=14837) to work on /opt/airflow/dags/data_ingestion_gcs_dag.py
[2023-11-16T21:39:25.538+0000] {processor.py:829} INFO - Processing file /opt/airflow/dags/data_ingestion_gcs_dag.py for tasks to queue
[2023-11-16T21:39:25.539+0000] {logging_mixin.py:151} INFO - [2023-11-16T21:39:25.539+0000] {dagbag.py:536} INFO - Filling up the DagBag from /opt/airflow/dags/data_ingestion_gcs_dag.py
[2023-11-16T21:39:25.568+0000] {processor.py:839} INFO - DAG(s) dict_keys(['data_ingestion_gcs_dag']) retrieved from /opt/airflow/dags/data_ingestion_gcs_dag.py
[2023-11-16T21:39:25.592+0000] {logging_mixin.py:151} INFO - [2023-11-16T21:39:25.591+0000] {dag.py:2941} INFO - Sync 1 DAGs
[2023-11-16T21:39:25.616+0000] {logging_mixin.py:151} INFO - [2023-11-16T21:39:25.616+0000] {dag.py:3722} INFO - Setting next_dagrun for data_ingestion_gcs_dag to 2023-11-15T00:00:00+00:00, run_after=2023-11-16T00:00:00+00:00
[2023-11-16T21:39:25.638+0000] {processor.py:179} INFO - Processing /opt/airflow/dags/data_ingestion_gcs_dag.py took 0.105 seconds
[2023-11-16T21:39:56.027+0000] {processor.py:157} INFO - Started process (PID=14855) to work on /opt/airflow/dags/data_ingestion_gcs_dag.py
[2023-11-16T21:39:56.029+0000] {processor.py:829} INFO - Processing file /opt/airflow/dags/data_ingestion_gcs_dag.py for tasks to queue
[2023-11-16T21:39:56.031+0000] {logging_mixin.py:151} INFO - [2023-11-16T21:39:56.030+0000] {dagbag.py:536} INFO - Filling up the DagBag from /opt/airflow/dags/data_ingestion_gcs_dag.py
[2023-11-16T21:39:56.079+0000] {processor.py:839} INFO - DAG(s) dict_keys(['data_ingestion_gcs_dag']) retrieved from /opt/airflow/dags/data_ingestion_gcs_dag.py
[2023-11-16T21:39:56.115+0000] {logging_mixin.py:151} INFO - [2023-11-16T21:39:56.114+0000] {dag.py:2941} INFO - Sync 1 DAGs
[2023-11-16T21:39:56.148+0000] {logging_mixin.py:151} INFO - [2023-11-16T21:39:56.148+0000] {dag.py:3722} INFO - Setting next_dagrun for data_ingestion_gcs_dag to 2023-11-15T00:00:00+00:00, run_after=2023-11-16T00:00:00+00:00
[2023-11-16T21:39:56.182+0000] {processor.py:179} INFO - Processing /opt/airflow/dags/data_ingestion_gcs_dag.py took 0.159 seconds
[2023-11-16T21:55:43.497+0000] {processor.py:157} INFO - Started process (PID=14865) to work on /opt/airflow/dags/data_ingestion_gcs_dag.py
[2023-11-16T21:55:43.498+0000] {processor.py:829} INFO - Processing file /opt/airflow/dags/data_ingestion_gcs_dag.py for tasks to queue
[2023-11-16T21:55:43.500+0000] {logging_mixin.py:151} INFO - [2023-11-16T21:55:43.500+0000] {dagbag.py:536} INFO - Filling up the DagBag from /opt/airflow/dags/data_ingestion_gcs_dag.py
[2023-11-16T21:55:43.545+0000] {processor.py:839} INFO - DAG(s) dict_keys(['data_ingestion_gcs_dag']) retrieved from /opt/airflow/dags/data_ingestion_gcs_dag.py
[2023-11-16T21:55:43.580+0000] {logging_mixin.py:151} INFO - [2023-11-16T21:55:43.580+0000] {dag.py:2941} INFO - Sync 1 DAGs
[2023-11-16T21:55:43.614+0000] {logging_mixin.py:151} INFO - [2023-11-16T21:55:43.614+0000] {dag.py:3722} INFO - Setting next_dagrun for data_ingestion_gcs_dag to 2023-11-15T00:00:00+00:00, run_after=2023-11-16T00:00:00+00:00
[2023-11-16T21:55:43.680+0000] {processor.py:179} INFO - Processing /opt/airflow/dags/data_ingestion_gcs_dag.py took 0.186 seconds
[2023-11-16T21:56:13.922+0000] {processor.py:157} INFO - Started process (PID=14883) to work on /opt/airflow/dags/data_ingestion_gcs_dag.py
[2023-11-16T21:56:13.924+0000] {processor.py:829} INFO - Processing file /opt/airflow/dags/data_ingestion_gcs_dag.py for tasks to queue
[2023-11-16T21:56:13.925+0000] {logging_mixin.py:151} INFO - [2023-11-16T21:56:13.925+0000] {dagbag.py:536} INFO - Filling up the DagBag from /opt/airflow/dags/data_ingestion_gcs_dag.py
[2023-11-16T21:56:13.975+0000] {processor.py:839} INFO - DAG(s) dict_keys(['data_ingestion_gcs_dag']) retrieved from /opt/airflow/dags/data_ingestion_gcs_dag.py
[2023-11-16T21:56:14.016+0000] {logging_mixin.py:151} INFO - [2023-11-16T21:56:14.016+0000] {dag.py:2941} INFO - Sync 1 DAGs
[2023-11-16T21:56:14.054+0000] {logging_mixin.py:151} INFO - [2023-11-16T21:56:14.053+0000] {dag.py:3722} INFO - Setting next_dagrun for data_ingestion_gcs_dag to 2023-11-15T00:00:00+00:00, run_after=2023-11-16T00:00:00+00:00
[2023-11-16T21:56:14.096+0000] {processor.py:179} INFO - Processing /opt/airflow/dags/data_ingestion_gcs_dag.py took 0.178 seconds
[2023-11-16T21:56:44.453+0000] {processor.py:157} INFO - Started process (PID=14908) to work on /opt/airflow/dags/data_ingestion_gcs_dag.py
[2023-11-16T21:56:44.455+0000] {processor.py:829} INFO - Processing file /opt/airflow/dags/data_ingestion_gcs_dag.py for tasks to queue
[2023-11-16T21:56:44.456+0000] {logging_mixin.py:151} INFO - [2023-11-16T21:56:44.456+0000] {dagbag.py:536} INFO - Filling up the DagBag from /opt/airflow/dags/data_ingestion_gcs_dag.py
[2023-11-16T21:56:44.489+0000] {processor.py:839} INFO - DAG(s) dict_keys(['data_ingestion_gcs_dag']) retrieved from /opt/airflow/dags/data_ingestion_gcs_dag.py
[2023-11-16T21:56:44.533+0000] {logging_mixin.py:151} INFO - [2023-11-16T21:56:44.532+0000] {dag.py:2941} INFO - Sync 1 DAGs
[2023-11-16T21:56:44.559+0000] {logging_mixin.py:151} INFO - [2023-11-16T21:56:44.559+0000] {dag.py:3722} INFO - Setting next_dagrun for data_ingestion_gcs_dag to 2023-11-15T00:00:00+00:00, run_after=2023-11-16T00:00:00+00:00
[2023-11-16T21:56:44.581+0000] {processor.py:179} INFO - Processing /opt/airflow/dags/data_ingestion_gcs_dag.py took 0.131 seconds
[2023-11-16T21:57:14.823+0000] {processor.py:157} INFO - Started process (PID=14926) to work on /opt/airflow/dags/data_ingestion_gcs_dag.py
[2023-11-16T21:57:14.825+0000] {processor.py:829} INFO - Processing file /opt/airflow/dags/data_ingestion_gcs_dag.py for tasks to queue
[2023-11-16T21:57:14.827+0000] {logging_mixin.py:151} INFO - [2023-11-16T21:57:14.826+0000] {dagbag.py:536} INFO - Filling up the DagBag from /opt/airflow/dags/data_ingestion_gcs_dag.py
[2023-11-16T21:57:14.885+0000] {processor.py:839} INFO - DAG(s) dict_keys(['data_ingestion_gcs_dag']) retrieved from /opt/airflow/dags/data_ingestion_gcs_dag.py
[2023-11-16T21:57:14.945+0000] {logging_mixin.py:151} INFO - [2023-11-16T21:57:14.945+0000] {dag.py:2941} INFO - Sync 1 DAGs
[2023-11-16T21:57:14.980+0000] {logging_mixin.py:151} INFO - [2023-11-16T21:57:14.980+0000] {dag.py:3722} INFO - Setting next_dagrun for data_ingestion_gcs_dag to 2023-11-15T00:00:00+00:00, run_after=2023-11-16T00:00:00+00:00
[2023-11-16T21:57:15.015+0000] {processor.py:179} INFO - Processing /opt/airflow/dags/data_ingestion_gcs_dag.py took 0.198 seconds
[2023-11-16T21:57:45.386+0000] {processor.py:157} INFO - Started process (PID=14944) to work on /opt/airflow/dags/data_ingestion_gcs_dag.py
[2023-11-16T21:57:45.387+0000] {processor.py:829} INFO - Processing file /opt/airflow/dags/data_ingestion_gcs_dag.py for tasks to queue
[2023-11-16T21:57:45.389+0000] {logging_mixin.py:151} INFO - [2023-11-16T21:57:45.389+0000] {dagbag.py:536} INFO - Filling up the DagBag from /opt/airflow/dags/data_ingestion_gcs_dag.py
[2023-11-16T21:57:45.430+0000] {processor.py:839} INFO - DAG(s) dict_keys(['data_ingestion_gcs_dag']) retrieved from /opt/airflow/dags/data_ingestion_gcs_dag.py
[2023-11-16T21:57:45.463+0000] {logging_mixin.py:151} INFO - [2023-11-16T21:57:45.462+0000] {dag.py:2941} INFO - Sync 1 DAGs
[2023-11-16T21:57:45.497+0000] {logging_mixin.py:151} INFO - [2023-11-16T21:57:45.497+0000] {dag.py:3722} INFO - Setting next_dagrun for data_ingestion_gcs_dag to 2023-11-15T00:00:00+00:00, run_after=2023-11-16T00:00:00+00:00
[2023-11-16T21:57:45.526+0000] {processor.py:179} INFO - Processing /opt/airflow/dags/data_ingestion_gcs_dag.py took 0.144 seconds
[2023-11-16T21:58:15.907+0000] {processor.py:157} INFO - Started process (PID=14971) to work on /opt/airflow/dags/data_ingestion_gcs_dag.py
[2023-11-16T21:58:15.909+0000] {processor.py:829} INFO - Processing file /opt/airflow/dags/data_ingestion_gcs_dag.py for tasks to queue
[2023-11-16T21:58:15.910+0000] {logging_mixin.py:151} INFO - [2023-11-16T21:58:15.910+0000] {dagbag.py:536} INFO - Filling up the DagBag from /opt/airflow/dags/data_ingestion_gcs_dag.py
[2023-11-16T21:58:15.962+0000] {processor.py:839} INFO - DAG(s) dict_keys(['data_ingestion_gcs_dag']) retrieved from /opt/airflow/dags/data_ingestion_gcs_dag.py
[2023-11-16T21:58:15.999+0000] {logging_mixin.py:151} INFO - [2023-11-16T21:58:15.998+0000] {dag.py:2941} INFO - Sync 1 DAGs
[2023-11-16T21:58:16.037+0000] {logging_mixin.py:151} INFO - [2023-11-16T21:58:16.037+0000] {dag.py:3722} INFO - Setting next_dagrun for data_ingestion_gcs_dag to 2023-11-15T00:00:00+00:00, run_after=2023-11-16T00:00:00+00:00
[2023-11-16T21:58:16.072+0000] {processor.py:179} INFO - Processing /opt/airflow/dags/data_ingestion_gcs_dag.py took 0.169 seconds
[2023-11-16T21:58:46.473+0000] {processor.py:157} INFO - Started process (PID=14989) to work on /opt/airflow/dags/data_ingestion_gcs_dag.py
[2023-11-16T21:58:46.475+0000] {processor.py:829} INFO - Processing file /opt/airflow/dags/data_ingestion_gcs_dag.py for tasks to queue
[2023-11-16T21:58:46.477+0000] {logging_mixin.py:151} INFO - [2023-11-16T21:58:46.477+0000] {dagbag.py:536} INFO - Filling up the DagBag from /opt/airflow/dags/data_ingestion_gcs_dag.py
[2023-11-16T21:58:46.524+0000] {processor.py:839} INFO - DAG(s) dict_keys(['data_ingestion_gcs_dag']) retrieved from /opt/airflow/dags/data_ingestion_gcs_dag.py
[2023-11-16T21:58:46.595+0000] {logging_mixin.py:151} INFO - [2023-11-16T21:58:46.595+0000] {dag.py:2941} INFO - Sync 1 DAGs
[2023-11-16T21:58:46.636+0000] {logging_mixin.py:151} INFO - [2023-11-16T21:58:46.636+0000] {dag.py:3722} INFO - Setting next_dagrun for data_ingestion_gcs_dag to 2023-11-15T00:00:00+00:00, run_after=2023-11-16T00:00:00+00:00
[2023-11-16T21:58:46.667+0000] {processor.py:179} INFO - Processing /opt/airflow/dags/data_ingestion_gcs_dag.py took 0.199 seconds
[2023-11-16T21:59:16.839+0000] {processor.py:157} INFO - Started process (PID=15015) to work on /opt/airflow/dags/data_ingestion_gcs_dag.py
[2023-11-16T21:59:16.841+0000] {processor.py:829} INFO - Processing file /opt/airflow/dags/data_ingestion_gcs_dag.py for tasks to queue
[2023-11-16T21:59:16.842+0000] {logging_mixin.py:151} INFO - [2023-11-16T21:59:16.842+0000] {dagbag.py:536} INFO - Filling up the DagBag from /opt/airflow/dags/data_ingestion_gcs_dag.py
[2023-11-16T21:59:16.891+0000] {processor.py:839} INFO - DAG(s) dict_keys(['data_ingestion_gcs_dag']) retrieved from /opt/airflow/dags/data_ingestion_gcs_dag.py
[2023-11-16T21:59:16.928+0000] {logging_mixin.py:151} INFO - [2023-11-16T21:59:16.928+0000] {dag.py:2941} INFO - Sync 1 DAGs
[2023-11-16T21:59:16.964+0000] {logging_mixin.py:151} INFO - [2023-11-16T21:59:16.964+0000] {dag.py:3722} INFO - Setting next_dagrun for data_ingestion_gcs_dag to 2023-11-15T00:00:00+00:00, run_after=2023-11-16T00:00:00+00:00
[2023-11-16T21:59:16.996+0000] {processor.py:179} INFO - Processing /opt/airflow/dags/data_ingestion_gcs_dag.py took 0.162 seconds
[2023-11-16T21:59:47.390+0000] {processor.py:157} INFO - Started process (PID=15033) to work on /opt/airflow/dags/data_ingestion_gcs_dag.py
[2023-11-16T21:59:47.391+0000] {processor.py:829} INFO - Processing file /opt/airflow/dags/data_ingestion_gcs_dag.py for tasks to queue
[2023-11-16T21:59:47.393+0000] {logging_mixin.py:151} INFO - [2023-11-16T21:59:47.393+0000] {dagbag.py:536} INFO - Filling up the DagBag from /opt/airflow/dags/data_ingestion_gcs_dag.py
[2023-11-16T21:59:47.436+0000] {processor.py:839} INFO - DAG(s) dict_keys(['data_ingestion_gcs_dag']) retrieved from /opt/airflow/dags/data_ingestion_gcs_dag.py
[2023-11-16T21:59:47.468+0000] {logging_mixin.py:151} INFO - [2023-11-16T21:59:47.468+0000] {dag.py:2941} INFO - Sync 1 DAGs
[2023-11-16T21:59:47.502+0000] {logging_mixin.py:151} INFO - [2023-11-16T21:59:47.502+0000] {dag.py:3722} INFO - Setting next_dagrun for data_ingestion_gcs_dag to 2023-11-15T00:00:00+00:00, run_after=2023-11-16T00:00:00+00:00
[2023-11-16T21:59:47.525+0000] {processor.py:179} INFO - Processing /opt/airflow/dags/data_ingestion_gcs_dag.py took 0.140 seconds
[2023-11-16T22:00:17.740+0000] {processor.py:157} INFO - Started process (PID=15059) to work on /opt/airflow/dags/data_ingestion_gcs_dag.py
[2023-11-16T22:00:17.741+0000] {processor.py:829} INFO - Processing file /opt/airflow/dags/data_ingestion_gcs_dag.py for tasks to queue
[2023-11-16T22:00:17.743+0000] {logging_mixin.py:151} INFO - [2023-11-16T22:00:17.743+0000] {dagbag.py:536} INFO - Filling up the DagBag from /opt/airflow/dags/data_ingestion_gcs_dag.py
[2023-11-16T22:00:17.781+0000] {processor.py:839} INFO - DAG(s) dict_keys(['data_ingestion_gcs_dag']) retrieved from /opt/airflow/dags/data_ingestion_gcs_dag.py
[2023-11-16T22:00:17.815+0000] {logging_mixin.py:151} INFO - [2023-11-16T22:00:17.815+0000] {dag.py:2941} INFO - Sync 1 DAGs
[2023-11-16T22:00:17.853+0000] {logging_mixin.py:151} INFO - [2023-11-16T22:00:17.853+0000] {dag.py:3722} INFO - Setting next_dagrun for data_ingestion_gcs_dag to 2023-11-15T00:00:00+00:00, run_after=2023-11-16T00:00:00+00:00
[2023-11-16T22:00:17.887+0000] {processor.py:179} INFO - Processing /opt/airflow/dags/data_ingestion_gcs_dag.py took 0.150 seconds
[2023-11-16T22:00:48.337+0000] {processor.py:157} INFO - Started process (PID=15077) to work on /opt/airflow/dags/data_ingestion_gcs_dag.py
[2023-11-16T22:00:48.339+0000] {processor.py:829} INFO - Processing file /opt/airflow/dags/data_ingestion_gcs_dag.py for tasks to queue
[2023-11-16T22:00:48.341+0000] {logging_mixin.py:151} INFO - [2023-11-16T22:00:48.340+0000] {dagbag.py:536} INFO - Filling up the DagBag from /opt/airflow/dags/data_ingestion_gcs_dag.py
[2023-11-16T22:00:48.397+0000] {processor.py:839} INFO - DAG(s) dict_keys(['data_ingestion_gcs_dag']) retrieved from /opt/airflow/dags/data_ingestion_gcs_dag.py
[2023-11-16T22:00:48.434+0000] {logging_mixin.py:151} INFO - [2023-11-16T22:00:48.433+0000] {dag.py:2941} INFO - Sync 1 DAGs
[2023-11-16T22:00:48.468+0000] {logging_mixin.py:151} INFO - [2023-11-16T22:00:48.468+0000] {dag.py:3722} INFO - Setting next_dagrun for data_ingestion_gcs_dag to 2023-11-15T00:00:00+00:00, run_after=2023-11-16T00:00:00+00:00
[2023-11-16T22:00:48.509+0000] {processor.py:179} INFO - Processing /opt/airflow/dags/data_ingestion_gcs_dag.py took 0.178 seconds
[2023-11-16T22:01:18.715+0000] {processor.py:157} INFO - Started process (PID=15105) to work on /opt/airflow/dags/data_ingestion_gcs_dag.py
[2023-11-16T22:01:18.717+0000] {processor.py:829} INFO - Processing file /opt/airflow/dags/data_ingestion_gcs_dag.py for tasks to queue
[2023-11-16T22:01:18.719+0000] {logging_mixin.py:151} INFO - [2023-11-16T22:01:18.718+0000] {dagbag.py:536} INFO - Filling up the DagBag from /opt/airflow/dags/data_ingestion_gcs_dag.py
[2023-11-16T22:01:18.764+0000] {processor.py:839} INFO - DAG(s) dict_keys(['data_ingestion_gcs_dag']) retrieved from /opt/airflow/dags/data_ingestion_gcs_dag.py
[2023-11-16T22:01:18.799+0000] {logging_mixin.py:151} INFO - [2023-11-16T22:01:18.798+0000] {dag.py:2941} INFO - Sync 1 DAGs
[2023-11-16T22:01:18.831+0000] {logging_mixin.py:151} INFO - [2023-11-16T22:01:18.830+0000] {dag.py:3722} INFO - Setting next_dagrun for data_ingestion_gcs_dag to 2023-11-15T00:00:00+00:00, run_after=2023-11-16T00:00:00+00:00
[2023-11-16T22:01:18.869+0000] {processor.py:179} INFO - Processing /opt/airflow/dags/data_ingestion_gcs_dag.py took 0.158 seconds
[2023-11-16T22:01:49.213+0000] {processor.py:157} INFO - Started process (PID=15124) to work on /opt/airflow/dags/data_ingestion_gcs_dag.py
[2023-11-16T22:01:49.216+0000] {processor.py:829} INFO - Processing file /opt/airflow/dags/data_ingestion_gcs_dag.py for tasks to queue
[2023-11-16T22:01:49.218+0000] {logging_mixin.py:151} INFO - [2023-11-16T22:01:49.217+0000] {dagbag.py:536} INFO - Filling up the DagBag from /opt/airflow/dags/data_ingestion_gcs_dag.py
[2023-11-16T22:01:49.267+0000] {processor.py:839} INFO - DAG(s) dict_keys(['data_ingestion_gcs_dag']) retrieved from /opt/airflow/dags/data_ingestion_gcs_dag.py
[2023-11-16T22:01:49.308+0000] {logging_mixin.py:151} INFO - [2023-11-16T22:01:49.308+0000] {dag.py:2941} INFO - Sync 1 DAGs
[2023-11-16T22:01:49.353+0000] {logging_mixin.py:151} INFO - [2023-11-16T22:01:49.352+0000] {dag.py:3722} INFO - Setting next_dagrun for data_ingestion_gcs_dag to 2023-11-15T00:00:00+00:00, run_after=2023-11-16T00:00:00+00:00
[2023-11-16T22:01:49.391+0000] {processor.py:179} INFO - Processing /opt/airflow/dags/data_ingestion_gcs_dag.py took 0.182 seconds
[2023-11-16T22:02:19.593+0000] {processor.py:157} INFO - Started process (PID=15142) to work on /opt/airflow/dags/data_ingestion_gcs_dag.py
[2023-11-16T22:02:19.596+0000] {processor.py:829} INFO - Processing file /opt/airflow/dags/data_ingestion_gcs_dag.py for tasks to queue
[2023-11-16T22:02:19.598+0000] {logging_mixin.py:151} INFO - [2023-11-16T22:02:19.598+0000] {dagbag.py:536} INFO - Filling up the DagBag from /opt/airflow/dags/data_ingestion_gcs_dag.py
[2023-11-16T22:02:19.654+0000] {processor.py:839} INFO - DAG(s) dict_keys(['data_ingestion_gcs_dag']) retrieved from /opt/airflow/dags/data_ingestion_gcs_dag.py
[2023-11-16T22:02:19.700+0000] {logging_mixin.py:151} INFO - [2023-11-16T22:02:19.699+0000] {dag.py:2941} INFO - Sync 1 DAGs
[2023-11-16T22:02:19.743+0000] {logging_mixin.py:151} INFO - [2023-11-16T22:02:19.742+0000] {dag.py:3722} INFO - Setting next_dagrun for data_ingestion_gcs_dag to 2023-11-15T00:00:00+00:00, run_after=2023-11-16T00:00:00+00:00
[2023-11-16T22:02:19.781+0000] {processor.py:179} INFO - Processing /opt/airflow/dags/data_ingestion_gcs_dag.py took 0.192 seconds
[2023-11-16T22:02:50.045+0000] {processor.py:157} INFO - Started process (PID=15168) to work on /opt/airflow/dags/data_ingestion_gcs_dag.py
[2023-11-16T22:02:50.047+0000] {processor.py:829} INFO - Processing file /opt/airflow/dags/data_ingestion_gcs_dag.py for tasks to queue
[2023-11-16T22:02:50.048+0000] {logging_mixin.py:151} INFO - [2023-11-16T22:02:50.048+0000] {dagbag.py:536} INFO - Filling up the DagBag from /opt/airflow/dags/data_ingestion_gcs_dag.py
[2023-11-16T22:02:50.092+0000] {processor.py:839} INFO - DAG(s) dict_keys(['data_ingestion_gcs_dag']) retrieved from /opt/airflow/dags/data_ingestion_gcs_dag.py
[2023-11-16T22:02:50.121+0000] {logging_mixin.py:151} INFO - [2023-11-16T22:02:50.121+0000] {dag.py:2941} INFO - Sync 1 DAGs
[2023-11-16T22:02:50.155+0000] {logging_mixin.py:151} INFO - [2023-11-16T22:02:50.155+0000] {dag.py:3722} INFO - Setting next_dagrun for data_ingestion_gcs_dag to 2023-11-15T00:00:00+00:00, run_after=2023-11-16T00:00:00+00:00
[2023-11-16T22:02:50.182+0000] {processor.py:179} INFO - Processing /opt/airflow/dags/data_ingestion_gcs_dag.py took 0.140 seconds
[2023-11-16T22:03:20.426+0000] {processor.py:157} INFO - Started process (PID=15186) to work on /opt/airflow/dags/data_ingestion_gcs_dag.py
[2023-11-16T22:03:20.428+0000] {processor.py:829} INFO - Processing file /opt/airflow/dags/data_ingestion_gcs_dag.py for tasks to queue
[2023-11-16T22:03:20.430+0000] {logging_mixin.py:151} INFO - [2023-11-16T22:03:20.430+0000] {dagbag.py:536} INFO - Filling up the DagBag from /opt/airflow/dags/data_ingestion_gcs_dag.py
[2023-11-16T22:03:20.489+0000] {processor.py:839} INFO - DAG(s) dict_keys(['data_ingestion_gcs_dag']) retrieved from /opt/airflow/dags/data_ingestion_gcs_dag.py
[2023-11-16T22:03:20.524+0000] {logging_mixin.py:151} INFO - [2023-11-16T22:03:20.523+0000] {dag.py:2941} INFO - Sync 1 DAGs
[2023-11-16T22:03:20.557+0000] {logging_mixin.py:151} INFO - [2023-11-16T22:03:20.557+0000] {dag.py:3722} INFO - Setting next_dagrun for data_ingestion_gcs_dag to 2023-11-15T00:00:00+00:00, run_after=2023-11-16T00:00:00+00:00
[2023-11-16T22:03:20.592+0000] {processor.py:179} INFO - Processing /opt/airflow/dags/data_ingestion_gcs_dag.py took 0.171 seconds
[2023-11-16T22:03:50.859+0000] {processor.py:157} INFO - Started process (PID=15212) to work on /opt/airflow/dags/data_ingestion_gcs_dag.py
[2023-11-16T22:03:50.860+0000] {processor.py:829} INFO - Processing file /opt/airflow/dags/data_ingestion_gcs_dag.py for tasks to queue
[2023-11-16T22:03:50.861+0000] {logging_mixin.py:151} INFO - [2023-11-16T22:03:50.861+0000] {dagbag.py:536} INFO - Filling up the DagBag from /opt/airflow/dags/data_ingestion_gcs_dag.py
[2023-11-16T22:03:50.894+0000] {processor.py:839} INFO - DAG(s) dict_keys(['data_ingestion_gcs_dag']) retrieved from /opt/airflow/dags/data_ingestion_gcs_dag.py
[2023-11-16T22:03:50.920+0000] {logging_mixin.py:151} INFO - [2023-11-16T22:03:50.920+0000] {dag.py:2941} INFO - Sync 1 DAGs
[2023-11-16T22:03:50.953+0000] {logging_mixin.py:151} INFO - [2023-11-16T22:03:50.952+0000] {dag.py:3722} INFO - Setting next_dagrun for data_ingestion_gcs_dag to 2023-11-15T00:00:00+00:00, run_after=2023-11-16T00:00:00+00:00
[2023-11-16T22:03:50.978+0000] {processor.py:179} INFO - Processing /opt/airflow/dags/data_ingestion_gcs_dag.py took 0.122 seconds
[2023-11-16T22:04:21.384+0000] {processor.py:157} INFO - Started process (PID=15230) to work on /opt/airflow/dags/data_ingestion_gcs_dag.py
[2023-11-16T22:04:21.386+0000] {processor.py:829} INFO - Processing file /opt/airflow/dags/data_ingestion_gcs_dag.py for tasks to queue
[2023-11-16T22:04:21.388+0000] {logging_mixin.py:151} INFO - [2023-11-16T22:04:21.388+0000] {dagbag.py:536} INFO - Filling up the DagBag from /opt/airflow/dags/data_ingestion_gcs_dag.py
[2023-11-16T22:04:21.443+0000] {processor.py:839} INFO - DAG(s) dict_keys(['data_ingestion_gcs_dag']) retrieved from /opt/airflow/dags/data_ingestion_gcs_dag.py
[2023-11-16T22:04:21.485+0000] {logging_mixin.py:151} INFO - [2023-11-16T22:04:21.484+0000] {dag.py:2941} INFO - Sync 1 DAGs
[2023-11-16T22:04:21.527+0000] {logging_mixin.py:151} INFO - [2023-11-16T22:04:21.526+0000] {dag.py:3722} INFO - Setting next_dagrun for data_ingestion_gcs_dag to 2023-11-15T00:00:00+00:00, run_after=2023-11-16T00:00:00+00:00
[2023-11-16T22:04:21.562+0000] {processor.py:179} INFO - Processing /opt/airflow/dags/data_ingestion_gcs_dag.py took 0.183 seconds
[2023-11-16T22:04:51.743+0000] {processor.py:157} INFO - Started process (PID=15248) to work on /opt/airflow/dags/data_ingestion_gcs_dag.py
[2023-11-16T22:04:51.745+0000] {processor.py:829} INFO - Processing file /opt/airflow/dags/data_ingestion_gcs_dag.py for tasks to queue
[2023-11-16T22:04:51.746+0000] {logging_mixin.py:151} INFO - [2023-11-16T22:04:51.746+0000] {dagbag.py:536} INFO - Filling up the DagBag from /opt/airflow/dags/data_ingestion_gcs_dag.py
[2023-11-16T22:04:51.787+0000] {processor.py:839} INFO - DAG(s) dict_keys(['data_ingestion_gcs_dag']) retrieved from /opt/airflow/dags/data_ingestion_gcs_dag.py
[2023-11-16T22:04:51.820+0000] {logging_mixin.py:151} INFO - [2023-11-16T22:04:51.820+0000] {dag.py:2941} INFO - Sync 1 DAGs
[2023-11-16T22:04:51.854+0000] {logging_mixin.py:151} INFO - [2023-11-16T22:04:51.853+0000] {dag.py:3722} INFO - Setting next_dagrun for data_ingestion_gcs_dag to 2023-11-15T00:00:00+00:00, run_after=2023-11-16T00:00:00+00:00
[2023-11-16T22:04:51.879+0000] {processor.py:179} INFO - Processing /opt/airflow/dags/data_ingestion_gcs_dag.py took 0.141 seconds
[2023-11-16T22:05:22.291+0000] {processor.py:157} INFO - Started process (PID=15274) to work on /opt/airflow/dags/data_ingestion_gcs_dag.py
[2023-11-16T22:05:22.293+0000] {processor.py:829} INFO - Processing file /opt/airflow/dags/data_ingestion_gcs_dag.py for tasks to queue
[2023-11-16T22:05:22.295+0000] {logging_mixin.py:151} INFO - [2023-11-16T22:05:22.294+0000] {dagbag.py:536} INFO - Filling up the DagBag from /opt/airflow/dags/data_ingestion_gcs_dag.py
[2023-11-16T22:05:22.324+0000] {processor.py:839} INFO - DAG(s) dict_keys(['data_ingestion_gcs_dag']) retrieved from /opt/airflow/dags/data_ingestion_gcs_dag.py
[2023-11-16T22:05:22.349+0000] {logging_mixin.py:151} INFO - [2023-11-16T22:05:22.349+0000] {dag.py:2941} INFO - Sync 1 DAGs
[2023-11-16T22:05:22.374+0000] {logging_mixin.py:151} INFO - [2023-11-16T22:05:22.374+0000] {dag.py:3722} INFO - Setting next_dagrun for data_ingestion_gcs_dag to 2023-11-15T00:00:00+00:00, run_after=2023-11-16T00:00:00+00:00
[2023-11-16T22:05:22.399+0000] {processor.py:179} INFO - Processing /opt/airflow/dags/data_ingestion_gcs_dag.py took 0.113 seconds
