[2023-11-16T07:10:01.409+0000] {processor.py:157} INFO - Started process (PID=13381) to work on /opt/airflow/dags/data_github_to_gcp.py
[2023-11-16T07:10:01.472+0000] {processor.py:829} INFO - Processing file /opt/airflow/dags/data_github_to_gcp.py for tasks to queue
[2023-11-16T07:10:01.565+0000] {logging_mixin.py:151} INFO - [2023-11-16T07:10:01.564+0000] {dagbag.py:536} INFO - Filling up the DagBag from /opt/airflow/dags/data_github_to_gcp.py
[2023-11-16T07:10:02.639+0000] {processor.py:839} INFO - DAG(s) dict_keys(['data_github_to_gcs_dag']) retrieved from /opt/airflow/dags/data_github_to_gcp.py
[2023-11-16T07:10:03.849+0000] {logging_mixin.py:151} INFO - [2023-11-16T07:10:03.849+0000] {dag.py:2941} INFO - Sync 1 DAGs
[2023-11-16T07:10:03.926+0000] {processor.py:179} INFO - Processing /opt/airflow/dags/data_github_to_gcp.py took 2.586 seconds
[2023-11-16T07:10:34.420+0000] {processor.py:157} INFO - Started process (PID=13411) to work on /opt/airflow/dags/data_github_to_gcp.py
[2023-11-16T07:10:34.421+0000] {processor.py:829} INFO - Processing file /opt/airflow/dags/data_github_to_gcp.py for tasks to queue
[2023-11-16T07:10:34.422+0000] {logging_mixin.py:151} INFO - [2023-11-16T07:10:34.422+0000] {dagbag.py:536} INFO - Filling up the DagBag from /opt/airflow/dags/data_github_to_gcp.py
[2023-11-16T07:10:34.453+0000] {processor.py:839} INFO - DAG(s) dict_keys(['data_github_to_gcs_dag']) retrieved from /opt/airflow/dags/data_github_to_gcp.py
[2023-11-16T07:10:34.479+0000] {logging_mixin.py:151} INFO - [2023-11-16T07:10:34.479+0000] {dag.py:2941} INFO - Sync 1 DAGs
[2023-11-16T07:10:34.561+0000] {processor.py:179} INFO - Processing /opt/airflow/dags/data_github_to_gcp.py took 0.144 seconds
[2023-11-16T07:11:04.942+0000] {processor.py:157} INFO - Started process (PID=13430) to work on /opt/airflow/dags/data_github_to_gcp.py
[2023-11-16T07:11:04.945+0000] {processor.py:829} INFO - Processing file /opt/airflow/dags/data_github_to_gcp.py for tasks to queue
[2023-11-16T07:11:04.947+0000] {logging_mixin.py:151} INFO - [2023-11-16T07:11:04.946+0000] {dagbag.py:536} INFO - Filling up the DagBag from /opt/airflow/dags/data_github_to_gcp.py
[2023-11-16T07:11:04.996+0000] {processor.py:839} INFO - DAG(s) dict_keys(['data_github_to_gcs_dag']) retrieved from /opt/airflow/dags/data_github_to_gcp.py
[2023-11-16T07:11:05.032+0000] {logging_mixin.py:151} INFO - [2023-11-16T07:11:05.031+0000] {dag.py:2941} INFO - Sync 1 DAGs
[2023-11-16T07:11:05.098+0000] {processor.py:179} INFO - Processing /opt/airflow/dags/data_github_to_gcp.py took 0.159 seconds
[2023-11-16T07:11:35.503+0000] {processor.py:157} INFO - Started process (PID=13457) to work on /opt/airflow/dags/data_github_to_gcp.py
[2023-11-16T07:11:35.505+0000] {processor.py:829} INFO - Processing file /opt/airflow/dags/data_github_to_gcp.py for tasks to queue
[2023-11-16T07:11:35.508+0000] {logging_mixin.py:151} INFO - [2023-11-16T07:11:35.507+0000] {dagbag.py:536} INFO - Filling up the DagBag from /opt/airflow/dags/data_github_to_gcp.py
[2023-11-16T07:11:35.568+0000] {processor.py:839} INFO - DAG(s) dict_keys(['data_github_to_gcs_dag']) retrieved from /opt/airflow/dags/data_github_to_gcp.py
[2023-11-16T07:11:35.613+0000] {logging_mixin.py:151} INFO - [2023-11-16T07:11:35.613+0000] {dag.py:2941} INFO - Sync 1 DAGs
[2023-11-16T07:11:35.694+0000] {processor.py:179} INFO - Processing /opt/airflow/dags/data_github_to_gcp.py took 0.196 seconds
[2023-11-16T07:12:06.092+0000] {processor.py:157} INFO - Started process (PID=13475) to work on /opt/airflow/dags/data_github_to_gcp.py
[2023-11-16T07:12:06.094+0000] {processor.py:829} INFO - Processing file /opt/airflow/dags/data_github_to_gcp.py for tasks to queue
[2023-11-16T07:12:06.096+0000] {logging_mixin.py:151} INFO - [2023-11-16T07:12:06.095+0000] {dagbag.py:536} INFO - Filling up the DagBag from /opt/airflow/dags/data_github_to_gcp.py
[2023-11-16T07:12:06.154+0000] {processor.py:839} INFO - DAG(s) dict_keys(['data_github_to_gcs_dag']) retrieved from /opt/airflow/dags/data_github_to_gcp.py
[2023-11-16T07:12:06.194+0000] {logging_mixin.py:151} INFO - [2023-11-16T07:12:06.193+0000] {dag.py:2941} INFO - Sync 1 DAGs
[2023-11-16T07:12:06.264+0000] {processor.py:179} INFO - Processing /opt/airflow/dags/data_github_to_gcp.py took 0.176 seconds
[2023-11-16T07:12:36.662+0000] {processor.py:157} INFO - Started process (PID=13493) to work on /opt/airflow/dags/data_github_to_gcp.py
[2023-11-16T07:12:36.665+0000] {processor.py:829} INFO - Processing file /opt/airflow/dags/data_github_to_gcp.py for tasks to queue
[2023-11-16T07:12:36.667+0000] {logging_mixin.py:151} INFO - [2023-11-16T07:12:36.666+0000] {dagbag.py:536} INFO - Filling up the DagBag from /opt/airflow/dags/data_github_to_gcp.py
[2023-11-16T07:12:36.720+0000] {processor.py:839} INFO - DAG(s) dict_keys(['data_github_to_gcs_dag']) retrieved from /opt/airflow/dags/data_github_to_gcp.py
[2023-11-16T07:12:36.758+0000] {logging_mixin.py:151} INFO - [2023-11-16T07:12:36.758+0000] {dag.py:2941} INFO - Sync 1 DAGs
[2023-11-16T07:12:36.829+0000] {processor.py:179} INFO - Processing /opt/airflow/dags/data_github_to_gcp.py took 0.172 seconds
[2023-11-16T07:13:07.047+0000] {processor.py:157} INFO - Started process (PID=13519) to work on /opt/airflow/dags/data_github_to_gcp.py
[2023-11-16T07:13:07.049+0000] {processor.py:829} INFO - Processing file /opt/airflow/dags/data_github_to_gcp.py for tasks to queue
[2023-11-16T07:13:07.050+0000] {logging_mixin.py:151} INFO - [2023-11-16T07:13:07.050+0000] {dagbag.py:536} INFO - Filling up the DagBag from /opt/airflow/dags/data_github_to_gcp.py
[2023-11-16T07:13:07.100+0000] {processor.py:839} INFO - DAG(s) dict_keys(['data_github_to_gcs_dag']) retrieved from /opt/airflow/dags/data_github_to_gcp.py
[2023-11-16T07:13:07.141+0000] {logging_mixin.py:151} INFO - [2023-11-16T07:13:07.140+0000] {dag.py:2941} INFO - Sync 1 DAGs
[2023-11-16T07:13:07.201+0000] {processor.py:179} INFO - Processing /opt/airflow/dags/data_github_to_gcp.py took 0.158 seconds
[2023-11-16T07:13:37.636+0000] {processor.py:157} INFO - Started process (PID=13537) to work on /opt/airflow/dags/data_github_to_gcp.py
[2023-11-16T07:13:37.639+0000] {processor.py:829} INFO - Processing file /opt/airflow/dags/data_github_to_gcp.py for tasks to queue
[2023-11-16T07:13:37.642+0000] {logging_mixin.py:151} INFO - [2023-11-16T07:13:37.641+0000] {dagbag.py:536} INFO - Filling up the DagBag from /opt/airflow/dags/data_github_to_gcp.py
[2023-11-16T07:13:37.698+0000] {processor.py:839} INFO - DAG(s) dict_keys(['data_github_to_gcs_dag']) retrieved from /opt/airflow/dags/data_github_to_gcp.py
[2023-11-16T07:13:37.739+0000] {logging_mixin.py:151} INFO - [2023-11-16T07:13:37.739+0000] {dag.py:2941} INFO - Sync 1 DAGs
[2023-11-16T07:13:37.809+0000] {processor.py:179} INFO - Processing /opt/airflow/dags/data_github_to_gcp.py took 0.178 seconds
[2023-11-16T07:14:08.043+0000] {processor.py:157} INFO - Started process (PID=13555) to work on /opt/airflow/dags/data_github_to_gcp.py
[2023-11-16T07:14:08.045+0000] {processor.py:829} INFO - Processing file /opt/airflow/dags/data_github_to_gcp.py for tasks to queue
[2023-11-16T07:14:08.047+0000] {logging_mixin.py:151} INFO - [2023-11-16T07:14:08.046+0000] {dagbag.py:536} INFO - Filling up the DagBag from /opt/airflow/dags/data_github_to_gcp.py
[2023-11-16T07:14:08.104+0000] {processor.py:839} INFO - DAG(s) dict_keys(['data_github_to_gcs_dag']) retrieved from /opt/airflow/dags/data_github_to_gcp.py
[2023-11-16T07:14:08.145+0000] {logging_mixin.py:151} INFO - [2023-11-16T07:14:08.145+0000] {dag.py:2941} INFO - Sync 1 DAGs
[2023-11-16T07:14:08.215+0000] {processor.py:179} INFO - Processing /opt/airflow/dags/data_github_to_gcp.py took 0.176 seconds
[2023-11-16T07:14:38.616+0000] {processor.py:157} INFO - Started process (PID=13581) to work on /opt/airflow/dags/data_github_to_gcp.py
[2023-11-16T07:14:38.618+0000] {processor.py:829} INFO - Processing file /opt/airflow/dags/data_github_to_gcp.py for tasks to queue
[2023-11-16T07:14:38.620+0000] {logging_mixin.py:151} INFO - [2023-11-16T07:14:38.619+0000] {dagbag.py:536} INFO - Filling up the DagBag from /opt/airflow/dags/data_github_to_gcp.py
[2023-11-16T07:14:38.670+0000] {processor.py:839} INFO - DAG(s) dict_keys(['data_github_to_gcs_dag']) retrieved from /opt/airflow/dags/data_github_to_gcp.py
[2023-11-16T07:14:38.708+0000] {logging_mixin.py:151} INFO - [2023-11-16T07:14:38.708+0000] {dag.py:2941} INFO - Sync 1 DAGs
[2023-11-16T07:14:38.769+0000] {processor.py:179} INFO - Processing /opt/airflow/dags/data_github_to_gcp.py took 0.158 seconds
[2023-11-16T07:15:09.235+0000] {processor.py:157} INFO - Started process (PID=13599) to work on /opt/airflow/dags/data_github_to_gcp.py
[2023-11-16T07:15:09.238+0000] {processor.py:829} INFO - Processing file /opt/airflow/dags/data_github_to_gcp.py for tasks to queue
[2023-11-16T07:15:09.239+0000] {logging_mixin.py:151} INFO - [2023-11-16T07:15:09.239+0000] {dagbag.py:536} INFO - Filling up the DagBag from /opt/airflow/dags/data_github_to_gcp.py
[2023-11-16T07:15:09.292+0000] {processor.py:839} INFO - DAG(s) dict_keys(['data_github_to_gcs_dag']) retrieved from /opt/airflow/dags/data_github_to_gcp.py
[2023-11-16T07:15:09.332+0000] {logging_mixin.py:151} INFO - [2023-11-16T07:15:09.331+0000] {dag.py:2941} INFO - Sync 1 DAGs
[2023-11-16T07:15:09.402+0000] {processor.py:179} INFO - Processing /opt/airflow/dags/data_github_to_gcp.py took 0.172 seconds
[2023-11-16T07:22:56.072+0000] {processor.py:157} INFO - Started process (PID=13616) to work on /opt/airflow/dags/data_github_to_gcp.py
[2023-11-16T07:22:56.073+0000] {processor.py:829} INFO - Processing file /opt/airflow/dags/data_github_to_gcp.py for tasks to queue
[2023-11-16T07:22:56.074+0000] {logging_mixin.py:151} INFO - [2023-11-16T07:22:56.074+0000] {dagbag.py:536} INFO - Filling up the DagBag from /opt/airflow/dags/data_github_to_gcp.py
[2023-11-16T07:22:56.106+0000] {processor.py:839} INFO - DAG(s) dict_keys(['data_github_to_gcs_dag']) retrieved from /opt/airflow/dags/data_github_to_gcp.py
[2023-11-16T07:22:56.134+0000] {logging_mixin.py:151} INFO - [2023-11-16T07:22:56.133+0000] {dag.py:2941} INFO - Sync 1 DAGs
[2023-11-16T07:22:56.158+0000] {logging_mixin.py:151} INFO - [2023-11-16T07:22:56.158+0000] {dag.py:3722} INFO - Setting next_dagrun for data_github_to_gcs_dag to 2023-11-16T00:00:00+00:00, run_after=2023-11-17T00:00:00+00:00
[2023-11-16T07:22:56.186+0000] {processor.py:179} INFO - Processing /opt/airflow/dags/data_github_to_gcp.py took 0.117 seconds
[2023-11-16T07:23:26.671+0000] {processor.py:157} INFO - Started process (PID=13634) to work on /opt/airflow/dags/data_github_to_gcp.py
[2023-11-16T07:23:26.674+0000] {processor.py:829} INFO - Processing file /opt/airflow/dags/data_github_to_gcp.py for tasks to queue
[2023-11-16T07:23:26.676+0000] {logging_mixin.py:151} INFO - [2023-11-16T07:23:26.675+0000] {dagbag.py:536} INFO - Filling up the DagBag from /opt/airflow/dags/data_github_to_gcp.py
[2023-11-16T07:23:26.731+0000] {processor.py:839} INFO - DAG(s) dict_keys(['data_github_to_gcs_dag']) retrieved from /opt/airflow/dags/data_github_to_gcp.py
[2023-11-16T07:23:26.769+0000] {logging_mixin.py:151} INFO - [2023-11-16T07:23:26.769+0000] {dag.py:2941} INFO - Sync 1 DAGs
[2023-11-16T07:23:26.809+0000] {logging_mixin.py:151} INFO - [2023-11-16T07:23:26.809+0000] {dag.py:3722} INFO - Setting next_dagrun for data_github_to_gcs_dag to 2023-11-16T00:00:00+00:00, run_after=2023-11-17T00:00:00+00:00
[2023-11-16T07:23:26.842+0000] {processor.py:179} INFO - Processing /opt/airflow/dags/data_github_to_gcp.py took 0.176 seconds
[2023-11-16T07:23:57.238+0000] {processor.py:157} INFO - Started process (PID=13660) to work on /opt/airflow/dags/data_github_to_gcp.py
[2023-11-16T07:23:57.240+0000] {processor.py:829} INFO - Processing file /opt/airflow/dags/data_github_to_gcp.py for tasks to queue
[2023-11-16T07:23:57.241+0000] {logging_mixin.py:151} INFO - [2023-11-16T07:23:57.241+0000] {dagbag.py:536} INFO - Filling up the DagBag from /opt/airflow/dags/data_github_to_gcp.py
[2023-11-16T07:23:57.277+0000] {processor.py:839} INFO - DAG(s) dict_keys(['data_github_to_gcs_dag']) retrieved from /opt/airflow/dags/data_github_to_gcp.py
[2023-11-16T07:23:57.308+0000] {logging_mixin.py:151} INFO - [2023-11-16T07:23:57.307+0000] {dag.py:2941} INFO - Sync 1 DAGs
[2023-11-16T07:23:57.336+0000] {logging_mixin.py:151} INFO - [2023-11-16T07:23:57.336+0000] {dag.py:3722} INFO - Setting next_dagrun for data_github_to_gcs_dag to 2023-11-16T00:00:00+00:00, run_after=2023-11-17T00:00:00+00:00
[2023-11-16T07:23:57.364+0000] {processor.py:179} INFO - Processing /opt/airflow/dags/data_github_to_gcp.py took 0.130 seconds
[2023-11-16T07:24:27.604+0000] {processor.py:157} INFO - Started process (PID=13679) to work on /opt/airflow/dags/data_github_to_gcp.py
[2023-11-16T07:24:27.605+0000] {processor.py:829} INFO - Processing file /opt/airflow/dags/data_github_to_gcp.py for tasks to queue
[2023-11-16T07:24:27.607+0000] {logging_mixin.py:151} INFO - [2023-11-16T07:24:27.606+0000] {dagbag.py:536} INFO - Filling up the DagBag from /opt/airflow/dags/data_github_to_gcp.py
[2023-11-16T07:24:27.652+0000] {processor.py:839} INFO - DAG(s) dict_keys(['data_github_to_gcs_dag']) retrieved from /opt/airflow/dags/data_github_to_gcp.py
[2023-11-16T07:24:27.689+0000] {logging_mixin.py:151} INFO - [2023-11-16T07:24:27.689+0000] {dag.py:2941} INFO - Sync 1 DAGs
[2023-11-16T07:24:27.721+0000] {logging_mixin.py:151} INFO - [2023-11-16T07:24:27.721+0000] {dag.py:3722} INFO - Setting next_dagrun for data_github_to_gcs_dag to 2023-11-16T00:00:00+00:00, run_after=2023-11-17T00:00:00+00:00
[2023-11-16T07:24:27.757+0000] {processor.py:179} INFO - Processing /opt/airflow/dags/data_github_to_gcp.py took 0.158 seconds
[2023-11-16T07:24:58.047+0000] {processor.py:157} INFO - Started process (PID=13698) to work on /opt/airflow/dags/data_github_to_gcp.py
[2023-11-16T07:24:58.049+0000] {processor.py:829} INFO - Processing file /opt/airflow/dags/data_github_to_gcp.py for tasks to queue
[2023-11-16T07:24:58.051+0000] {logging_mixin.py:151} INFO - [2023-11-16T07:24:58.050+0000] {dagbag.py:536} INFO - Filling up the DagBag from /opt/airflow/dags/data_github_to_gcp.py
[2023-11-16T07:24:58.102+0000] {processor.py:839} INFO - DAG(s) dict_keys(['data_github_to_gcs_dag']) retrieved from /opt/airflow/dags/data_github_to_gcp.py
[2023-11-16T07:24:58.149+0000] {logging_mixin.py:151} INFO - [2023-11-16T07:24:58.149+0000] {dag.py:2941} INFO - Sync 1 DAGs
[2023-11-16T07:24:58.184+0000] {logging_mixin.py:151} INFO - [2023-11-16T07:24:58.184+0000] {dag.py:3722} INFO - Setting next_dagrun for data_github_to_gcs_dag to 2023-11-16T00:00:00+00:00, run_after=2023-11-17T00:00:00+00:00
[2023-11-16T07:24:58.222+0000] {processor.py:179} INFO - Processing /opt/airflow/dags/data_github_to_gcp.py took 0.180 seconds
[2023-11-16T07:25:28.449+0000] {processor.py:157} INFO - Started process (PID=13724) to work on /opt/airflow/dags/data_github_to_gcp.py
[2023-11-16T07:25:28.451+0000] {processor.py:829} INFO - Processing file /opt/airflow/dags/data_github_to_gcp.py for tasks to queue
[2023-11-16T07:25:28.453+0000] {logging_mixin.py:151} INFO - [2023-11-16T07:25:28.453+0000] {dagbag.py:536} INFO - Filling up the DagBag from /opt/airflow/dags/data_github_to_gcp.py
[2023-11-16T07:25:28.514+0000] {processor.py:839} INFO - DAG(s) dict_keys(['data_github_to_gcs_dag']) retrieved from /opt/airflow/dags/data_github_to_gcp.py
[2023-11-16T07:25:28.553+0000] {logging_mixin.py:151} INFO - [2023-11-16T07:25:28.552+0000] {dag.py:2941} INFO - Sync 1 DAGs
[2023-11-16T07:25:28.587+0000] {logging_mixin.py:151} INFO - [2023-11-16T07:25:28.586+0000] {dag.py:3722} INFO - Setting next_dagrun for data_github_to_gcs_dag to 2023-11-16T00:00:00+00:00, run_after=2023-11-17T00:00:00+00:00
[2023-11-16T07:25:28.616+0000] {processor.py:179} INFO - Processing /opt/airflow/dags/data_github_to_gcp.py took 0.171 seconds
[2023-11-16T07:25:58.939+0000] {processor.py:157} INFO - Started process (PID=13742) to work on /opt/airflow/dags/data_github_to_gcp.py
[2023-11-16T07:25:58.941+0000] {processor.py:829} INFO - Processing file /opt/airflow/dags/data_github_to_gcp.py for tasks to queue
[2023-11-16T07:25:58.943+0000] {logging_mixin.py:151} INFO - [2023-11-16T07:25:58.942+0000] {dagbag.py:536} INFO - Filling up the DagBag from /opt/airflow/dags/data_github_to_gcp.py
[2023-11-16T07:25:58.992+0000] {processor.py:839} INFO - DAG(s) dict_keys(['data_github_to_gcs_dag']) retrieved from /opt/airflow/dags/data_github_to_gcp.py
[2023-11-16T07:25:59.029+0000] {logging_mixin.py:151} INFO - [2023-11-16T07:25:59.028+0000] {dag.py:2941} INFO - Sync 1 DAGs
[2023-11-16T07:25:59.070+0000] {logging_mixin.py:151} INFO - [2023-11-16T07:25:59.070+0000] {dag.py:3722} INFO - Setting next_dagrun for data_github_to_gcs_dag to 2023-11-16T00:00:00+00:00, run_after=2023-11-17T00:00:00+00:00
[2023-11-16T07:25:59.102+0000] {processor.py:179} INFO - Processing /opt/airflow/dags/data_github_to_gcp.py took 0.168 seconds
[2023-11-16T07:30:05.346+0000] {processor.py:157} INFO - Started process (PID=13769) to work on /opt/airflow/dags/data_github_to_gcp.py
[2023-11-16T07:30:05.379+0000] {processor.py:829} INFO - Processing file /opt/airflow/dags/data_github_to_gcp.py for tasks to queue
[2023-11-16T07:30:05.388+0000] {logging_mixin.py:151} INFO - [2023-11-16T07:30:05.386+0000] {dagbag.py:536} INFO - Filling up the DagBag from /opt/airflow/dags/data_github_to_gcp.py
[2023-11-16T07:30:05.513+0000] {processor.py:839} INFO - DAG(s) dict_keys(['data_github_to_gcs_dag']) retrieved from /opt/airflow/dags/data_github_to_gcp.py
[2023-11-16T07:30:05.573+0000] {logging_mixin.py:151} INFO - [2023-11-16T07:30:05.572+0000] {dag.py:2941} INFO - Sync 1 DAGs
[2023-11-16T07:30:05.635+0000] {logging_mixin.py:151} INFO - [2023-11-16T07:30:05.634+0000] {dag.py:3722} INFO - Setting next_dagrun for data_github_to_gcs_dag to 2023-11-16T00:00:00+00:00, run_after=2023-11-17T00:00:00+00:00
[2023-11-16T07:30:05.682+0000] {processor.py:179} INFO - Processing /opt/airflow/dags/data_github_to_gcp.py took 0.381 seconds
[2023-11-16T07:30:36.090+0000] {processor.py:157} INFO - Started process (PID=13787) to work on /opt/airflow/dags/data_github_to_gcp.py
[2023-11-16T07:30:36.429+0000] {processor.py:829} INFO - Processing file /opt/airflow/dags/data_github_to_gcp.py for tasks to queue
[2023-11-16T07:30:36.476+0000] {logging_mixin.py:151} INFO - [2023-11-16T07:30:36.475+0000] {dagbag.py:536} INFO - Filling up the DagBag from /opt/airflow/dags/data_github_to_gcp.py
[2023-11-16T07:30:36.610+0000] {processor.py:839} INFO - DAG(s) dict_keys(['data_github_to_gcs_dag']) retrieved from /opt/airflow/dags/data_github_to_gcp.py
[2023-11-16T07:30:36.647+0000] {logging_mixin.py:151} INFO - [2023-11-16T07:30:36.647+0000] {dag.py:2941} INFO - Sync 1 DAGs
[2023-11-16T07:30:36.698+0000] {logging_mixin.py:151} INFO - [2023-11-16T07:30:36.697+0000] {dag.py:3722} INFO - Setting next_dagrun for data_github_to_gcs_dag to 2023-11-16T00:00:00+00:00, run_after=2023-11-17T00:00:00+00:00
[2023-11-16T07:30:36.841+0000] {processor.py:179} INFO - Processing /opt/airflow/dags/data_github_to_gcp.py took 0.760 seconds
[2023-11-16T21:15:03.191+0000] {processor.py:157} INFO - Started process (PID=13805) to work on /opt/airflow/dags/data_github_to_gcp.py
[2023-11-16T21:15:03.193+0000] {processor.py:829} INFO - Processing file /opt/airflow/dags/data_github_to_gcp.py for tasks to queue
[2023-11-16T21:15:03.195+0000] {logging_mixin.py:151} INFO - [2023-11-16T21:15:03.194+0000] {dagbag.py:536} INFO - Filling up the DagBag from /opt/airflow/dags/data_github_to_gcp.py
[2023-11-16T21:15:03.246+0000] {processor.py:839} INFO - DAG(s) dict_keys(['data_github_to_gcs_dag']) retrieved from /opt/airflow/dags/data_github_to_gcp.py
[2023-11-16T21:15:03.287+0000] {logging_mixin.py:151} INFO - [2023-11-16T21:15:03.287+0000] {dag.py:2941} INFO - Sync 1 DAGs
[2023-11-16T21:15:03.323+0000] {logging_mixin.py:151} INFO - [2023-11-16T21:15:03.322+0000] {dag.py:3722} INFO - Setting next_dagrun for data_github_to_gcs_dag to 2023-11-16T00:00:00+00:00, run_after=2023-11-17T00:00:00+00:00
[2023-11-16T21:15:03.358+0000] {processor.py:179} INFO - Processing /opt/airflow/dags/data_github_to_gcp.py took 0.172 seconds
[2023-11-16T21:15:33.559+0000] {processor.py:157} INFO - Started process (PID=13832) to work on /opt/airflow/dags/data_github_to_gcp.py
[2023-11-16T21:15:33.561+0000] {processor.py:829} INFO - Processing file /opt/airflow/dags/data_github_to_gcp.py for tasks to queue
[2023-11-16T21:15:33.563+0000] {logging_mixin.py:151} INFO - [2023-11-16T21:15:33.562+0000] {dagbag.py:536} INFO - Filling up the DagBag from /opt/airflow/dags/data_github_to_gcp.py
[2023-11-16T21:15:33.611+0000] {processor.py:839} INFO - DAG(s) dict_keys(['data_github_to_gcs_dag']) retrieved from /opt/airflow/dags/data_github_to_gcp.py
[2023-11-16T21:15:33.644+0000] {logging_mixin.py:151} INFO - [2023-11-16T21:15:33.644+0000] {dag.py:2941} INFO - Sync 1 DAGs
[2023-11-16T21:15:33.692+0000] {logging_mixin.py:151} INFO - [2023-11-16T21:15:33.692+0000] {dag.py:3722} INFO - Setting next_dagrun for data_github_to_gcs_dag to 2023-11-16T00:00:00+00:00, run_after=2023-11-17T00:00:00+00:00
[2023-11-16T21:15:33.726+0000] {processor.py:179} INFO - Processing /opt/airflow/dags/data_github_to_gcp.py took 0.172 seconds
[2023-11-16T21:16:03.987+0000] {processor.py:157} INFO - Started process (PID=13850) to work on /opt/airflow/dags/data_github_to_gcp.py
[2023-11-16T21:16:03.989+0000] {processor.py:829} INFO - Processing file /opt/airflow/dags/data_github_to_gcp.py for tasks to queue
[2023-11-16T21:16:03.990+0000] {logging_mixin.py:151} INFO - [2023-11-16T21:16:03.990+0000] {dagbag.py:536} INFO - Filling up the DagBag from /opt/airflow/dags/data_github_to_gcp.py
[2023-11-16T21:16:04.035+0000] {processor.py:839} INFO - DAG(s) dict_keys(['data_github_to_gcs_dag']) retrieved from /opt/airflow/dags/data_github_to_gcp.py
[2023-11-16T21:16:04.066+0000] {logging_mixin.py:151} INFO - [2023-11-16T21:16:04.066+0000] {dag.py:2941} INFO - Sync 1 DAGs
[2023-11-16T21:16:04.100+0000] {logging_mixin.py:151} INFO - [2023-11-16T21:16:04.100+0000] {dag.py:3722} INFO - Setting next_dagrun for data_github_to_gcs_dag to 2023-11-16T00:00:00+00:00, run_after=2023-11-17T00:00:00+00:00
[2023-11-16T21:16:04.127+0000] {processor.py:179} INFO - Processing /opt/airflow/dags/data_github_to_gcp.py took 0.144 seconds
[2023-11-16T21:16:34.520+0000] {processor.py:157} INFO - Started process (PID=13867) to work on /opt/airflow/dags/data_github_to_gcp.py
[2023-11-16T21:16:34.523+0000] {processor.py:829} INFO - Processing file /opt/airflow/dags/data_github_to_gcp.py for tasks to queue
[2023-11-16T21:16:34.525+0000] {logging_mixin.py:151} INFO - [2023-11-16T21:16:34.524+0000] {dagbag.py:536} INFO - Filling up the DagBag from /opt/airflow/dags/data_github_to_gcp.py
[2023-11-16T21:16:34.582+0000] {processor.py:839} INFO - DAG(s) dict_keys(['data_github_to_gcs_dag']) retrieved from /opt/airflow/dags/data_github_to_gcp.py
[2023-11-16T21:16:34.624+0000] {logging_mixin.py:151} INFO - [2023-11-16T21:16:34.623+0000] {dag.py:2941} INFO - Sync 1 DAGs
[2023-11-16T21:16:34.660+0000] {logging_mixin.py:151} INFO - [2023-11-16T21:16:34.660+0000] {dag.py:3722} INFO - Setting next_dagrun for data_github_to_gcs_dag to 2023-11-16T00:00:00+00:00, run_after=2023-11-17T00:00:00+00:00
[2023-11-16T21:16:34.692+0000] {processor.py:179} INFO - Processing /opt/airflow/dags/data_github_to_gcp.py took 0.178 seconds
[2023-11-16T21:17:05.065+0000] {processor.py:157} INFO - Started process (PID=13893) to work on /opt/airflow/dags/data_github_to_gcp.py
[2023-11-16T21:17:05.068+0000] {processor.py:829} INFO - Processing file /opt/airflow/dags/data_github_to_gcp.py for tasks to queue
[2023-11-16T21:17:05.071+0000] {logging_mixin.py:151} INFO - [2023-11-16T21:17:05.071+0000] {dagbag.py:536} INFO - Filling up the DagBag from /opt/airflow/dags/data_github_to_gcp.py
[2023-11-16T21:17:05.133+0000] {processor.py:839} INFO - DAG(s) dict_keys(['data_github_to_gcs_dag']) retrieved from /opt/airflow/dags/data_github_to_gcp.py
[2023-11-16T21:17:05.180+0000] {logging_mixin.py:151} INFO - [2023-11-16T21:17:05.179+0000] {dag.py:2941} INFO - Sync 1 DAGs
[2023-11-16T21:17:05.223+0000] {logging_mixin.py:151} INFO - [2023-11-16T21:17:05.222+0000] {dag.py:3722} INFO - Setting next_dagrun for data_github_to_gcs_dag to 2023-11-16T00:00:00+00:00, run_after=2023-11-17T00:00:00+00:00
[2023-11-16T21:17:05.258+0000] {processor.py:179} INFO - Processing /opt/airflow/dags/data_github_to_gcp.py took 0.201 seconds
[2023-11-16T21:17:35.634+0000] {processor.py:157} INFO - Started process (PID=13911) to work on /opt/airflow/dags/data_github_to_gcp.py
[2023-11-16T21:17:35.636+0000] {processor.py:829} INFO - Processing file /opt/airflow/dags/data_github_to_gcp.py for tasks to queue
[2023-11-16T21:17:35.637+0000] {logging_mixin.py:151} INFO - [2023-11-16T21:17:35.637+0000] {dagbag.py:536} INFO - Filling up the DagBag from /opt/airflow/dags/data_github_to_gcp.py
[2023-11-16T21:17:35.686+0000] {processor.py:839} INFO - DAG(s) dict_keys(['data_github_to_gcs_dag']) retrieved from /opt/airflow/dags/data_github_to_gcp.py
[2023-11-16T21:17:35.744+0000] {logging_mixin.py:151} INFO - [2023-11-16T21:17:35.744+0000] {dag.py:2941} INFO - Sync 1 DAGs
[2023-11-16T21:17:35.781+0000] {logging_mixin.py:151} INFO - [2023-11-16T21:17:35.781+0000] {dag.py:3722} INFO - Setting next_dagrun for data_github_to_gcs_dag to 2023-11-16T00:00:00+00:00, run_after=2023-11-17T00:00:00+00:00
[2023-11-16T21:17:35.818+0000] {processor.py:179} INFO - Processing /opt/airflow/dags/data_github_to_gcp.py took 0.191 seconds
[2023-11-16T21:18:05.982+0000] {processor.py:157} INFO - Started process (PID=13929) to work on /opt/airflow/dags/data_github_to_gcp.py
[2023-11-16T21:18:05.984+0000] {processor.py:829} INFO - Processing file /opt/airflow/dags/data_github_to_gcp.py for tasks to queue
[2023-11-16T21:18:05.985+0000] {logging_mixin.py:151} INFO - [2023-11-16T21:18:05.985+0000] {dagbag.py:536} INFO - Filling up the DagBag from /opt/airflow/dags/data_github_to_gcp.py
[2023-11-16T21:18:06.033+0000] {processor.py:839} INFO - DAG(s) dict_keys(['data_github_to_gcs_dag']) retrieved from /opt/airflow/dags/data_github_to_gcp.py
[2023-11-16T21:18:06.066+0000] {logging_mixin.py:151} INFO - [2023-11-16T21:18:06.065+0000] {dag.py:2941} INFO - Sync 1 DAGs
[2023-11-16T21:18:06.107+0000] {logging_mixin.py:151} INFO - [2023-11-16T21:18:06.106+0000] {dag.py:3722} INFO - Setting next_dagrun for data_github_to_gcs_dag to 2023-11-16T00:00:00+00:00, run_after=2023-11-17T00:00:00+00:00
[2023-11-16T21:18:06.137+0000] {processor.py:179} INFO - Processing /opt/airflow/dags/data_github_to_gcp.py took 0.159 seconds
[2023-11-16T21:18:36.525+0000] {processor.py:157} INFO - Started process (PID=13956) to work on /opt/airflow/dags/data_github_to_gcp.py
[2023-11-16T21:18:36.528+0000] {processor.py:829} INFO - Processing file /opt/airflow/dags/data_github_to_gcp.py for tasks to queue
[2023-11-16T21:18:36.530+0000] {logging_mixin.py:151} INFO - [2023-11-16T21:18:36.529+0000] {dagbag.py:536} INFO - Filling up the DagBag from /opt/airflow/dags/data_github_to_gcp.py
[2023-11-16T21:18:36.587+0000] {processor.py:839} INFO - DAG(s) dict_keys(['data_github_to_gcs_dag']) retrieved from /opt/airflow/dags/data_github_to_gcp.py
[2023-11-16T21:18:36.628+0000] {logging_mixin.py:151} INFO - [2023-11-16T21:18:36.628+0000] {dag.py:2941} INFO - Sync 1 DAGs
[2023-11-16T21:18:36.673+0000] {logging_mixin.py:151} INFO - [2023-11-16T21:18:36.673+0000] {dag.py:3722} INFO - Setting next_dagrun for data_github_to_gcs_dag to 2023-11-16T00:00:00+00:00, run_after=2023-11-17T00:00:00+00:00
[2023-11-16T21:18:36.709+0000] {processor.py:179} INFO - Processing /opt/airflow/dags/data_github_to_gcp.py took 0.188 seconds
[2023-11-16T21:19:07.099+0000] {processor.py:157} INFO - Started process (PID=13974) to work on /opt/airflow/dags/data_github_to_gcp.py
[2023-11-16T21:19:07.102+0000] {processor.py:829} INFO - Processing file /opt/airflow/dags/data_github_to_gcp.py for tasks to queue
[2023-11-16T21:19:07.103+0000] {logging_mixin.py:151} INFO - [2023-11-16T21:19:07.103+0000] {dagbag.py:536} INFO - Filling up the DagBag from /opt/airflow/dags/data_github_to_gcp.py
[2023-11-16T21:19:07.158+0000] {processor.py:839} INFO - DAG(s) dict_keys(['data_github_to_gcs_dag']) retrieved from /opt/airflow/dags/data_github_to_gcp.py
[2023-11-16T21:19:07.198+0000] {logging_mixin.py:151} INFO - [2023-11-16T21:19:07.198+0000] {dag.py:2941} INFO - Sync 1 DAGs
[2023-11-16T21:19:07.241+0000] {logging_mixin.py:151} INFO - [2023-11-16T21:19:07.241+0000] {dag.py:3722} INFO - Setting next_dagrun for data_github_to_gcs_dag to 2023-11-16T00:00:00+00:00, run_after=2023-11-17T00:00:00+00:00
[2023-11-16T21:19:07.281+0000] {processor.py:179} INFO - Processing /opt/airflow/dags/data_github_to_gcp.py took 0.186 seconds
[2023-11-16T21:19:37.490+0000] {processor.py:157} INFO - Started process (PID=13999) to work on /opt/airflow/dags/data_github_to_gcp.py
[2023-11-16T21:19:37.494+0000] {processor.py:829} INFO - Processing file /opt/airflow/dags/data_github_to_gcp.py for tasks to queue
[2023-11-16T21:19:37.497+0000] {logging_mixin.py:151} INFO - [2023-11-16T21:19:37.496+0000] {dagbag.py:536} INFO - Filling up the DagBag from /opt/airflow/dags/data_github_to_gcp.py
[2023-11-16T21:19:37.561+0000] {processor.py:839} INFO - DAG(s) dict_keys(['data_github_to_gcs_dag']) retrieved from /opt/airflow/dags/data_github_to_gcp.py
[2023-11-16T21:19:37.610+0000] {logging_mixin.py:151} INFO - [2023-11-16T21:19:37.610+0000] {dag.py:2941} INFO - Sync 1 DAGs
[2023-11-16T21:19:37.662+0000] {logging_mixin.py:151} INFO - [2023-11-16T21:19:37.661+0000] {dag.py:3722} INFO - Setting next_dagrun for data_github_to_gcs_dag to 2023-11-16T00:00:00+00:00, run_after=2023-11-17T00:00:00+00:00
[2023-11-16T21:19:37.700+0000] {processor.py:179} INFO - Processing /opt/airflow/dags/data_github_to_gcp.py took 0.215 seconds
[2023-11-16T21:20:08.229+0000] {processor.py:157} INFO - Started process (PID=14018) to work on /opt/airflow/dags/data_github_to_gcp.py
[2023-11-16T21:20:08.231+0000] {processor.py:829} INFO - Processing file /opt/airflow/dags/data_github_to_gcp.py for tasks to queue
[2023-11-16T21:20:08.235+0000] {logging_mixin.py:151} INFO - [2023-11-16T21:20:08.234+0000] {dagbag.py:536} INFO - Filling up the DagBag from /opt/airflow/dags/data_github_to_gcp.py
[2023-11-16T21:20:08.300+0000] {processor.py:839} INFO - DAG(s) dict_keys(['data_github_to_gcs_dag']) retrieved from /opt/airflow/dags/data_github_to_gcp.py
[2023-11-16T21:20:08.346+0000] {logging_mixin.py:151} INFO - [2023-11-16T21:20:08.346+0000] {dag.py:2941} INFO - Sync 1 DAGs
[2023-11-16T21:20:08.392+0000] {logging_mixin.py:151} INFO - [2023-11-16T21:20:08.392+0000] {dag.py:3722} INFO - Setting next_dagrun for data_github_to_gcs_dag to 2023-11-16T00:00:00+00:00, run_after=2023-11-17T00:00:00+00:00
[2023-11-16T21:20:08.428+0000] {processor.py:179} INFO - Processing /opt/airflow/dags/data_github_to_gcp.py took 0.204 seconds
[2023-11-16T21:20:38.601+0000] {processor.py:157} INFO - Started process (PID=14036) to work on /opt/airflow/dags/data_github_to_gcp.py
[2023-11-16T21:20:38.603+0000] {processor.py:829} INFO - Processing file /opt/airflow/dags/data_github_to_gcp.py for tasks to queue
[2023-11-16T21:20:38.604+0000] {logging_mixin.py:151} INFO - [2023-11-16T21:20:38.604+0000] {dagbag.py:536} INFO - Filling up the DagBag from /opt/airflow/dags/data_github_to_gcp.py
[2023-11-16T21:20:38.645+0000] {processor.py:839} INFO - DAG(s) dict_keys(['data_github_to_gcs_dag']) retrieved from /opt/airflow/dags/data_github_to_gcp.py
[2023-11-16T21:20:38.678+0000] {logging_mixin.py:151} INFO - [2023-11-16T21:20:38.677+0000] {dag.py:2941} INFO - Sync 1 DAGs
[2023-11-16T21:20:38.710+0000] {logging_mixin.py:151} INFO - [2023-11-16T21:20:38.710+0000] {dag.py:3722} INFO - Setting next_dagrun for data_github_to_gcs_dag to 2023-11-16T00:00:00+00:00, run_after=2023-11-17T00:00:00+00:00
[2023-11-16T21:20:38.746+0000] {processor.py:179} INFO - Processing /opt/airflow/dags/data_github_to_gcp.py took 0.148 seconds
[2023-11-16T21:21:09.109+0000] {processor.py:157} INFO - Started process (PID=14057) to work on /opt/airflow/dags/data_github_to_gcp.py
[2023-11-16T21:21:09.110+0000] {processor.py:829} INFO - Processing file /opt/airflow/dags/data_github_to_gcp.py for tasks to queue
[2023-11-16T21:21:09.112+0000] {logging_mixin.py:151} INFO - [2023-11-16T21:21:09.112+0000] {dagbag.py:536} INFO - Filling up the DagBag from /opt/airflow/dags/data_github_to_gcp.py
[2023-11-16T21:21:09.163+0000] {processor.py:839} INFO - DAG(s) dict_keys(['data_github_to_gcs_dag']) retrieved from /opt/airflow/dags/data_github_to_gcp.py
[2023-11-16T21:21:09.206+0000] {logging_mixin.py:151} INFO - [2023-11-16T21:21:09.206+0000] {dag.py:2941} INFO - Sync 1 DAGs
[2023-11-16T21:21:09.246+0000] {logging_mixin.py:151} INFO - [2023-11-16T21:21:09.246+0000] {dag.py:3722} INFO - Setting next_dagrun for data_github_to_gcs_dag to 2023-11-16T00:00:00+00:00, run_after=2023-11-17T00:00:00+00:00
[2023-11-16T21:21:09.286+0000] {processor.py:179} INFO - Processing /opt/airflow/dags/data_github_to_gcp.py took 0.183 seconds
[2023-11-16T21:21:39.672+0000] {processor.py:157} INFO - Started process (PID=14081) to work on /opt/airflow/dags/data_github_to_gcp.py
[2023-11-16T21:21:39.674+0000] {processor.py:829} INFO - Processing file /opt/airflow/dags/data_github_to_gcp.py for tasks to queue
[2023-11-16T21:21:39.678+0000] {logging_mixin.py:151} INFO - [2023-11-16T21:21:39.677+0000] {dagbag.py:536} INFO - Filling up the DagBag from /opt/airflow/dags/data_github_to_gcp.py
[2023-11-16T21:21:39.736+0000] {processor.py:839} INFO - DAG(s) dict_keys(['data_github_to_gcs_dag']) retrieved from /opt/airflow/dags/data_github_to_gcp.py
[2023-11-16T21:21:39.805+0000] {logging_mixin.py:151} INFO - [2023-11-16T21:21:39.804+0000] {dag.py:2941} INFO - Sync 1 DAGs
[2023-11-16T21:21:39.850+0000] {logging_mixin.py:151} INFO - [2023-11-16T21:21:39.849+0000] {dag.py:3722} INFO - Setting next_dagrun for data_github_to_gcs_dag to 2023-11-16T00:00:00+00:00, run_after=2023-11-17T00:00:00+00:00
[2023-11-16T21:21:39.891+0000] {processor.py:179} INFO - Processing /opt/airflow/dags/data_github_to_gcp.py took 0.224 seconds
[2023-11-16T21:22:09.990+0000] {processor.py:157} INFO - Started process (PID=14099) to work on /opt/airflow/dags/data_github_to_gcp.py
[2023-11-16T21:22:09.991+0000] {processor.py:829} INFO - Processing file /opt/airflow/dags/data_github_to_gcp.py for tasks to queue
[2023-11-16T21:22:09.993+0000] {logging_mixin.py:151} INFO - [2023-11-16T21:22:09.992+0000] {dagbag.py:536} INFO - Filling up the DagBag from /opt/airflow/dags/data_github_to_gcp.py
[2023-11-16T21:22:10.035+0000] {processor.py:839} INFO - DAG(s) dict_keys(['data_github_to_gcs_dag']) retrieved from /opt/airflow/dags/data_github_to_gcp.py
[2023-11-16T21:22:10.070+0000] {logging_mixin.py:151} INFO - [2023-11-16T21:22:10.070+0000] {dag.py:2941} INFO - Sync 1 DAGs
[2023-11-16T21:22:10.111+0000] {logging_mixin.py:151} INFO - [2023-11-16T21:22:10.111+0000] {dag.py:3722} INFO - Setting next_dagrun for data_github_to_gcs_dag to 2023-11-16T00:00:00+00:00, run_after=2023-11-17T00:00:00+00:00
[2023-11-16T21:22:10.144+0000] {processor.py:179} INFO - Processing /opt/airflow/dags/data_github_to_gcp.py took 0.158 seconds
[2023-11-16T21:22:40.456+0000] {processor.py:157} INFO - Started process (PID=14125) to work on /opt/airflow/dags/data_github_to_gcp.py
[2023-11-16T21:22:40.458+0000] {processor.py:829} INFO - Processing file /opt/airflow/dags/data_github_to_gcp.py for tasks to queue
[2023-11-16T21:22:40.459+0000] {logging_mixin.py:151} INFO - [2023-11-16T21:22:40.459+0000] {dagbag.py:536} INFO - Filling up the DagBag from /opt/airflow/dags/data_github_to_gcp.py
[2023-11-16T21:22:40.501+0000] {processor.py:839} INFO - DAG(s) dict_keys(['data_github_to_gcs_dag']) retrieved from /opt/airflow/dags/data_github_to_gcp.py
[2023-11-16T21:22:40.530+0000] {logging_mixin.py:151} INFO - [2023-11-16T21:22:40.529+0000] {dag.py:2941} INFO - Sync 1 DAGs
[2023-11-16T21:22:40.557+0000] {logging_mixin.py:151} INFO - [2023-11-16T21:22:40.556+0000] {dag.py:3722} INFO - Setting next_dagrun for data_github_to_gcs_dag to 2023-11-16T00:00:00+00:00, run_after=2023-11-17T00:00:00+00:00
[2023-11-16T21:22:40.580+0000] {processor.py:179} INFO - Processing /opt/airflow/dags/data_github_to_gcp.py took 0.127 seconds
[2023-11-16T21:23:10.807+0000] {processor.py:157} INFO - Started process (PID=14143) to work on /opt/airflow/dags/data_github_to_gcp.py
[2023-11-16T21:23:10.808+0000] {processor.py:829} INFO - Processing file /opt/airflow/dags/data_github_to_gcp.py for tasks to queue
[2023-11-16T21:23:10.810+0000] {logging_mixin.py:151} INFO - [2023-11-16T21:23:10.810+0000] {dagbag.py:536} INFO - Filling up the DagBag from /opt/airflow/dags/data_github_to_gcp.py
[2023-11-16T21:23:10.856+0000] {processor.py:839} INFO - DAG(s) dict_keys(['data_github_to_gcs_dag']) retrieved from /opt/airflow/dags/data_github_to_gcp.py
[2023-11-16T21:23:10.892+0000] {logging_mixin.py:151} INFO - [2023-11-16T21:23:10.892+0000] {dag.py:2941} INFO - Sync 1 DAGs
[2023-11-16T21:23:10.923+0000] {logging_mixin.py:151} INFO - [2023-11-16T21:23:10.923+0000] {dag.py:3722} INFO - Setting next_dagrun for data_github_to_gcs_dag to 2023-11-16T00:00:00+00:00, run_after=2023-11-17T00:00:00+00:00
[2023-11-16T21:23:10.955+0000] {processor.py:179} INFO - Processing /opt/airflow/dags/data_github_to_gcp.py took 0.152 seconds
[2023-11-16T21:23:41.168+0000] {processor.py:157} INFO - Started process (PID=14169) to work on /opt/airflow/dags/data_github_to_gcp.py
[2023-11-16T21:23:41.169+0000] {processor.py:829} INFO - Processing file /opt/airflow/dags/data_github_to_gcp.py for tasks to queue
[2023-11-16T21:23:41.171+0000] {logging_mixin.py:151} INFO - [2023-11-16T21:23:41.170+0000] {dagbag.py:536} INFO - Filling up the DagBag from /opt/airflow/dags/data_github_to_gcp.py
[2023-11-16T21:23:41.212+0000] {processor.py:839} INFO - DAG(s) dict_keys(['data_github_to_gcs_dag']) retrieved from /opt/airflow/dags/data_github_to_gcp.py
[2023-11-16T21:23:41.240+0000] {logging_mixin.py:151} INFO - [2023-11-16T21:23:41.240+0000] {dag.py:2941} INFO - Sync 1 DAGs
[2023-11-16T21:23:41.275+0000] {logging_mixin.py:151} INFO - [2023-11-16T21:23:41.275+0000] {dag.py:3722} INFO - Setting next_dagrun for data_github_to_gcs_dag to 2023-11-16T00:00:00+00:00, run_after=2023-11-17T00:00:00+00:00
[2023-11-16T21:23:41.304+0000] {processor.py:179} INFO - Processing /opt/airflow/dags/data_github_to_gcp.py took 0.139 seconds
[2023-11-16T21:24:11.684+0000] {processor.py:157} INFO - Started process (PID=14187) to work on /opt/airflow/dags/data_github_to_gcp.py
[2023-11-16T21:24:11.686+0000] {processor.py:829} INFO - Processing file /opt/airflow/dags/data_github_to_gcp.py for tasks to queue
[2023-11-16T21:24:11.688+0000] {logging_mixin.py:151} INFO - [2023-11-16T21:24:11.687+0000] {dagbag.py:536} INFO - Filling up the DagBag from /opt/airflow/dags/data_github_to_gcp.py
[2023-11-16T21:24:11.742+0000] {processor.py:839} INFO - DAG(s) dict_keys(['data_github_to_gcs_dag']) retrieved from /opt/airflow/dags/data_github_to_gcp.py
[2023-11-16T21:24:11.782+0000] {logging_mixin.py:151} INFO - [2023-11-16T21:24:11.781+0000] {dag.py:2941} INFO - Sync 1 DAGs
[2023-11-16T21:24:11.820+0000] {logging_mixin.py:151} INFO - [2023-11-16T21:24:11.819+0000] {dag.py:3722} INFO - Setting next_dagrun for data_github_to_gcs_dag to 2023-11-16T00:00:00+00:00, run_after=2023-11-17T00:00:00+00:00
[2023-11-16T21:24:11.860+0000] {processor.py:179} INFO - Processing /opt/airflow/dags/data_github_to_gcp.py took 0.181 seconds
[2023-11-16T21:24:42.264+0000] {processor.py:157} INFO - Started process (PID=14205) to work on /opt/airflow/dags/data_github_to_gcp.py
[2023-11-16T21:24:42.266+0000] {processor.py:829} INFO - Processing file /opt/airflow/dags/data_github_to_gcp.py for tasks to queue
[2023-11-16T21:24:42.268+0000] {logging_mixin.py:151} INFO - [2023-11-16T21:24:42.267+0000] {dagbag.py:536} INFO - Filling up the DagBag from /opt/airflow/dags/data_github_to_gcp.py
[2023-11-16T21:24:42.309+0000] {processor.py:839} INFO - DAG(s) dict_keys(['data_github_to_gcs_dag']) retrieved from /opt/airflow/dags/data_github_to_gcp.py
[2023-11-16T21:24:42.346+0000] {logging_mixin.py:151} INFO - [2023-11-16T21:24:42.345+0000] {dag.py:2941} INFO - Sync 1 DAGs
[2023-11-16T21:24:42.383+0000] {logging_mixin.py:151} INFO - [2023-11-16T21:24:42.383+0000] {dag.py:3722} INFO - Setting next_dagrun for data_github_to_gcs_dag to 2023-11-16T00:00:00+00:00, run_after=2023-11-17T00:00:00+00:00
[2023-11-16T21:24:42.413+0000] {processor.py:179} INFO - Processing /opt/airflow/dags/data_github_to_gcp.py took 0.153 seconds
[2023-11-16T21:25:12.693+0000] {processor.py:157} INFO - Started process (PID=14233) to work on /opt/airflow/dags/data_github_to_gcp.py
[2023-11-16T21:25:12.699+0000] {processor.py:829} INFO - Processing file /opt/airflow/dags/data_github_to_gcp.py for tasks to queue
[2023-11-16T21:25:12.701+0000] {logging_mixin.py:151} INFO - [2023-11-16T21:25:12.701+0000] {dagbag.py:536} INFO - Filling up the DagBag from /opt/airflow/dags/data_github_to_gcp.py
[2023-11-16T21:25:12.797+0000] {processor.py:839} INFO - DAG(s) dict_keys(['data_github_to_gcs_dag']) retrieved from /opt/airflow/dags/data_github_to_gcp.py
[2023-11-16T21:25:12.830+0000] {logging_mixin.py:151} INFO - [2023-11-16T21:25:12.830+0000] {dag.py:2941} INFO - Sync 1 DAGs
[2023-11-16T21:25:12.865+0000] {logging_mixin.py:151} INFO - [2023-11-16T21:25:12.864+0000] {dag.py:3722} INFO - Setting next_dagrun for data_github_to_gcs_dag to 2023-11-16T00:00:00+00:00, run_after=2023-11-17T00:00:00+00:00
[2023-11-16T21:25:12.901+0000] {processor.py:179} INFO - Processing /opt/airflow/dags/data_github_to_gcp.py took 0.213 seconds
[2023-11-16T21:25:43.081+0000] {processor.py:157} INFO - Started process (PID=14251) to work on /opt/airflow/dags/data_github_to_gcp.py
[2023-11-16T21:25:43.083+0000] {processor.py:829} INFO - Processing file /opt/airflow/dags/data_github_to_gcp.py for tasks to queue
[2023-11-16T21:25:43.086+0000] {logging_mixin.py:151} INFO - [2023-11-16T21:25:43.085+0000] {dagbag.py:536} INFO - Filling up the DagBag from /opt/airflow/dags/data_github_to_gcp.py
[2023-11-16T21:25:43.139+0000] {processor.py:839} INFO - DAG(s) dict_keys(['data_github_to_gcs_dag']) retrieved from /opt/airflow/dags/data_github_to_gcp.py
[2023-11-16T21:25:43.182+0000] {logging_mixin.py:151} INFO - [2023-11-16T21:25:43.182+0000] {dag.py:2941} INFO - Sync 1 DAGs
[2023-11-16T21:25:43.224+0000] {logging_mixin.py:151} INFO - [2023-11-16T21:25:43.224+0000] {dag.py:3722} INFO - Setting next_dagrun for data_github_to_gcs_dag to 2023-11-16T00:00:00+00:00, run_after=2023-11-17T00:00:00+00:00
[2023-11-16T21:25:43.256+0000] {processor.py:179} INFO - Processing /opt/airflow/dags/data_github_to_gcp.py took 0.181 seconds
[2023-11-16T21:26:13.657+0000] {processor.py:157} INFO - Started process (PID=14277) to work on /opt/airflow/dags/data_github_to_gcp.py
[2023-11-16T21:26:13.659+0000] {processor.py:829} INFO - Processing file /opt/airflow/dags/data_github_to_gcp.py for tasks to queue
[2023-11-16T21:26:13.660+0000] {logging_mixin.py:151} INFO - [2023-11-16T21:26:13.659+0000] {dagbag.py:536} INFO - Filling up the DagBag from /opt/airflow/dags/data_github_to_gcp.py
[2023-11-16T21:26:13.702+0000] {processor.py:839} INFO - DAG(s) dict_keys(['data_github_to_gcs_dag']) retrieved from /opt/airflow/dags/data_github_to_gcp.py
[2023-11-16T21:26:13.732+0000] {logging_mixin.py:151} INFO - [2023-11-16T21:26:13.732+0000] {dag.py:2941} INFO - Sync 1 DAGs
[2023-11-16T21:26:13.762+0000] {logging_mixin.py:151} INFO - [2023-11-16T21:26:13.762+0000] {dag.py:3722} INFO - Setting next_dagrun for data_github_to_gcs_dag to 2023-11-16T00:00:00+00:00, run_after=2023-11-17T00:00:00+00:00
[2023-11-16T21:26:13.792+0000] {processor.py:179} INFO - Processing /opt/airflow/dags/data_github_to_gcp.py took 0.138 seconds
[2023-11-16T21:26:44.035+0000] {processor.py:157} INFO - Started process (PID=14296) to work on /opt/airflow/dags/data_github_to_gcp.py
[2023-11-16T21:26:44.037+0000] {processor.py:829} INFO - Processing file /opt/airflow/dags/data_github_to_gcp.py for tasks to queue
[2023-11-16T21:26:44.039+0000] {logging_mixin.py:151} INFO - [2023-11-16T21:26:44.038+0000] {dagbag.py:536} INFO - Filling up the DagBag from /opt/airflow/dags/data_github_to_gcp.py
[2023-11-16T21:26:44.089+0000] {processor.py:839} INFO - DAG(s) dict_keys(['data_github_to_gcs_dag']) retrieved from /opt/airflow/dags/data_github_to_gcp.py
[2023-11-16T21:26:44.131+0000] {logging_mixin.py:151} INFO - [2023-11-16T21:26:44.131+0000] {dag.py:2941} INFO - Sync 1 DAGs
[2023-11-16T21:26:44.178+0000] {logging_mixin.py:151} INFO - [2023-11-16T21:26:44.178+0000] {dag.py:3722} INFO - Setting next_dagrun for data_github_to_gcs_dag to 2023-11-16T00:00:00+00:00, run_after=2023-11-17T00:00:00+00:00
[2023-11-16T21:26:44.220+0000] {processor.py:179} INFO - Processing /opt/airflow/dags/data_github_to_gcp.py took 0.189 seconds
[2023-11-16T21:27:14.578+0000] {processor.py:157} INFO - Started process (PID=14322) to work on /opt/airflow/dags/data_github_to_gcp.py
[2023-11-16T21:27:14.579+0000] {processor.py:829} INFO - Processing file /opt/airflow/dags/data_github_to_gcp.py for tasks to queue
[2023-11-16T21:27:14.581+0000] {logging_mixin.py:151} INFO - [2023-11-16T21:27:14.580+0000] {dagbag.py:536} INFO - Filling up the DagBag from /opt/airflow/dags/data_github_to_gcp.py
[2023-11-16T21:27:14.619+0000] {processor.py:839} INFO - DAG(s) dict_keys(['data_github_to_gcs_dag']) retrieved from /opt/airflow/dags/data_github_to_gcp.py
[2023-11-16T21:27:14.651+0000] {logging_mixin.py:151} INFO - [2023-11-16T21:27:14.651+0000] {dag.py:2941} INFO - Sync 1 DAGs
[2023-11-16T21:27:14.684+0000] {logging_mixin.py:151} INFO - [2023-11-16T21:27:14.684+0000] {dag.py:3722} INFO - Setting next_dagrun for data_github_to_gcs_dag to 2023-11-16T00:00:00+00:00, run_after=2023-11-17T00:00:00+00:00
[2023-11-16T21:27:14.716+0000] {processor.py:179} INFO - Processing /opt/airflow/dags/data_github_to_gcp.py took 0.142 seconds
[2023-11-16T21:27:44.953+0000] {processor.py:157} INFO - Started process (PID=14340) to work on /opt/airflow/dags/data_github_to_gcp.py
[2023-11-16T21:27:44.955+0000] {processor.py:829} INFO - Processing file /opt/airflow/dags/data_github_to_gcp.py for tasks to queue
[2023-11-16T21:27:44.956+0000] {logging_mixin.py:151} INFO - [2023-11-16T21:27:44.956+0000] {dagbag.py:536} INFO - Filling up the DagBag from /opt/airflow/dags/data_github_to_gcp.py
[2023-11-16T21:27:44.997+0000] {processor.py:839} INFO - DAG(s) dict_keys(['data_github_to_gcs_dag']) retrieved from /opt/airflow/dags/data_github_to_gcp.py
[2023-11-16T21:27:45.032+0000] {logging_mixin.py:151} INFO - [2023-11-16T21:27:45.032+0000] {dag.py:2941} INFO - Sync 1 DAGs
[2023-11-16T21:27:45.072+0000] {logging_mixin.py:151} INFO - [2023-11-16T21:27:45.072+0000] {dag.py:3722} INFO - Setting next_dagrun for data_github_to_gcs_dag to 2023-11-16T00:00:00+00:00, run_after=2023-11-17T00:00:00+00:00
[2023-11-16T21:27:45.106+0000] {processor.py:179} INFO - Processing /opt/airflow/dags/data_github_to_gcp.py took 0.157 seconds
[2023-11-16T21:28:15.345+0000] {processor.py:157} INFO - Started process (PID=14358) to work on /opt/airflow/dags/data_github_to_gcp.py
[2023-11-16T21:28:15.347+0000] {processor.py:829} INFO - Processing file /opt/airflow/dags/data_github_to_gcp.py for tasks to queue
[2023-11-16T21:28:15.349+0000] {logging_mixin.py:151} INFO - [2023-11-16T21:28:15.348+0000] {dagbag.py:536} INFO - Filling up the DagBag from /opt/airflow/dags/data_github_to_gcp.py
[2023-11-16T21:28:15.395+0000] {processor.py:839} INFO - DAG(s) dict_keys(['data_github_to_gcs_dag']) retrieved from /opt/airflow/dags/data_github_to_gcp.py
[2023-11-16T21:28:15.428+0000] {logging_mixin.py:151} INFO - [2023-11-16T21:28:15.428+0000] {dag.py:2941} INFO - Sync 1 DAGs
[2023-11-16T21:28:15.462+0000] {logging_mixin.py:151} INFO - [2023-11-16T21:28:15.462+0000] {dag.py:3722} INFO - Setting next_dagrun for data_github_to_gcs_dag to 2023-11-16T00:00:00+00:00, run_after=2023-11-17T00:00:00+00:00
[2023-11-16T21:28:15.488+0000] {processor.py:179} INFO - Processing /opt/airflow/dags/data_github_to_gcp.py took 0.147 seconds
[2023-11-16T21:28:45.765+0000] {processor.py:157} INFO - Started process (PID=14384) to work on /opt/airflow/dags/data_github_to_gcp.py
[2023-11-16T21:28:45.768+0000] {processor.py:829} INFO - Processing file /opt/airflow/dags/data_github_to_gcp.py for tasks to queue
[2023-11-16T21:28:45.770+0000] {logging_mixin.py:151} INFO - [2023-11-16T21:28:45.769+0000] {dagbag.py:536} INFO - Filling up the DagBag from /opt/airflow/dags/data_github_to_gcp.py
[2023-11-16T21:28:45.833+0000] {processor.py:839} INFO - DAG(s) dict_keys(['data_github_to_gcs_dag']) retrieved from /opt/airflow/dags/data_github_to_gcp.py
[2023-11-16T21:28:45.883+0000] {logging_mixin.py:151} INFO - [2023-11-16T21:28:45.882+0000] {dag.py:2941} INFO - Sync 1 DAGs
[2023-11-16T21:28:45.929+0000] {logging_mixin.py:151} INFO - [2023-11-16T21:28:45.928+0000] {dag.py:3722} INFO - Setting next_dagrun for data_github_to_gcs_dag to 2023-11-16T00:00:00+00:00, run_after=2023-11-17T00:00:00+00:00
[2023-11-16T21:28:45.970+0000] {processor.py:179} INFO - Processing /opt/airflow/dags/data_github_to_gcp.py took 0.211 seconds
[2023-11-16T21:29:16.163+0000] {processor.py:157} INFO - Started process (PID=14403) to work on /opt/airflow/dags/data_github_to_gcp.py
[2023-11-16T21:29:16.165+0000] {processor.py:829} INFO - Processing file /opt/airflow/dags/data_github_to_gcp.py for tasks to queue
[2023-11-16T21:29:16.168+0000] {logging_mixin.py:151} INFO - [2023-11-16T21:29:16.167+0000] {dagbag.py:536} INFO - Filling up the DagBag from /opt/airflow/dags/data_github_to_gcp.py
[2023-11-16T21:29:16.228+0000] {processor.py:839} INFO - DAG(s) dict_keys(['data_github_to_gcs_dag']) retrieved from /opt/airflow/dags/data_github_to_gcp.py
[2023-11-16T21:29:16.271+0000] {logging_mixin.py:151} INFO - [2023-11-16T21:29:16.270+0000] {dag.py:2941} INFO - Sync 1 DAGs
[2023-11-16T21:29:16.307+0000] {logging_mixin.py:151} INFO - [2023-11-16T21:29:16.307+0000] {dag.py:3722} INFO - Setting next_dagrun for data_github_to_gcs_dag to 2023-11-16T00:00:00+00:00, run_after=2023-11-17T00:00:00+00:00
[2023-11-16T21:29:16.341+0000] {processor.py:179} INFO - Processing /opt/airflow/dags/data_github_to_gcp.py took 0.184 seconds
[2023-11-16T21:29:46.601+0000] {processor.py:157} INFO - Started process (PID=14429) to work on /opt/airflow/dags/data_github_to_gcp.py
[2023-11-16T21:29:46.603+0000] {processor.py:829} INFO - Processing file /opt/airflow/dags/data_github_to_gcp.py for tasks to queue
[2023-11-16T21:29:46.604+0000] {logging_mixin.py:151} INFO - [2023-11-16T21:29:46.604+0000] {dagbag.py:536} INFO - Filling up the DagBag from /opt/airflow/dags/data_github_to_gcp.py
[2023-11-16T21:29:46.645+0000] {processor.py:839} INFO - DAG(s) dict_keys(['data_github_to_gcs_dag']) retrieved from /opt/airflow/dags/data_github_to_gcp.py
[2023-11-16T21:29:46.670+0000] {logging_mixin.py:151} INFO - [2023-11-16T21:29:46.670+0000] {dag.py:2941} INFO - Sync 1 DAGs
[2023-11-16T21:29:46.696+0000] {logging_mixin.py:151} INFO - [2023-11-16T21:29:46.695+0000] {dag.py:3722} INFO - Setting next_dagrun for data_github_to_gcs_dag to 2023-11-16T00:00:00+00:00, run_after=2023-11-17T00:00:00+00:00
[2023-11-16T21:29:46.716+0000] {processor.py:179} INFO - Processing /opt/airflow/dags/data_github_to_gcp.py took 0.118 seconds
[2023-11-16T21:30:17.091+0000] {processor.py:157} INFO - Started process (PID=14447) to work on /opt/airflow/dags/data_github_to_gcp.py
[2023-11-16T21:30:17.093+0000] {processor.py:829} INFO - Processing file /opt/airflow/dags/data_github_to_gcp.py for tasks to queue
[2023-11-16T21:30:17.096+0000] {logging_mixin.py:151} INFO - [2023-11-16T21:30:17.095+0000] {dagbag.py:536} INFO - Filling up the DagBag from /opt/airflow/dags/data_github_to_gcp.py
[2023-11-16T21:30:17.149+0000] {processor.py:839} INFO - DAG(s) dict_keys(['data_github_to_gcs_dag']) retrieved from /opt/airflow/dags/data_github_to_gcp.py
[2023-11-16T21:30:17.188+0000] {logging_mixin.py:151} INFO - [2023-11-16T21:30:17.188+0000] {dag.py:2941} INFO - Sync 1 DAGs
[2023-11-16T21:30:17.236+0000] {logging_mixin.py:151} INFO - [2023-11-16T21:30:17.236+0000] {dag.py:3722} INFO - Setting next_dagrun for data_github_to_gcs_dag to 2023-11-16T00:00:00+00:00, run_after=2023-11-17T00:00:00+00:00
[2023-11-16T21:30:17.282+0000] {processor.py:179} INFO - Processing /opt/airflow/dags/data_github_to_gcp.py took 0.197 seconds
[2023-11-16T21:30:47.463+0000] {processor.py:157} INFO - Started process (PID=14473) to work on /opt/airflow/dags/data_github_to_gcp.py
[2023-11-16T21:30:47.464+0000] {processor.py:829} INFO - Processing file /opt/airflow/dags/data_github_to_gcp.py for tasks to queue
[2023-11-16T21:30:47.465+0000] {logging_mixin.py:151} INFO - [2023-11-16T21:30:47.465+0000] {dagbag.py:536} INFO - Filling up the DagBag from /opt/airflow/dags/data_github_to_gcp.py
[2023-11-16T21:30:47.502+0000] {processor.py:839} INFO - DAG(s) dict_keys(['data_github_to_gcs_dag']) retrieved from /opt/airflow/dags/data_github_to_gcp.py
[2023-11-16T21:30:47.528+0000] {logging_mixin.py:151} INFO - [2023-11-16T21:30:47.527+0000] {dag.py:2941} INFO - Sync 1 DAGs
[2023-11-16T21:30:47.555+0000] {logging_mixin.py:151} INFO - [2023-11-16T21:30:47.555+0000] {dag.py:3722} INFO - Setting next_dagrun for data_github_to_gcs_dag to 2023-11-16T00:00:00+00:00, run_after=2023-11-17T00:00:00+00:00
[2023-11-16T21:30:47.578+0000] {processor.py:179} INFO - Processing /opt/airflow/dags/data_github_to_gcp.py took 0.119 seconds
[2023-11-16T21:31:17.985+0000] {processor.py:157} INFO - Started process (PID=14491) to work on /opt/airflow/dags/data_github_to_gcp.py
[2023-11-16T21:31:17.987+0000] {processor.py:829} INFO - Processing file /opt/airflow/dags/data_github_to_gcp.py for tasks to queue
[2023-11-16T21:31:17.989+0000] {logging_mixin.py:151} INFO - [2023-11-16T21:31:17.988+0000] {dagbag.py:536} INFO - Filling up the DagBag from /opt/airflow/dags/data_github_to_gcp.py
[2023-11-16T21:31:18.051+0000] {processor.py:839} INFO - DAG(s) dict_keys(['data_github_to_gcs_dag']) retrieved from /opt/airflow/dags/data_github_to_gcp.py
[2023-11-16T21:31:18.083+0000] {logging_mixin.py:151} INFO - [2023-11-16T21:31:18.083+0000] {dag.py:2941} INFO - Sync 1 DAGs
[2023-11-16T21:31:18.116+0000] {logging_mixin.py:151} INFO - [2023-11-16T21:31:18.116+0000] {dag.py:3722} INFO - Setting next_dagrun for data_github_to_gcs_dag to 2023-11-16T00:00:00+00:00, run_after=2023-11-17T00:00:00+00:00
[2023-11-16T21:31:18.143+0000] {processor.py:179} INFO - Processing /opt/airflow/dags/data_github_to_gcp.py took 0.163 seconds
[2023-11-16T21:31:48.367+0000] {processor.py:157} INFO - Started process (PID=14509) to work on /opt/airflow/dags/data_github_to_gcp.py
[2023-11-16T21:31:48.369+0000] {processor.py:829} INFO - Processing file /opt/airflow/dags/data_github_to_gcp.py for tasks to queue
[2023-11-16T21:31:48.372+0000] {logging_mixin.py:151} INFO - [2023-11-16T21:31:48.372+0000] {dagbag.py:536} INFO - Filling up the DagBag from /opt/airflow/dags/data_github_to_gcp.py
[2023-11-16T21:31:48.437+0000] {processor.py:839} INFO - DAG(s) dict_keys(['data_github_to_gcs_dag']) retrieved from /opt/airflow/dags/data_github_to_gcp.py
[2023-11-16T21:31:48.481+0000] {logging_mixin.py:151} INFO - [2023-11-16T21:31:48.480+0000] {dag.py:2941} INFO - Sync 1 DAGs
[2023-11-16T21:31:48.517+0000] {logging_mixin.py:151} INFO - [2023-11-16T21:31:48.517+0000] {dag.py:3722} INFO - Setting next_dagrun for data_github_to_gcs_dag to 2023-11-16T00:00:00+00:00, run_after=2023-11-17T00:00:00+00:00
[2023-11-16T21:31:48.547+0000] {processor.py:179} INFO - Processing /opt/airflow/dags/data_github_to_gcp.py took 0.185 seconds
[2023-11-16T21:32:18.906+0000] {processor.py:157} INFO - Started process (PID=14535) to work on /opt/airflow/dags/data_github_to_gcp.py
[2023-11-16T21:32:18.908+0000] {processor.py:829} INFO - Processing file /opt/airflow/dags/data_github_to_gcp.py for tasks to queue
[2023-11-16T21:32:18.911+0000] {logging_mixin.py:151} INFO - [2023-11-16T21:32:18.910+0000] {dagbag.py:536} INFO - Filling up the DagBag from /opt/airflow/dags/data_github_to_gcp.py
[2023-11-16T21:32:18.964+0000] {processor.py:839} INFO - DAG(s) dict_keys(['data_github_to_gcs_dag']) retrieved from /opt/airflow/dags/data_github_to_gcp.py
[2023-11-16T21:32:18.997+0000] {logging_mixin.py:151} INFO - [2023-11-16T21:32:18.997+0000] {dag.py:2941} INFO - Sync 1 DAGs
[2023-11-16T21:32:19.037+0000] {logging_mixin.py:151} INFO - [2023-11-16T21:32:19.037+0000] {dag.py:3722} INFO - Setting next_dagrun for data_github_to_gcs_dag to 2023-11-16T00:00:00+00:00, run_after=2023-11-17T00:00:00+00:00
[2023-11-16T21:32:19.073+0000] {processor.py:179} INFO - Processing /opt/airflow/dags/data_github_to_gcp.py took 0.173 seconds
[2023-11-16T21:32:49.374+0000] {processor.py:157} INFO - Started process (PID=14553) to work on /opt/airflow/dags/data_github_to_gcp.py
[2023-11-16T21:32:49.376+0000] {processor.py:829} INFO - Processing file /opt/airflow/dags/data_github_to_gcp.py for tasks to queue
[2023-11-16T21:32:49.378+0000] {logging_mixin.py:151} INFO - [2023-11-16T21:32:49.378+0000] {dagbag.py:536} INFO - Filling up the DagBag from /opt/airflow/dags/data_github_to_gcp.py
[2023-11-16T21:32:49.443+0000] {processor.py:839} INFO - DAG(s) dict_keys(['data_github_to_gcs_dag']) retrieved from /opt/airflow/dags/data_github_to_gcp.py
[2023-11-16T21:32:49.486+0000] {logging_mixin.py:151} INFO - [2023-11-16T21:32:49.485+0000] {dag.py:2941} INFO - Sync 1 DAGs
[2023-11-16T21:32:49.524+0000] {logging_mixin.py:151} INFO - [2023-11-16T21:32:49.524+0000] {dag.py:3722} INFO - Setting next_dagrun for data_github_to_gcs_dag to 2023-11-16T00:00:00+00:00, run_after=2023-11-17T00:00:00+00:00
[2023-11-16T21:32:49.563+0000] {processor.py:179} INFO - Processing /opt/airflow/dags/data_github_to_gcp.py took 0.194 seconds
[2023-11-16T21:33:19.934+0000] {processor.py:157} INFO - Started process (PID=14579) to work on /opt/airflow/dags/data_github_to_gcp.py
[2023-11-16T21:33:19.935+0000] {processor.py:829} INFO - Processing file /opt/airflow/dags/data_github_to_gcp.py for tasks to queue
[2023-11-16T21:33:19.936+0000] {logging_mixin.py:151} INFO - [2023-11-16T21:33:19.936+0000] {dagbag.py:536} INFO - Filling up the DagBag from /opt/airflow/dags/data_github_to_gcp.py
[2023-11-16T21:33:19.978+0000] {processor.py:839} INFO - DAG(s) dict_keys(['data_github_to_gcs_dag']) retrieved from /opt/airflow/dags/data_github_to_gcp.py
[2023-11-16T21:33:20.003+0000] {logging_mixin.py:151} INFO - [2023-11-16T21:33:20.003+0000] {dag.py:2941} INFO - Sync 1 DAGs
[2023-11-16T21:33:20.031+0000] {logging_mixin.py:151} INFO - [2023-11-16T21:33:20.031+0000] {dag.py:3722} INFO - Setting next_dagrun for data_github_to_gcs_dag to 2023-11-16T00:00:00+00:00, run_after=2023-11-17T00:00:00+00:00
[2023-11-16T21:33:20.063+0000] {processor.py:179} INFO - Processing /opt/airflow/dags/data_github_to_gcp.py took 0.133 seconds
[2023-11-16T21:33:50.296+0000] {processor.py:157} INFO - Started process (PID=14597) to work on /opt/airflow/dags/data_github_to_gcp.py
[2023-11-16T21:33:50.298+0000] {processor.py:829} INFO - Processing file /opt/airflow/dags/data_github_to_gcp.py for tasks to queue
[2023-11-16T21:33:50.301+0000] {logging_mixin.py:151} INFO - [2023-11-16T21:33:50.300+0000] {dagbag.py:536} INFO - Filling up the DagBag from /opt/airflow/dags/data_github_to_gcp.py
[2023-11-16T21:33:50.362+0000] {processor.py:839} INFO - DAG(s) dict_keys(['data_github_to_gcs_dag']) retrieved from /opt/airflow/dags/data_github_to_gcp.py
[2023-11-16T21:33:50.405+0000] {logging_mixin.py:151} INFO - [2023-11-16T21:33:50.404+0000] {dag.py:2941} INFO - Sync 1 DAGs
[2023-11-16T21:33:50.452+0000] {logging_mixin.py:151} INFO - [2023-11-16T21:33:50.452+0000] {dag.py:3722} INFO - Setting next_dagrun for data_github_to_gcs_dag to 2023-11-16T00:00:00+00:00, run_after=2023-11-17T00:00:00+00:00
[2023-11-16T21:33:50.495+0000] {processor.py:179} INFO - Processing /opt/airflow/dags/data_github_to_gcp.py took 0.204 seconds
[2023-11-16T21:34:20.866+0000] {processor.py:157} INFO - Started process (PID=14624) to work on /opt/airflow/dags/data_github_to_gcp.py
[2023-11-16T21:34:20.868+0000] {processor.py:829} INFO - Processing file /opt/airflow/dags/data_github_to_gcp.py for tasks to queue
[2023-11-16T21:34:20.870+0000] {logging_mixin.py:151} INFO - [2023-11-16T21:34:20.869+0000] {dagbag.py:536} INFO - Filling up the DagBag from /opt/airflow/dags/data_github_to_gcp.py
[2023-11-16T21:34:20.911+0000] {processor.py:839} INFO - DAG(s) dict_keys(['data_github_to_gcs_dag']) retrieved from /opt/airflow/dags/data_github_to_gcp.py
[2023-11-16T21:34:20.947+0000] {logging_mixin.py:151} INFO - [2023-11-16T21:34:20.947+0000] {dag.py:2941} INFO - Sync 1 DAGs
[2023-11-16T21:34:20.983+0000] {logging_mixin.py:151} INFO - [2023-11-16T21:34:20.982+0000] {dag.py:3722} INFO - Setting next_dagrun for data_github_to_gcs_dag to 2023-11-16T00:00:00+00:00, run_after=2023-11-17T00:00:00+00:00
[2023-11-16T21:34:21.010+0000] {processor.py:179} INFO - Processing /opt/airflow/dags/data_github_to_gcp.py took 0.147 seconds
[2023-11-16T21:34:51.219+0000] {processor.py:157} INFO - Started process (PID=14642) to work on /opt/airflow/dags/data_github_to_gcp.py
[2023-11-16T21:34:51.221+0000] {processor.py:829} INFO - Processing file /opt/airflow/dags/data_github_to_gcp.py for tasks to queue
[2023-11-16T21:34:51.222+0000] {logging_mixin.py:151} INFO - [2023-11-16T21:34:51.222+0000] {dagbag.py:536} INFO - Filling up the DagBag from /opt/airflow/dags/data_github_to_gcp.py
[2023-11-16T21:34:51.282+0000] {processor.py:839} INFO - DAG(s) dict_keys(['data_github_to_gcs_dag']) retrieved from /opt/airflow/dags/data_github_to_gcp.py
[2023-11-16T21:34:51.330+0000] {logging_mixin.py:151} INFO - [2023-11-16T21:34:51.330+0000] {dag.py:2941} INFO - Sync 1 DAGs
[2023-11-16T21:34:51.370+0000] {logging_mixin.py:151} INFO - [2023-11-16T21:34:51.370+0000] {dag.py:3722} INFO - Setting next_dagrun for data_github_to_gcs_dag to 2023-11-16T00:00:00+00:00, run_after=2023-11-17T00:00:00+00:00
[2023-11-16T21:34:51.406+0000] {processor.py:179} INFO - Processing /opt/airflow/dags/data_github_to_gcp.py took 0.192 seconds
[2023-11-16T21:35:21.898+0000] {processor.py:157} INFO - Started process (PID=14660) to work on /opt/airflow/dags/data_github_to_gcp.py
[2023-11-16T21:35:21.900+0000] {processor.py:829} INFO - Processing file /opt/airflow/dags/data_github_to_gcp.py for tasks to queue
[2023-11-16T21:35:21.903+0000] {logging_mixin.py:151} INFO - [2023-11-16T21:35:21.902+0000] {dagbag.py:536} INFO - Filling up the DagBag from /opt/airflow/dags/data_github_to_gcp.py
[2023-11-16T21:35:21.971+0000] {processor.py:839} INFO - DAG(s) dict_keys(['data_github_to_gcs_dag']) retrieved from /opt/airflow/dags/data_github_to_gcp.py
[2023-11-16T21:35:22.037+0000] {logging_mixin.py:151} INFO - [2023-11-16T21:35:22.036+0000] {dag.py:2941} INFO - Sync 1 DAGs
[2023-11-16T21:35:22.079+0000] {logging_mixin.py:151} INFO - [2023-11-16T21:35:22.079+0000] {dag.py:3722} INFO - Setting next_dagrun for data_github_to_gcs_dag to 2023-11-16T00:00:00+00:00, run_after=2023-11-17T00:00:00+00:00
[2023-11-16T21:35:22.109+0000] {processor.py:179} INFO - Processing /opt/airflow/dags/data_github_to_gcp.py took 0.216 seconds
[2023-11-16T21:35:52.254+0000] {processor.py:157} INFO - Started process (PID=14686) to work on /opt/airflow/dags/data_github_to_gcp.py
[2023-11-16T21:35:52.256+0000] {processor.py:829} INFO - Processing file /opt/airflow/dags/data_github_to_gcp.py for tasks to queue
[2023-11-16T21:35:52.259+0000] {logging_mixin.py:151} INFO - [2023-11-16T21:35:52.259+0000] {dagbag.py:536} INFO - Filling up the DagBag from /opt/airflow/dags/data_github_to_gcp.py
[2023-11-16T21:35:52.329+0000] {processor.py:839} INFO - DAG(s) dict_keys(['data_github_to_gcs_dag']) retrieved from /opt/airflow/dags/data_github_to_gcp.py
[2023-11-16T21:35:52.376+0000] {logging_mixin.py:151} INFO - [2023-11-16T21:35:52.375+0000] {dag.py:2941} INFO - Sync 1 DAGs
[2023-11-16T21:35:52.425+0000] {logging_mixin.py:151} INFO - [2023-11-16T21:35:52.425+0000] {dag.py:3722} INFO - Setting next_dagrun for data_github_to_gcs_dag to 2023-11-16T00:00:00+00:00, run_after=2023-11-17T00:00:00+00:00
[2023-11-16T21:35:52.464+0000] {processor.py:179} INFO - Processing /opt/airflow/dags/data_github_to_gcp.py took 0.215 seconds
[2023-11-16T21:36:22.784+0000] {processor.py:157} INFO - Started process (PID=14704) to work on /opt/airflow/dags/data_github_to_gcp.py
[2023-11-16T21:36:22.785+0000] {processor.py:829} INFO - Processing file /opt/airflow/dags/data_github_to_gcp.py for tasks to queue
[2023-11-16T21:36:22.787+0000] {logging_mixin.py:151} INFO - [2023-11-16T21:36:22.787+0000] {dagbag.py:536} INFO - Filling up the DagBag from /opt/airflow/dags/data_github_to_gcp.py
[2023-11-16T21:36:22.842+0000] {processor.py:839} INFO - DAG(s) dict_keys(['data_github_to_gcs_dag']) retrieved from /opt/airflow/dags/data_github_to_gcp.py
[2023-11-16T21:36:22.884+0000] {logging_mixin.py:151} INFO - [2023-11-16T21:36:22.884+0000] {dag.py:2941} INFO - Sync 1 DAGs
[2023-11-16T21:36:22.930+0000] {logging_mixin.py:151} INFO - [2023-11-16T21:36:22.929+0000] {dag.py:3722} INFO - Setting next_dagrun for data_github_to_gcs_dag to 2023-11-16T00:00:00+00:00, run_after=2023-11-17T00:00:00+00:00
[2023-11-16T21:36:22.972+0000] {processor.py:179} INFO - Processing /opt/airflow/dags/data_github_to_gcp.py took 0.193 seconds
[2023-11-16T21:36:53.150+0000] {processor.py:157} INFO - Started process (PID=14730) to work on /opt/airflow/dags/data_github_to_gcp.py
[2023-11-16T21:36:53.152+0000] {processor.py:829} INFO - Processing file /opt/airflow/dags/data_github_to_gcp.py for tasks to queue
[2023-11-16T21:36:53.154+0000] {logging_mixin.py:151} INFO - [2023-11-16T21:36:53.153+0000] {dagbag.py:536} INFO - Filling up the DagBag from /opt/airflow/dags/data_github_to_gcp.py
[2023-11-16T21:36:53.192+0000] {processor.py:839} INFO - DAG(s) dict_keys(['data_github_to_gcs_dag']) retrieved from /opt/airflow/dags/data_github_to_gcp.py
[2023-11-16T21:36:53.221+0000] {logging_mixin.py:151} INFO - [2023-11-16T21:36:53.221+0000] {dag.py:2941} INFO - Sync 1 DAGs
[2023-11-16T21:36:53.248+0000] {logging_mixin.py:151} INFO - [2023-11-16T21:36:53.248+0000] {dag.py:3722} INFO - Setting next_dagrun for data_github_to_gcs_dag to 2023-11-16T00:00:00+00:00, run_after=2023-11-17T00:00:00+00:00
[2023-11-16T21:36:53.277+0000] {processor.py:179} INFO - Processing /opt/airflow/dags/data_github_to_gcp.py took 0.130 seconds
[2023-11-16T21:37:23.663+0000] {processor.py:157} INFO - Started process (PID=14748) to work on /opt/airflow/dags/data_github_to_gcp.py
[2023-11-16T21:37:23.666+0000] {processor.py:829} INFO - Processing file /opt/airflow/dags/data_github_to_gcp.py for tasks to queue
[2023-11-16T21:37:23.669+0000] {logging_mixin.py:151} INFO - [2023-11-16T21:37:23.668+0000] {dagbag.py:536} INFO - Filling up the DagBag from /opt/airflow/dags/data_github_to_gcp.py
[2023-11-16T21:37:23.728+0000] {processor.py:839} INFO - DAG(s) dict_keys(['data_github_to_gcs_dag']) retrieved from /opt/airflow/dags/data_github_to_gcp.py
[2023-11-16T21:37:23.774+0000] {logging_mixin.py:151} INFO - [2023-11-16T21:37:23.774+0000] {dag.py:2941} INFO - Sync 1 DAGs
[2023-11-16T21:37:23.814+0000] {logging_mixin.py:151} INFO - [2023-11-16T21:37:23.813+0000] {dag.py:3722} INFO - Setting next_dagrun for data_github_to_gcs_dag to 2023-11-16T00:00:00+00:00, run_after=2023-11-17T00:00:00+00:00
[2023-11-16T21:37:23.851+0000] {processor.py:179} INFO - Processing /opt/airflow/dags/data_github_to_gcp.py took 0.192 seconds
[2023-11-16T21:37:54.060+0000] {processor.py:157} INFO - Started process (PID=14766) to work on /opt/airflow/dags/data_github_to_gcp.py
[2023-11-16T21:37:54.063+0000] {processor.py:829} INFO - Processing file /opt/airflow/dags/data_github_to_gcp.py for tasks to queue
[2023-11-16T21:37:54.065+0000] {logging_mixin.py:151} INFO - [2023-11-16T21:37:54.065+0000] {dagbag.py:536} INFO - Filling up the DagBag from /opt/airflow/dags/data_github_to_gcp.py
[2023-11-16T21:37:54.133+0000] {processor.py:839} INFO - DAG(s) dict_keys(['data_github_to_gcs_dag']) retrieved from /opt/airflow/dags/data_github_to_gcp.py
[2023-11-16T21:37:54.205+0000] {logging_mixin.py:151} INFO - [2023-11-16T21:37:54.205+0000] {dag.py:2941} INFO - Sync 1 DAGs
[2023-11-16T21:37:54.245+0000] {logging_mixin.py:151} INFO - [2023-11-16T21:37:54.245+0000] {dag.py:3722} INFO - Setting next_dagrun for data_github_to_gcs_dag to 2023-11-16T00:00:00+00:00, run_after=2023-11-17T00:00:00+00:00
[2023-11-16T21:37:54.272+0000] {processor.py:179} INFO - Processing /opt/airflow/dags/data_github_to_gcp.py took 0.216 seconds
[2023-11-16T21:38:24.541+0000] {processor.py:157} INFO - Started process (PID=14792) to work on /opt/airflow/dags/data_github_to_gcp.py
[2023-11-16T21:38:24.544+0000] {processor.py:829} INFO - Processing file /opt/airflow/dags/data_github_to_gcp.py for tasks to queue
[2023-11-16T21:38:24.545+0000] {logging_mixin.py:151} INFO - [2023-11-16T21:38:24.545+0000] {dagbag.py:536} INFO - Filling up the DagBag from /opt/airflow/dags/data_github_to_gcp.py
[2023-11-16T21:38:24.611+0000] {processor.py:839} INFO - DAG(s) dict_keys(['data_github_to_gcs_dag']) retrieved from /opt/airflow/dags/data_github_to_gcp.py
[2023-11-16T21:38:24.650+0000] {logging_mixin.py:151} INFO - [2023-11-16T21:38:24.650+0000] {dag.py:2941} INFO - Sync 1 DAGs
[2023-11-16T21:38:24.689+0000] {logging_mixin.py:151} INFO - [2023-11-16T21:38:24.688+0000] {dag.py:3722} INFO - Setting next_dagrun for data_github_to_gcs_dag to 2023-11-16T00:00:00+00:00, run_after=2023-11-17T00:00:00+00:00
[2023-11-16T21:38:24.732+0000] {processor.py:179} INFO - Processing /opt/airflow/dags/data_github_to_gcp.py took 0.196 seconds
[2023-11-16T21:38:54.947+0000] {processor.py:157} INFO - Started process (PID=14810) to work on /opt/airflow/dags/data_github_to_gcp.py
[2023-11-16T21:38:54.950+0000] {processor.py:829} INFO - Processing file /opt/airflow/dags/data_github_to_gcp.py for tasks to queue
[2023-11-16T21:38:54.951+0000] {logging_mixin.py:151} INFO - [2023-11-16T21:38:54.951+0000] {dagbag.py:536} INFO - Filling up the DagBag from /opt/airflow/dags/data_github_to_gcp.py
[2023-11-16T21:38:55.015+0000] {processor.py:839} INFO - DAG(s) dict_keys(['data_github_to_gcs_dag']) retrieved from /opt/airflow/dags/data_github_to_gcp.py
[2023-11-16T21:38:55.117+0000] {logging_mixin.py:151} INFO - [2023-11-16T21:38:55.117+0000] {dag.py:2941} INFO - Sync 1 DAGs
[2023-11-16T21:38:55.159+0000] {logging_mixin.py:151} INFO - [2023-11-16T21:38:55.158+0000] {dag.py:3722} INFO - Setting next_dagrun for data_github_to_gcs_dag to 2023-11-16T00:00:00+00:00, run_after=2023-11-17T00:00:00+00:00
[2023-11-16T21:38:55.191+0000] {processor.py:179} INFO - Processing /opt/airflow/dags/data_github_to_gcp.py took 0.248 seconds
[2023-11-16T21:39:25.453+0000] {processor.py:157} INFO - Started process (PID=14836) to work on /opt/airflow/dags/data_github_to_gcp.py
[2023-11-16T21:39:25.455+0000] {processor.py:829} INFO - Processing file /opt/airflow/dags/data_github_to_gcp.py for tasks to queue
[2023-11-16T21:39:25.456+0000] {logging_mixin.py:151} INFO - [2023-11-16T21:39:25.456+0000] {dagbag.py:536} INFO - Filling up the DagBag from /opt/airflow/dags/data_github_to_gcp.py
[2023-11-16T21:39:25.489+0000] {processor.py:839} INFO - DAG(s) dict_keys(['data_github_to_gcs_dag']) retrieved from /opt/airflow/dags/data_github_to_gcp.py
[2023-11-16T21:39:25.548+0000] {logging_mixin.py:151} INFO - [2023-11-16T21:39:25.547+0000] {dag.py:2941} INFO - Sync 1 DAGs
[2023-11-16T21:39:25.573+0000] {logging_mixin.py:151} INFO - [2023-11-16T21:39:25.573+0000] {dag.py:3722} INFO - Setting next_dagrun for data_github_to_gcs_dag to 2023-11-16T00:00:00+00:00, run_after=2023-11-17T00:00:00+00:00
[2023-11-16T21:39:25.595+0000] {processor.py:179} INFO - Processing /opt/airflow/dags/data_github_to_gcp.py took 0.144 seconds
[2023-11-16T21:39:56.007+0000] {processor.py:157} INFO - Started process (PID=14854) to work on /opt/airflow/dags/data_github_to_gcp.py
[2023-11-16T21:39:56.010+0000] {processor.py:829} INFO - Processing file /opt/airflow/dags/data_github_to_gcp.py for tasks to queue
[2023-11-16T21:39:56.012+0000] {logging_mixin.py:151} INFO - [2023-11-16T21:39:56.011+0000] {dagbag.py:536} INFO - Filling up the DagBag from /opt/airflow/dags/data_github_to_gcp.py
[2023-11-16T21:39:56.065+0000] {processor.py:839} INFO - DAG(s) dict_keys(['data_github_to_gcs_dag']) retrieved from /opt/airflow/dags/data_github_to_gcp.py
[2023-11-16T21:39:56.108+0000] {logging_mixin.py:151} INFO - [2023-11-16T21:39:56.108+0000] {dag.py:2941} INFO - Sync 1 DAGs
[2023-11-16T21:39:56.144+0000] {logging_mixin.py:151} INFO - [2023-11-16T21:39:56.144+0000] {dag.py:3722} INFO - Setting next_dagrun for data_github_to_gcs_dag to 2023-11-16T00:00:00+00:00, run_after=2023-11-17T00:00:00+00:00
[2023-11-16T21:39:56.183+0000] {processor.py:179} INFO - Processing /opt/airflow/dags/data_github_to_gcp.py took 0.180 seconds
[2023-11-16T21:55:43.487+0000] {processor.py:157} INFO - Started process (PID=14864) to work on /opt/airflow/dags/data_github_to_gcp.py
[2023-11-16T21:55:43.489+0000] {processor.py:829} INFO - Processing file /opt/airflow/dags/data_github_to_gcp.py for tasks to queue
[2023-11-16T21:55:43.491+0000] {logging_mixin.py:151} INFO - [2023-11-16T21:55:43.491+0000] {dagbag.py:536} INFO - Filling up the DagBag from /opt/airflow/dags/data_github_to_gcp.py
[2023-11-16T21:55:43.541+0000] {processor.py:839} INFO - DAG(s) dict_keys(['data_github_to_gcs_dag']) retrieved from /opt/airflow/dags/data_github_to_gcp.py
[2023-11-16T21:55:43.580+0000] {logging_mixin.py:151} INFO - [2023-11-16T21:55:43.580+0000] {dag.py:2941} INFO - Sync 1 DAGs
[2023-11-16T21:55:43.614+0000] {logging_mixin.py:151} INFO - [2023-11-16T21:55:43.613+0000] {dag.py:3722} INFO - Setting next_dagrun for data_github_to_gcs_dag to 2023-11-16T00:00:00+00:00, run_after=2023-11-17T00:00:00+00:00
[2023-11-16T21:55:43.677+0000] {processor.py:179} INFO - Processing /opt/airflow/dags/data_github_to_gcp.py took 0.195 seconds
[2023-11-16T21:56:13.905+0000] {processor.py:157} INFO - Started process (PID=14882) to work on /opt/airflow/dags/data_github_to_gcp.py
[2023-11-16T21:56:13.907+0000] {processor.py:829} INFO - Processing file /opt/airflow/dags/data_github_to_gcp.py for tasks to queue
[2023-11-16T21:56:13.909+0000] {logging_mixin.py:151} INFO - [2023-11-16T21:56:13.908+0000] {dagbag.py:536} INFO - Filling up the DagBag from /opt/airflow/dags/data_github_to_gcp.py
[2023-11-16T21:56:13.962+0000] {processor.py:839} INFO - DAG(s) dict_keys(['data_github_to_gcs_dag']) retrieved from /opt/airflow/dags/data_github_to_gcp.py
[2023-11-16T21:56:14.006+0000] {logging_mixin.py:151} INFO - [2023-11-16T21:56:14.006+0000] {dag.py:2941} INFO - Sync 1 DAGs
[2023-11-16T21:56:14.042+0000] {logging_mixin.py:151} INFO - [2023-11-16T21:56:14.042+0000] {dag.py:3722} INFO - Setting next_dagrun for data_github_to_gcs_dag to 2023-11-16T00:00:00+00:00, run_after=2023-11-17T00:00:00+00:00
[2023-11-16T21:56:14.084+0000] {processor.py:179} INFO - Processing /opt/airflow/dags/data_github_to_gcp.py took 0.184 seconds
[2023-11-16T21:56:44.437+0000] {processor.py:157} INFO - Started process (PID=14907) to work on /opt/airflow/dags/data_github_to_gcp.py
[2023-11-16T21:56:44.440+0000] {processor.py:829} INFO - Processing file /opt/airflow/dags/data_github_to_gcp.py for tasks to queue
[2023-11-16T21:56:44.443+0000] {logging_mixin.py:151} INFO - [2023-11-16T21:56:44.442+0000] {dagbag.py:536} INFO - Filling up the DagBag from /opt/airflow/dags/data_github_to_gcp.py
[2023-11-16T21:56:44.488+0000] {processor.py:839} INFO - DAG(s) dict_keys(['data_github_to_gcs_dag']) retrieved from /opt/airflow/dags/data_github_to_gcp.py
[2023-11-16T21:56:44.533+0000] {logging_mixin.py:151} INFO - [2023-11-16T21:56:44.532+0000] {dag.py:2941} INFO - Sync 1 DAGs
[2023-11-16T21:56:44.559+0000] {logging_mixin.py:151} INFO - [2023-11-16T21:56:44.558+0000] {dag.py:3722} INFO - Setting next_dagrun for data_github_to_gcs_dag to 2023-11-16T00:00:00+00:00, run_after=2023-11-17T00:00:00+00:00
[2023-11-16T21:56:44.580+0000] {processor.py:179} INFO - Processing /opt/airflow/dags/data_github_to_gcp.py took 0.147 seconds
[2023-11-16T21:57:14.804+0000] {processor.py:157} INFO - Started process (PID=14925) to work on /opt/airflow/dags/data_github_to_gcp.py
[2023-11-16T21:57:14.806+0000] {processor.py:829} INFO - Processing file /opt/airflow/dags/data_github_to_gcp.py for tasks to queue
[2023-11-16T21:57:14.808+0000] {logging_mixin.py:151} INFO - [2023-11-16T21:57:14.808+0000] {dagbag.py:536} INFO - Filling up the DagBag from /opt/airflow/dags/data_github_to_gcp.py
[2023-11-16T21:57:14.869+0000] {processor.py:839} INFO - DAG(s) dict_keys(['data_github_to_gcs_dag']) retrieved from /opt/airflow/dags/data_github_to_gcp.py
[2023-11-16T21:57:14.945+0000] {logging_mixin.py:151} INFO - [2023-11-16T21:57:14.945+0000] {dag.py:2941} INFO - Sync 1 DAGs
[2023-11-16T21:57:14.980+0000] {logging_mixin.py:151} INFO - [2023-11-16T21:57:14.980+0000] {dag.py:3722} INFO - Setting next_dagrun for data_github_to_gcs_dag to 2023-11-16T00:00:00+00:00, run_after=2023-11-17T00:00:00+00:00
[2023-11-16T21:57:15.015+0000] {processor.py:179} INFO - Processing /opt/airflow/dags/data_github_to_gcp.py took 0.216 seconds
[2023-11-16T21:57:45.368+0000] {processor.py:157} INFO - Started process (PID=14943) to work on /opt/airflow/dags/data_github_to_gcp.py
[2023-11-16T21:57:45.372+0000] {processor.py:829} INFO - Processing file /opt/airflow/dags/data_github_to_gcp.py for tasks to queue
[2023-11-16T21:57:45.374+0000] {logging_mixin.py:151} INFO - [2023-11-16T21:57:45.373+0000] {dagbag.py:536} INFO - Filling up the DagBag from /opt/airflow/dags/data_github_to_gcp.py
[2023-11-16T21:57:45.417+0000] {processor.py:839} INFO - DAG(s) dict_keys(['data_github_to_gcs_dag']) retrieved from /opt/airflow/dags/data_github_to_gcp.py
[2023-11-16T21:57:45.449+0000] {logging_mixin.py:151} INFO - [2023-11-16T21:57:45.448+0000] {dag.py:2941} INFO - Sync 1 DAGs
[2023-11-16T21:57:45.485+0000] {logging_mixin.py:151} INFO - [2023-11-16T21:57:45.485+0000] {dag.py:3722} INFO - Setting next_dagrun for data_github_to_gcs_dag to 2023-11-16T00:00:00+00:00, run_after=2023-11-17T00:00:00+00:00
[2023-11-16T21:57:45.514+0000] {processor.py:179} INFO - Processing /opt/airflow/dags/data_github_to_gcp.py took 0.150 seconds
[2023-11-16T21:58:15.890+0000] {processor.py:157} INFO - Started process (PID=14970) to work on /opt/airflow/dags/data_github_to_gcp.py
[2023-11-16T21:58:15.892+0000] {processor.py:829} INFO - Processing file /opt/airflow/dags/data_github_to_gcp.py for tasks to queue
[2023-11-16T21:58:15.893+0000] {logging_mixin.py:151} INFO - [2023-11-16T21:58:15.893+0000] {dagbag.py:536} INFO - Filling up the DagBag from /opt/airflow/dags/data_github_to_gcp.py
[2023-11-16T21:58:15.945+0000] {processor.py:839} INFO - DAG(s) dict_keys(['data_github_to_gcs_dag']) retrieved from /opt/airflow/dags/data_github_to_gcp.py
[2023-11-16T21:58:15.989+0000] {logging_mixin.py:151} INFO - [2023-11-16T21:58:15.988+0000] {dag.py:2941} INFO - Sync 1 DAGs
[2023-11-16T21:58:16.024+0000] {logging_mixin.py:151} INFO - [2023-11-16T21:58:16.023+0000] {dag.py:3722} INFO - Setting next_dagrun for data_github_to_gcs_dag to 2023-11-16T00:00:00+00:00, run_after=2023-11-17T00:00:00+00:00
[2023-11-16T21:58:16.054+0000] {processor.py:179} INFO - Processing /opt/airflow/dags/data_github_to_gcp.py took 0.169 seconds
[2023-11-16T21:58:46.456+0000] {processor.py:157} INFO - Started process (PID=14988) to work on /opt/airflow/dags/data_github_to_gcp.py
[2023-11-16T21:58:46.459+0000] {processor.py:829} INFO - Processing file /opt/airflow/dags/data_github_to_gcp.py for tasks to queue
[2023-11-16T21:58:46.462+0000] {logging_mixin.py:151} INFO - [2023-11-16T21:58:46.461+0000] {dagbag.py:536} INFO - Filling up the DagBag from /opt/airflow/dags/data_github_to_gcp.py
[2023-11-16T21:58:46.517+0000] {processor.py:839} INFO - DAG(s) dict_keys(['data_github_to_gcs_dag']) retrieved from /opt/airflow/dags/data_github_to_gcp.py
[2023-11-16T21:58:46.595+0000] {logging_mixin.py:151} INFO - [2023-11-16T21:58:46.595+0000] {dag.py:2941} INFO - Sync 1 DAGs
[2023-11-16T21:58:46.634+0000] {logging_mixin.py:151} INFO - [2023-11-16T21:58:46.633+0000] {dag.py:3722} INFO - Setting next_dagrun for data_github_to_gcs_dag to 2023-11-16T00:00:00+00:00, run_after=2023-11-17T00:00:00+00:00
[2023-11-16T21:58:46.667+0000] {processor.py:179} INFO - Processing /opt/airflow/dags/data_github_to_gcp.py took 0.220 seconds
[2023-11-16T21:59:16.818+0000] {processor.py:157} INFO - Started process (PID=15014) to work on /opt/airflow/dags/data_github_to_gcp.py
[2023-11-16T21:59:16.820+0000] {processor.py:829} INFO - Processing file /opt/airflow/dags/data_github_to_gcp.py for tasks to queue
[2023-11-16T21:59:16.822+0000] {logging_mixin.py:151} INFO - [2023-11-16T21:59:16.821+0000] {dagbag.py:536} INFO - Filling up the DagBag from /opt/airflow/dags/data_github_to_gcp.py
[2023-11-16T21:59:16.874+0000] {processor.py:839} INFO - DAG(s) dict_keys(['data_github_to_gcs_dag']) retrieved from /opt/airflow/dags/data_github_to_gcp.py
[2023-11-16T21:59:16.914+0000] {logging_mixin.py:151} INFO - [2023-11-16T21:59:16.914+0000] {dag.py:2941} INFO - Sync 1 DAGs
[2023-11-16T21:59:16.950+0000] {logging_mixin.py:151} INFO - [2023-11-16T21:59:16.949+0000] {dag.py:3722} INFO - Setting next_dagrun for data_github_to_gcs_dag to 2023-11-16T00:00:00+00:00, run_after=2023-11-17T00:00:00+00:00
[2023-11-16T21:59:16.985+0000] {processor.py:179} INFO - Processing /opt/airflow/dags/data_github_to_gcp.py took 0.172 seconds
[2023-11-16T21:59:47.370+0000] {processor.py:157} INFO - Started process (PID=15032) to work on /opt/airflow/dags/data_github_to_gcp.py
[2023-11-16T21:59:47.372+0000] {processor.py:829} INFO - Processing file /opt/airflow/dags/data_github_to_gcp.py for tasks to queue
[2023-11-16T21:59:47.375+0000] {logging_mixin.py:151} INFO - [2023-11-16T21:59:47.373+0000] {dagbag.py:536} INFO - Filling up the DagBag from /opt/airflow/dags/data_github_to_gcp.py
[2023-11-16T21:59:47.425+0000] {processor.py:839} INFO - DAG(s) dict_keys(['data_github_to_gcs_dag']) retrieved from /opt/airflow/dags/data_github_to_gcp.py
[2023-11-16T21:59:47.463+0000] {logging_mixin.py:151} INFO - [2023-11-16T21:59:47.462+0000] {dag.py:2941} INFO - Sync 1 DAGs
[2023-11-16T21:59:47.497+0000] {logging_mixin.py:151} INFO - [2023-11-16T21:59:47.497+0000] {dag.py:3722} INFO - Setting next_dagrun for data_github_to_gcs_dag to 2023-11-16T00:00:00+00:00, run_after=2023-11-17T00:00:00+00:00
[2023-11-16T21:59:47.523+0000] {processor.py:179} INFO - Processing /opt/airflow/dags/data_github_to_gcp.py took 0.158 seconds
[2023-11-16T22:00:17.729+0000] {processor.py:157} INFO - Started process (PID=15058) to work on /opt/airflow/dags/data_github_to_gcp.py
[2023-11-16T22:00:17.731+0000] {processor.py:829} INFO - Processing file /opt/airflow/dags/data_github_to_gcp.py for tasks to queue
[2023-11-16T22:00:17.732+0000] {logging_mixin.py:151} INFO - [2023-11-16T22:00:17.732+0000] {dagbag.py:536} INFO - Filling up the DagBag from /opt/airflow/dags/data_github_to_gcp.py
[2023-11-16T22:00:17.775+0000] {processor.py:839} INFO - DAG(s) dict_keys(['data_github_to_gcs_dag']) retrieved from /opt/airflow/dags/data_github_to_gcp.py
[2023-11-16T22:00:17.807+0000] {logging_mixin.py:151} INFO - [2023-11-16T22:00:17.806+0000] {dag.py:2941} INFO - Sync 1 DAGs
[2023-11-16T22:00:17.840+0000] {logging_mixin.py:151} INFO - [2023-11-16T22:00:17.839+0000] {dag.py:3722} INFO - Setting next_dagrun for data_github_to_gcs_dag to 2023-11-16T00:00:00+00:00, run_after=2023-11-17T00:00:00+00:00
[2023-11-16T22:00:17.878+0000] {processor.py:179} INFO - Processing /opt/airflow/dags/data_github_to_gcp.py took 0.152 seconds
[2023-11-16T22:00:48.315+0000] {processor.py:157} INFO - Started process (PID=15076) to work on /opt/airflow/dags/data_github_to_gcp.py
[2023-11-16T22:00:48.317+0000] {processor.py:829} INFO - Processing file /opt/airflow/dags/data_github_to_gcp.py for tasks to queue
[2023-11-16T22:00:48.319+0000] {logging_mixin.py:151} INFO - [2023-11-16T22:00:48.318+0000] {dagbag.py:536} INFO - Filling up the DagBag from /opt/airflow/dags/data_github_to_gcp.py
[2023-11-16T22:00:48.379+0000] {processor.py:839} INFO - DAG(s) dict_keys(['data_github_to_gcs_dag']) retrieved from /opt/airflow/dags/data_github_to_gcp.py
[2023-11-16T22:00:48.423+0000] {logging_mixin.py:151} INFO - [2023-11-16T22:00:48.423+0000] {dag.py:2941} INFO - Sync 1 DAGs
[2023-11-16T22:00:48.470+0000] {logging_mixin.py:151} INFO - [2023-11-16T22:00:48.469+0000] {dag.py:3722} INFO - Setting next_dagrun for data_github_to_gcs_dag to 2023-11-16T00:00:00+00:00, run_after=2023-11-17T00:00:00+00:00
[2023-11-16T22:00:48.508+0000] {processor.py:179} INFO - Processing /opt/airflow/dags/data_github_to_gcp.py took 0.196 seconds
[2023-11-16T22:01:18.698+0000] {processor.py:157} INFO - Started process (PID=15098) to work on /opt/airflow/dags/data_github_to_gcp.py
[2023-11-16T22:01:18.700+0000] {processor.py:829} INFO - Processing file /opt/airflow/dags/data_github_to_gcp.py for tasks to queue
[2023-11-16T22:01:18.702+0000] {logging_mixin.py:151} INFO - [2023-11-16T22:01:18.702+0000] {dagbag.py:536} INFO - Filling up the DagBag from /opt/airflow/dags/data_github_to_gcp.py
[2023-11-16T22:01:18.754+0000] {processor.py:839} INFO - DAG(s) dict_keys(['data_github_to_gcs_dag']) retrieved from /opt/airflow/dags/data_github_to_gcp.py
[2023-11-16T22:01:18.790+0000] {logging_mixin.py:151} INFO - [2023-11-16T22:01:18.790+0000] {dag.py:2941} INFO - Sync 1 DAGs
[2023-11-16T22:01:18.831+0000] {logging_mixin.py:151} INFO - [2023-11-16T22:01:18.830+0000] {dag.py:3722} INFO - Setting next_dagrun for data_github_to_gcs_dag to 2023-11-16T00:00:00+00:00, run_after=2023-11-17T00:00:00+00:00
[2023-11-16T22:01:18.868+0000] {processor.py:179} INFO - Processing /opt/airflow/dags/data_github_to_gcp.py took 0.174 seconds
[2023-11-16T22:01:49.193+0000] {processor.py:157} INFO - Started process (PID=15123) to work on /opt/airflow/dags/data_github_to_gcp.py
[2023-11-16T22:01:49.195+0000] {processor.py:829} INFO - Processing file /opt/airflow/dags/data_github_to_gcp.py for tasks to queue
[2023-11-16T22:01:49.198+0000] {logging_mixin.py:151} INFO - [2023-11-16T22:01:49.197+0000] {dagbag.py:536} INFO - Filling up the DagBag from /opt/airflow/dags/data_github_to_gcp.py
[2023-11-16T22:01:49.250+0000] {processor.py:839} INFO - DAG(s) dict_keys(['data_github_to_gcs_dag']) retrieved from /opt/airflow/dags/data_github_to_gcp.py
[2023-11-16T22:01:49.298+0000] {logging_mixin.py:151} INFO - [2023-11-16T22:01:49.297+0000] {dag.py:2941} INFO - Sync 1 DAGs
[2023-11-16T22:01:49.343+0000] {logging_mixin.py:151} INFO - [2023-11-16T22:01:49.343+0000] {dag.py:3722} INFO - Setting next_dagrun for data_github_to_gcs_dag to 2023-11-16T00:00:00+00:00, run_after=2023-11-17T00:00:00+00:00
[2023-11-16T22:01:49.385+0000] {processor.py:179} INFO - Processing /opt/airflow/dags/data_github_to_gcp.py took 0.197 seconds
[2023-11-16T22:02:19.576+0000] {processor.py:157} INFO - Started process (PID=15141) to work on /opt/airflow/dags/data_github_to_gcp.py
[2023-11-16T22:02:19.578+0000] {processor.py:829} INFO - Processing file /opt/airflow/dags/data_github_to_gcp.py for tasks to queue
[2023-11-16T22:02:19.580+0000] {logging_mixin.py:151} INFO - [2023-11-16T22:02:19.580+0000] {dagbag.py:536} INFO - Filling up the DagBag from /opt/airflow/dags/data_github_to_gcp.py
[2023-11-16T22:02:19.637+0000] {processor.py:839} INFO - DAG(s) dict_keys(['data_github_to_gcs_dag']) retrieved from /opt/airflow/dags/data_github_to_gcp.py
[2023-11-16T22:02:19.686+0000] {logging_mixin.py:151} INFO - [2023-11-16T22:02:19.686+0000] {dag.py:2941} INFO - Sync 1 DAGs
[2023-11-16T22:02:19.732+0000] {logging_mixin.py:151} INFO - [2023-11-16T22:02:19.732+0000] {dag.py:3722} INFO - Setting next_dagrun for data_github_to_gcs_dag to 2023-11-16T00:00:00+00:00, run_after=2023-11-17T00:00:00+00:00
[2023-11-16T22:02:19.771+0000] {processor.py:179} INFO - Processing /opt/airflow/dags/data_github_to_gcp.py took 0.202 seconds
[2023-11-16T22:02:50.032+0000] {processor.py:157} INFO - Started process (PID=15167) to work on /opt/airflow/dags/data_github_to_gcp.py
[2023-11-16T22:02:50.034+0000] {processor.py:829} INFO - Processing file /opt/airflow/dags/data_github_to_gcp.py for tasks to queue
[2023-11-16T22:02:50.036+0000] {logging_mixin.py:151} INFO - [2023-11-16T22:02:50.036+0000] {dagbag.py:536} INFO - Filling up the DagBag from /opt/airflow/dags/data_github_to_gcp.py
[2023-11-16T22:02:50.079+0000] {processor.py:839} INFO - DAG(s) dict_keys(['data_github_to_gcs_dag']) retrieved from /opt/airflow/dags/data_github_to_gcp.py
[2023-11-16T22:02:50.112+0000] {logging_mixin.py:151} INFO - [2023-11-16T22:02:50.111+0000] {dag.py:2941} INFO - Sync 1 DAGs
[2023-11-16T22:02:50.145+0000] {logging_mixin.py:151} INFO - [2023-11-16T22:02:50.145+0000] {dag.py:3722} INFO - Setting next_dagrun for data_github_to_gcs_dag to 2023-11-16T00:00:00+00:00, run_after=2023-11-17T00:00:00+00:00
[2023-11-16T22:02:50.181+0000] {processor.py:179} INFO - Processing /opt/airflow/dags/data_github_to_gcp.py took 0.153 seconds
[2023-11-16T22:03:20.409+0000] {processor.py:157} INFO - Started process (PID=15185) to work on /opt/airflow/dags/data_github_to_gcp.py
[2023-11-16T22:03:20.411+0000] {processor.py:829} INFO - Processing file /opt/airflow/dags/data_github_to_gcp.py for tasks to queue
[2023-11-16T22:03:20.413+0000] {logging_mixin.py:151} INFO - [2023-11-16T22:03:20.412+0000] {dagbag.py:536} INFO - Filling up the DagBag from /opt/airflow/dags/data_github_to_gcp.py
[2023-11-16T22:03:20.470+0000] {processor.py:839} INFO - DAG(s) dict_keys(['data_github_to_gcs_dag']) retrieved from /opt/airflow/dags/data_github_to_gcp.py
[2023-11-16T22:03:20.514+0000] {logging_mixin.py:151} INFO - [2023-11-16T22:03:20.514+0000] {dag.py:2941} INFO - Sync 1 DAGs
[2023-11-16T22:03:20.551+0000] {logging_mixin.py:151} INFO - [2023-11-16T22:03:20.550+0000] {dag.py:3722} INFO - Setting next_dagrun for data_github_to_gcs_dag to 2023-11-16T00:00:00+00:00, run_after=2023-11-17T00:00:00+00:00
[2023-11-16T22:03:20.591+0000] {processor.py:179} INFO - Processing /opt/airflow/dags/data_github_to_gcp.py took 0.187 seconds
[2023-11-16T22:03:50.847+0000] {processor.py:157} INFO - Started process (PID=15211) to work on /opt/airflow/dags/data_github_to_gcp.py
[2023-11-16T22:03:50.849+0000] {processor.py:829} INFO - Processing file /opt/airflow/dags/data_github_to_gcp.py for tasks to queue
[2023-11-16T22:03:50.850+0000] {logging_mixin.py:151} INFO - [2023-11-16T22:03:50.850+0000] {dagbag.py:536} INFO - Filling up the DagBag from /opt/airflow/dags/data_github_to_gcp.py
[2023-11-16T22:03:50.886+0000] {processor.py:839} INFO - DAG(s) dict_keys(['data_github_to_gcs_dag']) retrieved from /opt/airflow/dags/data_github_to_gcp.py
[2023-11-16T22:03:50.914+0000] {logging_mixin.py:151} INFO - [2023-11-16T22:03:50.914+0000] {dag.py:2941} INFO - Sync 1 DAGs
[2023-11-16T22:03:50.942+0000] {logging_mixin.py:151} INFO - [2023-11-16T22:03:50.942+0000] {dag.py:3722} INFO - Setting next_dagrun for data_github_to_gcs_dag to 2023-11-16T00:00:00+00:00, run_after=2023-11-17T00:00:00+00:00
[2023-11-16T22:03:50.968+0000] {processor.py:179} INFO - Processing /opt/airflow/dags/data_github_to_gcp.py took 0.123 seconds
[2023-11-16T22:04:21.361+0000] {processor.py:157} INFO - Started process (PID=15229) to work on /opt/airflow/dags/data_github_to_gcp.py
[2023-11-16T22:04:21.364+0000] {processor.py:829} INFO - Processing file /opt/airflow/dags/data_github_to_gcp.py for tasks to queue
[2023-11-16T22:04:21.366+0000] {logging_mixin.py:151} INFO - [2023-11-16T22:04:21.365+0000] {dagbag.py:536} INFO - Filling up the DagBag from /opt/airflow/dags/data_github_to_gcp.py
[2023-11-16T22:04:21.426+0000] {processor.py:839} INFO - DAG(s) dict_keys(['data_github_to_gcs_dag']) retrieved from /opt/airflow/dags/data_github_to_gcp.py
[2023-11-16T22:04:21.471+0000] {logging_mixin.py:151} INFO - [2023-11-16T22:04:21.470+0000] {dag.py:2941} INFO - Sync 1 DAGs
[2023-11-16T22:04:21.511+0000] {logging_mixin.py:151} INFO - [2023-11-16T22:04:21.510+0000] {dag.py:3722} INFO - Setting next_dagrun for data_github_to_gcs_dag to 2023-11-16T00:00:00+00:00, run_after=2023-11-17T00:00:00+00:00
[2023-11-16T22:04:21.551+0000] {processor.py:179} INFO - Processing /opt/airflow/dags/data_github_to_gcp.py took 0.194 seconds
[2023-11-16T22:04:51.726+0000] {processor.py:157} INFO - Started process (PID=15247) to work on /opt/airflow/dags/data_github_to_gcp.py
[2023-11-16T22:04:51.728+0000] {processor.py:829} INFO - Processing file /opt/airflow/dags/data_github_to_gcp.py for tasks to queue
[2023-11-16T22:04:51.730+0000] {logging_mixin.py:151} INFO - [2023-11-16T22:04:51.729+0000] {dagbag.py:536} INFO - Filling up the DagBag from /opt/airflow/dags/data_github_to_gcp.py
[2023-11-16T22:04:51.773+0000] {processor.py:839} INFO - DAG(s) dict_keys(['data_github_to_gcs_dag']) retrieved from /opt/airflow/dags/data_github_to_gcp.py
[2023-11-16T22:04:51.805+0000] {logging_mixin.py:151} INFO - [2023-11-16T22:04:51.805+0000] {dag.py:2941} INFO - Sync 1 DAGs
[2023-11-16T22:04:51.844+0000] {logging_mixin.py:151} INFO - [2023-11-16T22:04:51.844+0000] {dag.py:3722} INFO - Setting next_dagrun for data_github_to_gcs_dag to 2023-11-16T00:00:00+00:00, run_after=2023-11-17T00:00:00+00:00
[2023-11-16T22:04:51.877+0000] {processor.py:179} INFO - Processing /opt/airflow/dags/data_github_to_gcp.py took 0.155 seconds
[2023-11-16T22:05:22.277+0000] {processor.py:157} INFO - Started process (PID=15273) to work on /opt/airflow/dags/data_github_to_gcp.py
[2023-11-16T22:05:22.279+0000] {processor.py:829} INFO - Processing file /opt/airflow/dags/data_github_to_gcp.py for tasks to queue
[2023-11-16T22:05:22.280+0000] {logging_mixin.py:151} INFO - [2023-11-16T22:05:22.279+0000] {dagbag.py:536} INFO - Filling up the DagBag from /opt/airflow/dags/data_github_to_gcp.py
[2023-11-16T22:05:22.315+0000] {processor.py:839} INFO - DAG(s) dict_keys(['data_github_to_gcs_dag']) retrieved from /opt/airflow/dags/data_github_to_gcp.py
[2023-11-16T22:05:22.340+0000] {logging_mixin.py:151} INFO - [2023-11-16T22:05:22.340+0000] {dag.py:2941} INFO - Sync 1 DAGs
[2023-11-16T22:05:22.365+0000] {logging_mixin.py:151} INFO - [2023-11-16T22:05:22.365+0000] {dag.py:3722} INFO - Setting next_dagrun for data_github_to_gcs_dag to 2023-11-16T00:00:00+00:00, run_after=2023-11-17T00:00:00+00:00
[2023-11-16T22:05:22.391+0000] {processor.py:179} INFO - Processing /opt/airflow/dags/data_github_to_gcp.py took 0.118 seconds
