[2023-11-16T07:10:09.691+0000] {logging_mixin.py:151} INFO - Changing /opt/***/logs/dag_id=data_ingestion_gcs_dag/run_id=scheduled__2023-11-15T00:00:00+00:00/task_id=download_dataset_task permission to 509
[2023-11-16T07:10:09.730+0000] {logging_mixin.py:151} INFO - Changing /opt/***/logs/dag_id=data_ingestion_gcs_dag/run_id=scheduled__2023-11-15T00:00:00+00:00/task_id=download_dataset_task permission to 509
[2023-11-16T07:10:09.758+0000] {taskinstance.py:1159} INFO - Dependencies all met for dep_context=non-requeueable deps ti=<TaskInstance: data_ingestion_gcs_dag.download_dataset_task scheduled__2023-11-15T00:00:00+00:00 [queued]>
[2023-11-16T07:10:09.770+0000] {taskinstance.py:1159} INFO - Dependencies all met for dep_context=requeueable deps ti=<TaskInstance: data_ingestion_gcs_dag.download_dataset_task scheduled__2023-11-15T00:00:00+00:00 [queued]>
[2023-11-16T07:10:09.771+0000] {taskinstance.py:1361} INFO - Starting attempt 1 of 2
[2023-11-16T07:10:09.787+0000] {taskinstance.py:1382} INFO - Executing <Task(BashOperator): download_dataset_task> on 2023-11-15 00:00:00+00:00
[2023-11-16T07:10:09.796+0000] {standard_task_runner.py:57} INFO - Started process 12600 to run task
[2023-11-16T07:10:09.799+0000] {standard_task_runner.py:84} INFO - Running: ['***', 'tasks', 'run', 'data_ingestion_gcs_dag', 'download_dataset_task', 'scheduled__2023-11-15T00:00:00+00:00', '--job-id', '110', '--raw', '--subdir', 'DAGS_FOLDER/data_ingestion_gcs_dag.py', '--cfg-path', '/tmp/tmp8mefolt7']
[2023-11-16T07:10:09.801+0000] {standard_task_runner.py:85} INFO - Job 110: Subtask download_dataset_task
[2023-11-16T07:10:09.818+0000] {warnings.py:109} WARNING - /home/***/.local/lib/python3.8/site-packages/***/settings.py:193: DeprecationWarning: The sql_alchemy_conn option in [core] has been moved to the sql_alchemy_conn option in [database] - the old setting has been used, but please update your config.
  SQL_ALCHEMY_CONN = conf.get("database", "SQL_ALCHEMY_CONN")

[2023-11-16T07:10:09.863+0000] {logging_mixin.py:151} INFO - Changing /opt/***/logs/dag_id=data_ingestion_gcs_dag/run_id=scheduled__2023-11-15T00:00:00+00:00/task_id=download_dataset_task permission to 509
[2023-11-16T07:10:09.868+0000] {task_command.py:416} INFO - Running <TaskInstance: data_ingestion_gcs_dag.download_dataset_task scheduled__2023-11-15T00:00:00+00:00 [running]> on host 2952db3161f1
[2023-11-16T07:10:09.978+0000] {taskinstance.py:1662} INFO - Exporting env vars: AIRFLOW_CTX_DAG_OWNER='***' AIRFLOW_CTX_DAG_ID='data_ingestion_gcs_dag' AIRFLOW_CTX_TASK_ID='download_dataset_task' AIRFLOW_CTX_EXECUTION_DATE='2023-11-15T00:00:00+00:00' AIRFLOW_CTX_TRY_NUMBER='1' AIRFLOW_CTX_DAG_RUN_ID='scheduled__2023-11-15T00:00:00+00:00'
[2023-11-16T07:10:09.980+0000] {subprocess.py:63} INFO - Tmp dir root location: /tmp
[2023-11-16T07:10:09.982+0000] {subprocess.py:75} INFO - Running command: ['/bin/bash', '-c', 'curl -sSL https://d37ci6vzurychx.cloudfront.net/trip-data/yellow_tripdata_2023-01.parquet > /opt/***/yellow_tripdata_2023-01.parquet']
[2023-11-16T07:10:10.009+0000] {subprocess.py:86} INFO - Output:
[2023-11-16T07:10:11.725+0000] {subprocess.py:97} INFO - Command exited with return code 0
[2023-11-16T07:10:11.753+0000] {taskinstance.py:1400} INFO - Marking task as SUCCESS. dag_id=data_ingestion_gcs_dag, task_id=download_dataset_task, execution_date=20231115T000000, start_date=20231116T071009, end_date=20231116T071011
[2023-11-16T07:10:11.781+0000] {local_task_job_runner.py:228} INFO - Task exited with return code 0
[2023-11-16T07:10:11.810+0000] {taskinstance.py:2778} INFO - 1 downstream tasks scheduled from follow-on schedule check
