[2023-11-15T11:09:20.034+0000] {logging_mixin.py:151} INFO - Changing /opt/***/logs/dag_id=data_ingestion_gcs_dag/run_id=manual__2023-11-15T11:08:53.973398+00:00/task_id=download_dataset_task permission to 509
[2023-11-15T11:09:20.070+0000] {logging_mixin.py:151} INFO - Changing /opt/***/logs/dag_id=data_ingestion_gcs_dag/run_id=manual__2023-11-15T11:08:53.973398+00:00/task_id=download_dataset_task permission to 509
[2023-11-15T11:09:20.107+0000] {taskinstance.py:1159} INFO - Dependencies all met for dep_context=non-requeueable deps ti=<TaskInstance: data_ingestion_gcs_dag.download_dataset_task manual__2023-11-15T11:08:53.973398+00:00 [queued]>
[2023-11-15T11:09:20.120+0000] {taskinstance.py:1159} INFO - Dependencies all met for dep_context=requeueable deps ti=<TaskInstance: data_ingestion_gcs_dag.download_dataset_task manual__2023-11-15T11:08:53.973398+00:00 [queued]>
[2023-11-15T11:09:20.121+0000] {taskinstance.py:1361} INFO - Starting attempt 1 of 2
[2023-11-15T11:09:20.139+0000] {taskinstance.py:1382} INFO - Executing <Task(BashOperator): download_dataset_task> on 2023-11-15 11:08:53.973398+00:00
[2023-11-15T11:09:20.148+0000] {standard_task_runner.py:57} INFO - Started process 1199 to run task
[2023-11-15T11:09:20.151+0000] {standard_task_runner.py:84} INFO - Running: ['***', 'tasks', 'run', 'data_ingestion_gcs_dag', 'download_dataset_task', 'manual__2023-11-15T11:08:53.973398+00:00', '--job-id', '60', '--raw', '--subdir', 'DAGS_FOLDER/data_ingestion_gcs_dag.py', '--cfg-path', '/tmp/tmpdhn5t506']
[2023-11-15T11:09:20.154+0000] {standard_task_runner.py:85} INFO - Job 60: Subtask download_dataset_task
[2023-11-15T11:09:20.169+0000] {warnings.py:109} WARNING - /home/***/.local/lib/python3.8/site-packages/***/settings.py:193: DeprecationWarning: The sql_alchemy_conn option in [core] has been moved to the sql_alchemy_conn option in [database] - the old setting has been used, but please update your config.
  SQL_ALCHEMY_CONN = conf.get("database", "SQL_ALCHEMY_CONN")

[2023-11-15T11:09:20.206+0000] {logging_mixin.py:151} INFO - Changing /opt/***/logs/dag_id=data_ingestion_gcs_dag/run_id=manual__2023-11-15T11:08:53.973398+00:00/task_id=download_dataset_task permission to 509
[2023-11-15T11:09:20.210+0000] {task_command.py:416} INFO - Running <TaskInstance: data_ingestion_gcs_dag.download_dataset_task manual__2023-11-15T11:08:53.973398+00:00 [running]> on host 887a0754e690
[2023-11-15T11:09:20.305+0000] {taskinstance.py:1662} INFO - Exporting env vars: AIRFLOW_CTX_DAG_OWNER='***' AIRFLOW_CTX_DAG_ID='data_ingestion_gcs_dag' AIRFLOW_CTX_TASK_ID='download_dataset_task' AIRFLOW_CTX_EXECUTION_DATE='2023-11-15T11:08:53.973398+00:00' AIRFLOW_CTX_TRY_NUMBER='1' AIRFLOW_CTX_DAG_RUN_ID='manual__2023-11-15T11:08:53.973398+00:00'
[2023-11-15T11:09:20.307+0000] {subprocess.py:63} INFO - Tmp dir root location: /tmp
[2023-11-15T11:09:20.308+0000] {subprocess.py:75} INFO - Running command: ['/bin/bash', '-c', 'curl -sSL https://d37ci6vzurychx.cloudfront.net/trip-data/yellow_tripdata_2023-01.parquet > /opt/***/yellow_tripdata_2023-01.parquet']
[2023-11-15T11:09:20.323+0000] {subprocess.py:86} INFO - Output:
[2023-11-15T11:09:38.795+0000] {subprocess.py:97} INFO - Command exited with return code 0
[2023-11-15T11:09:38.908+0000] {taskinstance.py:1400} INFO - Marking task as SUCCESS. dag_id=data_ingestion_gcs_dag, task_id=download_dataset_task, execution_date=20231115T110853, start_date=20231115T110920, end_date=20231115T110938
[2023-11-15T11:09:38.937+0000] {local_task_job_runner.py:228} INFO - Task exited with return code 0
[2023-11-15T11:09:38.976+0000] {taskinstance.py:2778} INFO - 1 downstream tasks scheduled from follow-on schedule check
