[2023-11-15T15:02:18.115+0000] {logging_mixin.py:151} INFO - Changing /opt/***/logs/dag_id=data_github_to_gcs_dag/run_id=manual__2023-11-15T15:02:16.284480+00:00/task_id=download_dataset_task permission to 509
[2023-11-15T15:02:18.149+0000] {logging_mixin.py:151} INFO - Changing /opt/***/logs/dag_id=data_github_to_gcs_dag/run_id=manual__2023-11-15T15:02:16.284480+00:00/task_id=download_dataset_task permission to 509
[2023-11-15T15:02:18.179+0000] {taskinstance.py:1159} INFO - Dependencies all met for dep_context=non-requeueable deps ti=<TaskInstance: data_github_to_gcs_dag.download_dataset_task manual__2023-11-15T15:02:16.284480+00:00 [queued]>
[2023-11-15T15:02:18.192+0000] {taskinstance.py:1159} INFO - Dependencies all met for dep_context=requeueable deps ti=<TaskInstance: data_github_to_gcs_dag.download_dataset_task manual__2023-11-15T15:02:16.284480+00:00 [queued]>
[2023-11-15T15:02:18.193+0000] {taskinstance.py:1361} INFO - Starting attempt 1 of 2
[2023-11-15T15:02:18.210+0000] {taskinstance.py:1382} INFO - Executing <Task(BashOperator): download_dataset_task> on 2023-11-15 15:02:16.284480+00:00
[2023-11-15T15:02:18.217+0000] {standard_task_runner.py:57} INFO - Started process 3324 to run task
[2023-11-15T15:02:18.220+0000] {standard_task_runner.py:84} INFO - Running: ['***', 'tasks', 'run', 'data_github_to_gcs_dag', 'download_dataset_task', 'manual__2023-11-15T15:02:16.284480+00:00', '--job-id', '96', '--raw', '--subdir', 'DAGS_FOLDER/data_github_to_gcp.py', '--cfg-path', '/tmp/tmp1d2_92uq']
[2023-11-15T15:02:18.223+0000] {standard_task_runner.py:85} INFO - Job 96: Subtask download_dataset_task
[2023-11-15T15:02:18.235+0000] {warnings.py:109} WARNING - /home/***/.local/lib/python3.8/site-packages/***/settings.py:193: DeprecationWarning: The sql_alchemy_conn option in [core] has been moved to the sql_alchemy_conn option in [database] - the old setting has been used, but please update your config.
  SQL_ALCHEMY_CONN = conf.get("database", "SQL_ALCHEMY_CONN")

[2023-11-15T15:02:18.273+0000] {logging_mixin.py:151} INFO - Changing /opt/***/logs/dag_id=data_github_to_gcs_dag/run_id=manual__2023-11-15T15:02:16.284480+00:00/task_id=download_dataset_task permission to 509
[2023-11-15T15:02:18.277+0000] {task_command.py:416} INFO - Running <TaskInstance: data_github_to_gcs_dag.download_dataset_task manual__2023-11-15T15:02:16.284480+00:00 [running]> on host 2952db3161f1
[2023-11-15T15:02:18.363+0000] {taskinstance.py:1662} INFO - Exporting env vars: AIRFLOW_CTX_DAG_OWNER='***' AIRFLOW_CTX_DAG_ID='data_github_to_gcs_dag' AIRFLOW_CTX_TASK_ID='download_dataset_task' AIRFLOW_CTX_EXECUTION_DATE='2023-11-15T15:02:16.284480+00:00' AIRFLOW_CTX_TRY_NUMBER='1' AIRFLOW_CTX_DAG_RUN_ID='manual__2023-11-15T15:02:16.284480+00:00'
[2023-11-15T15:02:18.365+0000] {subprocess.py:63} INFO - Tmp dir root location: /tmp
[2023-11-15T15:02:18.366+0000] {subprocess.py:75} INFO - Running command: ['/bin/bash', '-c', 'curl -sSL https://github.com/Georgeshermann/getting_data/blob/main/movies.csv > /opt/***/movies.csv']
[2023-11-15T15:02:18.383+0000] {subprocess.py:86} INFO - Output:
[2023-11-15T15:02:18.805+0000] {subprocess.py:97} INFO - Command exited with return code 0
[2023-11-15T15:02:18.838+0000] {taskinstance.py:1400} INFO - Marking task as SUCCESS. dag_id=data_github_to_gcs_dag, task_id=download_dataset_task, execution_date=20231115T150216, start_date=20231115T150218, end_date=20231115T150218
[2023-11-15T15:02:18.875+0000] {local_task_job_runner.py:228} INFO - Task exited with return code 0
[2023-11-15T15:02:18.898+0000] {taskinstance.py:2778} INFO - 1 downstream tasks scheduled from follow-on schedule check
