[2023-11-04T15:23:35.020+0000] {logging_mixin.py:151} INFO - Changing /opt/***/logs/dag_id=data_ingestion_gcs_dag/run_id=manual__2023-11-04T15:18:24.180335+00:00/task_id=local_to_gcs_task permission to 509
[2023-11-04T15:23:35.047+0000] {logging_mixin.py:151} INFO - Changing /opt/***/logs/dag_id=data_ingestion_gcs_dag/run_id=manual__2023-11-04T15:18:24.180335+00:00/task_id=local_to_gcs_task permission to 509
[2023-11-04T15:23:35.076+0000] {taskinstance.py:1159} INFO - Dependencies all met for dep_context=non-requeueable deps ti=<TaskInstance: data_ingestion_gcs_dag.local_to_gcs_task manual__2023-11-04T15:18:24.180335+00:00 [queued]>
[2023-11-04T15:23:35.084+0000] {taskinstance.py:1159} INFO - Dependencies all met for dep_context=requeueable deps ti=<TaskInstance: data_ingestion_gcs_dag.local_to_gcs_task manual__2023-11-04T15:18:24.180335+00:00 [queued]>
[2023-11-04T15:23:35.085+0000] {taskinstance.py:1361} INFO - Starting attempt 2 of 2
[2023-11-04T15:23:35.099+0000] {taskinstance.py:1382} INFO - Executing <Task(PythonOperator): local_to_gcs_task> on 2023-11-04 15:18:24.180335+00:00
[2023-11-04T15:23:35.108+0000] {standard_task_runner.py:57} INFO - Started process 307 to run task
[2023-11-04T15:23:35.110+0000] {standard_task_runner.py:84} INFO - Running: ['***', 'tasks', 'run', 'data_ingestion_gcs_dag', 'local_to_gcs_task', 'manual__2023-11-04T15:18:24.180335+00:00', '--job-id', '33', '--raw', '--subdir', 'DAGS_FOLDER/data_ingestion_gcs_dag.py', '--cfg-path', '/tmp/tmp02idohzm']
[2023-11-04T15:23:35.113+0000] {standard_task_runner.py:85} INFO - Job 33: Subtask local_to_gcs_task
[2023-11-04T15:23:35.126+0000] {warnings.py:109} WARNING - /home/***/.local/lib/python3.8/site-packages/***/settings.py:193: DeprecationWarning: The sql_alchemy_conn option in [core] has been moved to the sql_alchemy_conn option in [database] - the old setting has been used, but please update your config.
  SQL_ALCHEMY_CONN = conf.get("database", "SQL_ALCHEMY_CONN")

[2023-11-04T15:23:35.156+0000] {logging_mixin.py:151} INFO - Changing /opt/***/logs/dag_id=data_ingestion_gcs_dag/run_id=manual__2023-11-04T15:18:24.180335+00:00/task_id=local_to_gcs_task permission to 509
[2023-11-04T15:23:35.160+0000] {task_command.py:416} INFO - Running <TaskInstance: data_ingestion_gcs_dag.local_to_gcs_task manual__2023-11-04T15:18:24.180335+00:00 [running]> on host 3c51c04faef9
[2023-11-04T15:23:35.227+0000] {taskinstance.py:1662} INFO - Exporting env vars: AIRFLOW_CTX_DAG_OWNER='***' AIRFLOW_CTX_DAG_ID='data_ingestion_gcs_dag' AIRFLOW_CTX_TASK_ID='local_to_gcs_task' AIRFLOW_CTX_EXECUTION_DATE='2023-11-04T15:18:24.180335+00:00' AIRFLOW_CTX_TRY_NUMBER='2' AIRFLOW_CTX_DAG_RUN_ID='manual__2023-11-04T15:18:24.180335+00:00'
[2023-11-04T15:23:35.229+0000] {taskinstance.py:1937} ERROR - Task failed with exception
Traceback (most recent call last):
  File "/home/airflow/.local/lib/python3.8/site-packages/airflow/operators/python.py", line 192, in execute
    return_value = self.execute_callable()
  File "/home/airflow/.local/lib/python3.8/site-packages/airflow/operators/python.py", line 209, in execute_callable
    return self.python_callable(*self.op_args, **self.op_kwargs)
  File "/opt/airflow/dags/data_ingestion_gcs_dag.py", line 29, in upload_to_gcs
    client = storage.Client()
  File "/home/airflow/.local/lib/python3.8/site-packages/google/cloud/storage/client.py", line 166, in __init__
    super(Client, self).__init__(
  File "/home/airflow/.local/lib/python3.8/site-packages/google/cloud/client/__init__.py", line 320, in __init__
    _ClientProjectMixin.__init__(self, project=project, credentials=credentials)
  File "/home/airflow/.local/lib/python3.8/site-packages/google/cloud/client/__init__.py", line 268, in __init__
    project = self._determine_default(project)
  File "/home/airflow/.local/lib/python3.8/site-packages/google/cloud/client/__init__.py", line 287, in _determine_default
    return _determine_default_project(project)
  File "/home/airflow/.local/lib/python3.8/site-packages/google/cloud/_helpers/__init__.py", line 152, in _determine_default_project
    _, project = google.auth.default()
  File "/home/airflow/.local/lib/python3.8/site-packages/google/auth/_default.py", line 657, in default
    credentials, project_id = checker()
  File "/home/airflow/.local/lib/python3.8/site-packages/google/auth/_default.py", line 650, in <lambda>
    lambda: _get_explicit_environ_credentials(quota_project_id=quota_project_id),
  File "/home/airflow/.local/lib/python3.8/site-packages/google/auth/_default.py", line 270, in _get_explicit_environ_credentials
    credentials, project_id = load_credentials_from_file(
  File "/home/airflow/.local/lib/python3.8/site-packages/google/auth/_default.py", line 114, in load_credentials_from_file
    raise exceptions.DefaultCredentialsError(
google.auth.exceptions.DefaultCredentialsError: File /opt/***/.google/credentials/google_credentials.json was not found.
[2023-11-04T15:23:35.246+0000] {taskinstance.py:1400} INFO - Marking task as FAILED. dag_id=data_ingestion_gcs_dag, task_id=local_to_gcs_task, execution_date=20231104T151824, start_date=20231104T152335, end_date=20231104T152335
[2023-11-04T15:23:35.258+0000] {standard_task_runner.py:104} ERROR - Failed to execute job 33 for task local_to_gcs_task (File /opt/***/.google/credentials/google_credentials.json was not found.; 307)
[2023-11-04T15:23:35.284+0000] {local_task_job_runner.py:228} INFO - Task exited with return code 1
[2023-11-04T15:23:35.304+0000] {taskinstance.py:2778} INFO - 0 downstream tasks scheduled from follow-on schedule check
