[2023-11-15T14:51:45.761+0000] {logging_mixin.py:151} INFO - Changing /opt/***/logs/dag_id=data_github_to_gcs_dag/run_id=manual__2023-11-15T14:46:41.219751+00:00/task_id=download_dataset_task permission to 509
[2023-11-15T14:51:45.790+0000] {logging_mixin.py:151} INFO - Changing /opt/***/logs/dag_id=data_github_to_gcs_dag/run_id=manual__2023-11-15T14:46:41.219751+00:00/task_id=download_dataset_task permission to 509
[2023-11-15T14:51:45.814+0000] {taskinstance.py:1159} INFO - Dependencies all met for dep_context=non-requeueable deps ti=<TaskInstance: data_github_to_gcs_dag.download_dataset_task manual__2023-11-15T14:46:41.219751+00:00 [queued]>
[2023-11-15T14:51:45.823+0000] {taskinstance.py:1159} INFO - Dependencies all met for dep_context=requeueable deps ti=<TaskInstance: data_github_to_gcs_dag.download_dataset_task manual__2023-11-15T14:46:41.219751+00:00 [queued]>
[2023-11-15T14:51:45.825+0000] {taskinstance.py:1361} INFO - Starting attempt 2 of 2
[2023-11-15T14:51:45.838+0000] {taskinstance.py:1382} INFO - Executing <Task(BashOperator): download_dataset_task> on 2023-11-15 14:46:41.219751+00:00
[2023-11-15T14:51:45.846+0000] {standard_task_runner.py:57} INFO - Started process 2881 to run task
[2023-11-15T14:51:45.848+0000] {standard_task_runner.py:84} INFO - Running: ['***', 'tasks', 'run', 'data_github_to_gcs_dag', 'download_dataset_task', 'manual__2023-11-15T14:46:41.219751+00:00', '--job-id', '88', '--raw', '--subdir', 'DAGS_FOLDER/data_github_to_gcp.py', '--cfg-path', '/tmp/tmp02n_qy7x']
[2023-11-15T14:51:45.850+0000] {standard_task_runner.py:85} INFO - Job 88: Subtask download_dataset_task
[2023-11-15T14:51:45.863+0000] {warnings.py:109} WARNING - /home/***/.local/lib/python3.8/site-packages/***/settings.py:193: DeprecationWarning: The sql_alchemy_conn option in [core] has been moved to the sql_alchemy_conn option in [database] - the old setting has been used, but please update your config.
  SQL_ALCHEMY_CONN = conf.get("database", "SQL_ALCHEMY_CONN")

[2023-11-15T14:51:45.892+0000] {logging_mixin.py:151} INFO - Changing /opt/***/logs/dag_id=data_github_to_gcs_dag/run_id=manual__2023-11-15T14:46:41.219751+00:00/task_id=download_dataset_task permission to 509
[2023-11-15T14:51:45.896+0000] {task_command.py:416} INFO - Running <TaskInstance: data_github_to_gcs_dag.download_dataset_task manual__2023-11-15T14:46:41.219751+00:00 [running]> on host 2952db3161f1
[2023-11-15T14:51:45.967+0000] {taskinstance.py:1662} INFO - Exporting env vars: AIRFLOW_CTX_DAG_OWNER='***' AIRFLOW_CTX_DAG_ID='data_github_to_gcs_dag' AIRFLOW_CTX_TASK_ID='download_dataset_task' AIRFLOW_CTX_EXECUTION_DATE='2023-11-15T14:46:41.219751+00:00' AIRFLOW_CTX_TRY_NUMBER='2' AIRFLOW_CTX_DAG_RUN_ID='manual__2023-11-15T14:46:41.219751+00:00'
[2023-11-15T14:51:45.969+0000] {subprocess.py:63} INFO - Tmp dir root location: /tmp
[2023-11-15T14:51:45.971+0000] {subprocess.py:75} INFO - Running command: ['/bin/bash', '-c', 'curl -sSL https://github.com/Georgeshermann/getting_data/blob/main/movies.csv > /opt/***/movies.csv']
[2023-11-15T14:51:45.985+0000] {subprocess.py:86} INFO - Output:
[2023-11-15T14:51:46.668+0000] {subprocess.py:97} INFO - Command exited with return code 0
[2023-11-15T14:51:46.706+0000] {taskinstance.py:1400} INFO - Marking task as SUCCESS. dag_id=data_github_to_gcs_dag, task_id=download_dataset_task, execution_date=20231115T144641, start_date=20231115T145145, end_date=20231115T145146
[2023-11-15T14:51:46.745+0000] {local_task_job_runner.py:228} INFO - Task exited with return code 0
[2023-11-15T14:51:46.786+0000] {taskinstance.py:2778} INFO - 1 downstream tasks scheduled from follow-on schedule check
