[2023-11-04T12:19:50.267+0000] {logging_mixin.py:151} INFO - Changing /opt/***/logs/dag_id=data_ingestion_gcs_dag/run_id=manual__2023-11-04T12:14:31.329014+00:00/task_id=download_dataset_task permission to 509
[2023-11-04T12:19:50.300+0000] {logging_mixin.py:151} INFO - Changing /opt/***/logs/dag_id=data_ingestion_gcs_dag/run_id=manual__2023-11-04T12:14:31.329014+00:00/task_id=download_dataset_task permission to 509
[2023-11-04T12:19:50.335+0000] {taskinstance.py:1159} INFO - Dependencies all met for dep_context=non-requeueable deps ti=<TaskInstance: data_ingestion_gcs_dag.download_dataset_task manual__2023-11-04T12:14:31.329014+00:00 [queued]>
[2023-11-04T12:19:50.349+0000] {taskinstance.py:1159} INFO - Dependencies all met for dep_context=requeueable deps ti=<TaskInstance: data_ingestion_gcs_dag.download_dataset_task manual__2023-11-04T12:14:31.329014+00:00 [queued]>
[2023-11-04T12:19:50.350+0000] {taskinstance.py:1361} INFO - Starting attempt 1 of 2
[2023-11-04T12:19:50.370+0000] {taskinstance.py:1382} INFO - Executing <Task(BashOperator): download_dataset_task> on 2023-11-04 12:14:31.329014+00:00
[2023-11-04T12:19:50.381+0000] {standard_task_runner.py:57} INFO - Started process 456 to run task
[2023-11-04T12:19:50.385+0000] {standard_task_runner.py:84} INFO - Running: ['***', 'tasks', 'run', 'data_ingestion_gcs_dag', 'download_dataset_task', 'manual__2023-11-04T12:14:31.329014+00:00', '--job-id', '10', '--raw', '--subdir', 'DAGS_FOLDER/data_ingestion_gcs_dag.py', '--cfg-path', '/tmp/tmp2nbkt311']
[2023-11-04T12:19:50.389+0000] {standard_task_runner.py:85} INFO - Job 10: Subtask download_dataset_task
[2023-11-04T12:19:50.405+0000] {warnings.py:109} WARNING - /home/***/.local/lib/python3.8/site-packages/***/settings.py:193: DeprecationWarning: The sql_alchemy_conn option in [core] has been moved to the sql_alchemy_conn option in [database] - the old setting has been used, but please update your config.
  SQL_ALCHEMY_CONN = conf.get("database", "SQL_ALCHEMY_CONN")

[2023-11-04T12:19:50.449+0000] {logging_mixin.py:151} INFO - Changing /opt/***/logs/dag_id=data_ingestion_gcs_dag/run_id=manual__2023-11-04T12:14:31.329014+00:00/task_id=download_dataset_task permission to 509
[2023-11-04T12:19:50.453+0000] {task_command.py:416} INFO - Running <TaskInstance: data_ingestion_gcs_dag.download_dataset_task manual__2023-11-04T12:14:31.329014+00:00 [running]> on host 93500c80c0d6
[2023-11-04T12:19:50.545+0000] {taskinstance.py:1662} INFO - Exporting env vars: AIRFLOW_CTX_DAG_OWNER='***' AIRFLOW_CTX_DAG_ID='data_ingestion_gcs_dag' AIRFLOW_CTX_TASK_ID='download_dataset_task' AIRFLOW_CTX_EXECUTION_DATE='2023-11-04T12:14:31.329014+00:00' AIRFLOW_CTX_TRY_NUMBER='1' AIRFLOW_CTX_DAG_RUN_ID='manual__2023-11-04T12:14:31.329014+00:00'
[2023-11-04T12:19:50.547+0000] {subprocess.py:63} INFO - Tmp dir root location: /tmp
[2023-11-04T12:19:50.549+0000] {subprocess.py:75} INFO - Running command: ['/bin/bash', '-c', 'curl -sSL https://d37ci6vzurychx.cloudfront.net/trip-data/yellow_tripdata_2023-01.parquet > /opt/***/yellow_tripdata_2023-01.parquet']
[2023-11-04T12:19:50.568+0000] {subprocess.py:86} INFO - Output:
[2023-11-04T12:19:56.186+0000] {subprocess.py:97} INFO - Command exited with return code 0
[2023-11-04T12:19:56.223+0000] {taskinstance.py:1400} INFO - Marking task as SUCCESS. dag_id=data_ingestion_gcs_dag, task_id=download_dataset_task, execution_date=20231104T121431, start_date=20231104T121950, end_date=20231104T121956
[2023-11-04T12:19:56.262+0000] {local_task_job_runner.py:228} INFO - Task exited with return code 0
[2023-11-04T12:19:56.289+0000] {taskinstance.py:2778} INFO - 1 downstream tasks scheduled from follow-on schedule check
